<?xml version="1.0" encoding="UTF-8"?>
<coverage generated="1749286232961" clover="3.2.0">
  <project timestamp="1749286232961" name="All files">
    <metrics statements="1305" coveredstatements="1186" conditionals="746" coveredconditionals="606" methods="334" coveredmethods="299" elements="2385" coveredelements="2091" complexity="0" loc="1305" ncloc="1305" packages="36" files="77" classes="77"/>
    <package name="components">
      <metrics statements="0" coveredstatements="0" conditionals="0" coveredconditionals="0" methods="0" coveredmethods="0"/>
      <file name="index.ts" path="/Users/fanlu/Documents/GitHub/kimx/packages/x/components/index.ts">
        <metrics statements="0" coveredstatements="0" conditionals="0" coveredconditionals="0" methods="0" coveredmethods="0"/>
      </file>
    </package>
    <package name="components._util">
      <metrics statements="38" coveredstatements="32" conditionals="31" coveredconditionals="20" methods="12" coveredmethods="8"/>
      <file name="motion.ts" path="/Users/fanlu/Documents/GitHub/kimx/packages/x/components/_util/motion.ts">
        <metrics statements="8" coveredstatements="5" conditionals="5" coveredconditionals="1" methods="5" coveredmethods="3"/>
        <line num="6" count="33" type="stmt"/>
        <line num="7" count="33" type="stmt"/>
        <line num="8" count="0" type="stmt"/>
        <line num="9" count="0" type="stmt"/>
        <line num="11" count="33" type="cond" truecount="1" falsecount="1"/>
        <line num="12" count="33" type="stmt"/>
        <line num="13" count="0" type="cond" truecount="0" falsecount="2"/>
        <line num="15" count="33" type="cond" truecount="0" falsecount="1"/>
      </file>
      <file name="type.ts" path="/Users/fanlu/Documents/GitHub/kimx/packages/x/components/_util/type.ts">
        <metrics statements="0" coveredstatements="0" conditionals="0" coveredconditionals="0" methods="0" coveredmethods="0"/>
      </file>
      <file name="warning.ts" path="/Users/fanlu/Documents/GitHub/kimx/packages/x/components/_util/warning.ts">
        <metrics statements="30" coveredstatements="27" conditionals="26" coveredconditionals="19" methods="7" coveredmethods="5"/>
        <line num="7" count="23" type="stmt"/>
        <line num="10" count="138" type="stmt"/>
        <line num="11" count="138" type="stmt"/>
        <line num="16" count="23" type="stmt"/>
        <line num="17" count="23" type="cond" truecount="1" falsecount="1"/>
        <line num="18" count="23" type="stmt"/>
        <line num="19" count="4" type="stmt"/>
        <line num="22" count="4" type="cond" truecount="1" falsecount="1"/>
        <line num="23" count="4" type="stmt"/>
        <line num="51" count="23" type="stmt"/>
        <line num="59" count="23" type="cond" truecount="1" falsecount="1"/>
        <line num="61" count="3" type="stmt"/>
        <line num="63" count="3" type="stmt"/>
        <line num="64" count="6" type="cond" truecount="1" falsecount="1"/>
        <line num="65" count="6" type="cond" truecount="4" falsecount="0"/>
        <line num="66" count="2" type="stmt"/>
        <line num="68" count="2" type="cond" truecount="2" falsecount="0"/>
        <line num="69" count="1" type="stmt"/>
        <line num="72" count="2" type="cond" truecount="2" falsecount="0"/>
        <line num="74" count="2" type="cond" truecount="3" falsecount="1"/>
        <line num="75" count="1" type="cond" truecount="1" falsecount="1"/>
        <line num="79" count="2" type="cond" truecount="2" falsecount="0"/>
        <line num="81" count="1" type="stmt"/>
        <line num="87" count="4" type="stmt"/>
        <line num="92" count="3" type="stmt"/>
        <line num="93" count="4" type="stmt"/>
        <line num="102" count="3" type="stmt"/>
        <line num="105" count="0" type="stmt"/>
        <line num="107" count="0" type="stmt"/>
        <line num="109" count="0" type="stmt"/>
      </file>
    </package>
    <package name="components._util.hooks">
      <metrics statements="44" coveredstatements="26" conditionals="26" coveredconditionals="6" methods="14" coveredmethods="9"/>
      <file name="use-proxy-imperative-handle.ts" path="/Users/fanlu/Documents/GitHub/kimx/packages/x/components/_util/hooks/use-proxy-imperative-handle.ts">
        <metrics statements="7" coveredstatements="7" conditionals="2" coveredconditionals="2" methods="3" coveredmethods="3"/>
        <line num="11" count="92" type="stmt"/>
        <line num="12" count="8" type="stmt"/>
        <line num="13" count="8" type="stmt"/>
        <line num="15" count="8" type="stmt"/>
        <line num="17" count="9" type="cond" truecount="2" falsecount="0"/>
        <line num="18" count="8" type="stmt"/>
        <line num="21" count="1" type="stmt"/>
      </file>
      <file name="use-shortcut-keys.ts" path="/Users/fanlu/Documents/GitHub/kimx/packages/x/components/_util/hooks/use-shortcut-keys.ts">
        <metrics statements="32" coveredstatements="14" conditionals="24" coveredconditionals="4" methods="9" coveredmethods="4"/>
        <line num="9" count="297" type="stmt"/>
        <line num="18" count="33" type="stmt"/>
        <line num="25" count="33" type="stmt"/>
        <line num="26" count="0" type="stmt"/>
        <line num="27" count="0" type="stmt"/>
        <line num="28" count="0" type="stmt"/>
        <line num="29" count="0" type="cond" truecount="0" falsecount="2"/>
        <line num="31" count="0" type="stmt"/>
        <line num="32" count="0" type="cond" truecount="0" falsecount="2"/>
        <line num="33" count="0" type="cond" truecount="0" falsecount="2"/>
        <line num="36" count="0" type="cond" truecount="0" falsecount="2"/>
        <line num="42" count="0" type="stmt"/>
        <line num="46" count="33" type="stmt"/>
        <line num="47" count="60" type="stmt"/>
        <line num="48" count="60" type="cond" truecount="2" falsecount="0"/>
        <line num="49" count="60" type="stmt"/>
        <line num="50" count="60" type="stmt"/>
        <line num="51" count="48" type="cond" truecount="2" falsecount="0"/>
        <line num="52" count="2" type="stmt"/>
        <line num="53" count="0" type="cond" truecount="0" falsecount="2"/>
        <line num="54" count="0" type="stmt"/>
        <line num="55" count="0" type="cond" truecount="0" falsecount="2"/>
        <line num="56" count="0" type="cond" truecount="0" falsecount="2"/>
        <line num="57" count="0" type="stmt"/>
        <line num="58" count="0" type="stmt"/>
        <line num="59" count="0" type="cond" truecount="0" falsecount="2"/>
        <line num="67" count="0" type="stmt"/>
        <line num="68" count="0" type="cond" truecount="0" falsecount="2"/>
        <line num="75" count="2" type="stmt"/>
        <line num="76" count="2" type="stmt"/>
        <line num="77" count="2" type="stmt"/>
        <line num="80" count="60" type="stmt"/>
      </file>
      <file name="use-x-component-config.ts" path="/Users/fanlu/Documents/GitHub/kimx/packages/x/components/_util/hooks/use-x-component-config.ts">
        <metrics statements="5" coveredstatements="5" conditionals="0" coveredconditionals="0" methods="2" coveredmethods="2"/>
        <line num="6" count="37" type="stmt"/>
        <line num="13" count="37" type="stmt"/>
        <line num="16" count="851" type="stmt"/>
        <line num="18" count="851" type="stmt"/>
        <line num="19" count="606" type="stmt"/>
      </file>
    </package>
    <package name="components.actions">
      <metrics statements="47" coveredstatements="45" conditionals="25" coveredconditionals="20" methods="9" coveredmethods="9"/>
      <file name="ActionMenu.tsx" path="/Users/fanlu/Documents/GitHub/kimx/packages/x/components/actions/ActionMenu.tsx">
        <metrics statements="20" coveredstatements="19" conditionals="12" coveredconditionals="9" methods="3" coveredmethods="3"/>
        <line num="8" count="34" type="stmt"/>
        <line num="9" count="10" type="stmt"/>
        <line num="11" count="10" type="stmt"/>
        <line num="12" count="17" type="cond" truecount="2" falsecount="0"/>
        <line num="14" count="7" type="cond" truecount="2" falsecount="0"/>
        <line num="17" count="2" type="cond" truecount="1" falsecount="1"/>
        <line num="18" count="2" type="stmt"/>
        <line num="23" count="3" type="stmt"/>
        <line num="26" count="34" type="stmt"/>
        <line num="27" count="8" type="stmt"/>
        <line num="28" count="8" type="cond" truecount="1" falsecount="1"/>
        <line num="29" count="8" type="stmt"/>
        <line num="30" count="8" type="stmt"/>
        <line num="31" count="8" type="cond" truecount="2" falsecount="0"/>
        <line num="33" count="8" type="stmt"/>
        <line num="36" count="1" type="cond" truecount="1" falsecount="1"/>
        <line num="37" count="1" type="stmt"/>
        <line num="38" count="1" type="stmt"/>
        <line num="40" count="0" type="stmt"/>
        <line num="49" count="8" type="stmt"/>
      </file>
      <file name="index.tsx" path="/Users/fanlu/Documents/GitHub/kimx/packages/x/components/actions/index.tsx">
        <metrics statements="27" coveredstatements="26" conditionals="13" coveredconditionals="11" methods="6" coveredmethods="6"/>
        <line num="56" count="34" type="stmt"/>
        <line num="66" count="16" type="stmt"/>
        <line num="69" count="16" type="stmt"/>
        <line num="70" count="16" type="stmt"/>
        <line num="73" count="16" type="stmt"/>
        <line num="76" count="16" type="stmt"/>
        <line num="78" count="16" type="stmt"/>
        <line num="86" count="16" type="stmt"/>
        <line num="91" count="16" type="stmt"/>
        <line num="92" count="29" type="cond" truecount="1" falsecount="1"/>
        <line num="93" count="29" type="stmt"/>
        <line num="99" count="0" type="stmt"/>
        <line num="102" count="16" type="stmt"/>
        <line num="107" count="2" type="cond" truecount="2" falsecount="0"/>
        <line num="108" count="1" type="stmt"/>
        <line num="109" count="1" type="stmt"/>
        <line num="111" count="1" type="stmt"/>
        <line num="119" count="16" type="stmt"/>
        <line num="120" count="29" type="stmt"/>
        <line num="122" count="29" type="stmt"/>
        <line num="125" count="2" type="stmt"/>
        <line num="133" count="16" type="stmt"/>
        <line num="137" count="37" type="cond" truecount="2" falsecount="0"/>
        <line num="138" count="8" type="stmt"/>
        <line num="142" count="29" type="stmt"/>
        <line num="149" count="34" type="cond" truecount="1" falsecount="1"/>
        <line num="150" count="34" type="stmt"/>
      </file>
    </package>
    <package name="components.actions.style">
      <metrics statements="6" coveredstatements="6" conditionals="0" coveredconditionals="0" methods="3" coveredmethods="3"/>
      <file name="index.ts" path="/Users/fanlu/Documents/GitHub/kimx/packages/x/components/actions/style/index.ts">
        <metrics statements="6" coveredstatements="6" conditionals="0" coveredconditionals="0" methods="3" coveredmethods="3"/>
        <line num="10" count="34" type="stmt"/>
        <line num="11" count="12" type="stmt"/>
        <line num="13" count="12" type="stmt"/>
        <line num="73" count="34" type="stmt"/>
        <line num="78" count="12" type="stmt"/>
        <line num="79" count="12" type="stmt"/>
      </file>
    </package>
    <package name="components.attachments">
      <metrics statements="130" coveredstatements="93" conditionals="61" coveredconditionals="39" methods="29" coveredmethods="24"/>
      <file name="DropArea.tsx" path="/Users/fanlu/Documents/GitHub/kimx/packages/x/components/attachments/DropArea.tsx">
        <metrics statements="34" coveredstatements="34" conditionals="13" coveredconditionals="12" methods="8" coveredmethods="8"/>
        <line num="14" count="82" type="stmt"/>
        <line num="15" count="82" type="stmt"/>
        <line num="17" count="82" type="stmt"/>
        <line num="18" count="82" type="stmt"/>
        <line num="21" count="82" type="stmt"/>
        <line num="22" count="34" type="stmt"/>
        <line num="23" count="34" type="cond" truecount="2" falsecount="0"/>
        <line num="24" count="28" type="stmt"/>
        <line num="29" count="82" type="stmt"/>
        <line num="31" count="44" type="cond" truecount="2" falsecount="0"/>
        <line num="32" count="14" type="stmt"/>
        <line num="33" count="3" type="stmt"/>
        <line num="37" count="14" type="stmt"/>
        <line num="38" count="2" type="stmt"/>
        <line num="41" count="14" type="stmt"/>
        <line num="42" count="1" type="cond" truecount="1" falsecount="1"/>
        <line num="43" count="1" type="stmt"/>
        <line num="46" count="14" type="stmt"/>
        <line num="47" count="1" type="stmt"/>
        <line num="48" count="1" type="stmt"/>
        <line num="51" count="14" type="stmt"/>
        <line num="52" count="14" type="stmt"/>
        <line num="53" count="14" type="stmt"/>
        <line num="54" count="14" type="stmt"/>
        <line num="55" count="14" type="stmt"/>
        <line num="56" count="14" type="stmt"/>
        <line num="57" count="14" type="stmt"/>
        <line num="58" count="14" type="stmt"/>
        <line num="59" count="14" type="stmt"/>
        <line num="65" count="82" type="cond" truecount="3" falsecount="0"/>
        <line num="68" count="82" type="cond" truecount="2" falsecount="0"/>
        <line num="69" count="36" type="stmt"/>
        <line num="72" count="46" type="stmt"/>
        <line num="74" count="46" type="stmt"/>
      </file>
      <file name="PlaceholderUploader.tsx" path="/Users/fanlu/Documents/GitHub/kimx/packages/x/components/attachments/PlaceholderUploader.tsx">
        <metrics statements="14" coveredstatements="14" conditionals="7" coveredconditionals="5" methods="4" coveredmethods="4"/>
        <line num="23" count="77" type="cond" truecount="1" falsecount="0"/>
        <line num="25" count="77" type="stmt"/>
        <line num="27" count="77" type="cond" truecount="1" falsecount="1"/>
        <line num="29" count="77" type="stmt"/>
        <line num="32" count="77" type="stmt"/>
        <line num="34" count="77" type="stmt"/>
        <line num="35" count="1" type="stmt"/>
        <line num="38" count="77" type="stmt"/>
        <line num="40" count="1" type="cond" truecount="1" falsecount="1"/>
        <line num="41" count="1" type="stmt"/>
        <line num="45" count="77" type="stmt"/>
        <line num="46" count="1" type="stmt"/>
        <line num="50" count="77" type="cond" truecount="2" falsecount="0"/>
        <line num="66" count="77" type="stmt"/>
      </file>
      <file name="SilentUploader.tsx" path="/Users/fanlu/Documents/GitHub/kimx/packages/x/components/attachments/SilentUploader.tsx">
        <metrics statements="4" coveredstatements="4" conditionals="0" coveredconditionals="0" methods="2" coveredmethods="2"/>
        <line num="14" count="68" type="stmt"/>
        <line num="16" count="68" type="stmt"/>
        <line num="17" count="68" type="stmt"/>
        <line num="20" count="68" type="stmt"/>
      </file>
      <file name="context.tsx" path="/Users/fanlu/Documents/GitHub/kimx/packages/x/components/attachments/context.tsx">
        <metrics statements="1" coveredstatements="1" conditionals="0" coveredconditionals="0" methods="0" coveredmethods="0"/>
        <line num="7" count="34" type="stmt"/>
      </file>
      <file name="index.tsx" path="/Users/fanlu/Documents/GitHub/kimx/packages/x/components/attachments/index.tsx">
        <metrics statements="40" coveredstatements="34" conditionals="22" coveredconditionals="19" methods="9" coveredmethods="8"/>
        <line num="76" count="44" type="stmt"/>
        <line num="79" count="44" type="stmt"/>
        <line num="81" count="44" type="stmt"/>
        <line num="84" count="44" type="stmt"/>
        <line num="86" count="44" type="stmt"/>
        <line num="89" count="44" type="stmt"/>
        <line num="91" count="44" type="stmt"/>
        <line num="93" count="44" type="stmt"/>
        <line num="96" count="0" type="stmt"/>
        <line num="99" count="0" type="cond" truecount="0" falsecount="2"/>
        <line num="100" count="0" type="stmt"/>
        <line num="101" count="0" type="stmt"/>
        <line num="102" count="0" type="stmt"/>
        <line num="104" count="0" type="stmt"/>
        <line num="110" count="44" type="stmt"/>
        <line num="112" count="44" type="stmt"/>
        <line num="115" count="44" type="stmt"/>
        <line num="119" count="44" type="stmt"/>
        <line num="120" count="3" type="stmt"/>
        <line num="121" count="3" type="stmt"/>
        <line num="124" count="44" type="stmt"/>
        <line num="130" count="44" type="stmt"/>
        <line num="131" count="2" type="cond" truecount="2" falsecount="0"/>
        <line num="133" count="2" type="cond" truecount="2" falsecount="0"/>
        <line num="134" count="1" type="stmt"/>
        <line num="137" count="1" type="stmt"/>
        <line num="139" count="1" type="stmt"/>
        <line num="147" count="44" type="stmt"/>
        <line num="152" count="81" type="cond" truecount="2" falsecount="0"/>
        <line num="154" count="81" type="stmt"/>
        <line num="170" count="44" type="cond" truecount="2" falsecount="0"/>
        <line num="171" count="7" type="stmt"/>
        <line num="186" count="37" type="stmt"/>
        <line num="188" count="37" type="stmt"/>
        <line num="227" count="24" type="cond" truecount="2" falsecount="0"/>
        <line num="237" count="44" type="stmt"/>
        <line num="248" count="34" type="stmt"/>
        <line num="254" count="34" type="cond" truecount="1" falsecount="1"/>
        <line num="255" count="34" type="stmt"/>
        <line num="258" count="34" type="stmt"/>
      </file>
      <file name="util.ts" path="/Users/fanlu/Documents/GitHub/kimx/packages/x/components/attachments/util.ts">
        <metrics statements="37" coveredstatements="6" conditionals="19" coveredconditionals="3" methods="6" coveredmethods="2"/>
        <line num="3" count="34" type="stmt"/>
        <line num="5" count="34" type="stmt"/>
        <line num="8" count="4" type="stmt"/>
        <line num="9" count="4" type="cond" truecount="3" falsecount="2"/>
        <line num="10" count="4" type="stmt"/>
        <line num="11" count="4" type="stmt"/>
        <line num="14" count="0" type="stmt"/>
        <line num="15" count="0" type="stmt"/>
        <line num="16" count="0" type="stmt"/>
        <line num="18" count="0" type="stmt"/>
        <line num="19" count="0" type="cond" truecount="0" falsecount="2"/>
        <line num="20" count="0" type="cond" truecount="0" falsecount="2"/>
        <line num="22" count="0" type="stmt"/>
        <line num="23" count="0" type="stmt"/>
        <line num="24" count="0" type="stmt"/>
        <line num="25" count="0" type="stmt"/>
        <line num="26" count="0" type="stmt"/>
        <line num="27" count="0" type="stmt"/>
        <line num="29" count="0" type="stmt"/>
        <line num="30" count="0" type="stmt"/>
        <line num="31" count="0" type="stmt"/>
        <line num="32" count="0" type="stmt"/>
        <line num="33" count="0" type="stmt"/>
        <line num="35" count="0" type="stmt"/>
        <line num="36" count="0" type="cond" truecount="0" falsecount="2"/>
        <line num="37" count="0" type="stmt"/>
        <line num="38" count="0" type="stmt"/>
        <line num="39" count="0" type="cond" truecount="0" falsecount="4"/>
        <line num="40" count="0" type="stmt"/>
        <line num="43" count="0" type="stmt"/>
        <line num="44" count="0" type="cond" truecount="0" falsecount="2"/>
        <line num="45" count="0" type="stmt"/>
        <line num="46" count="0" type="stmt"/>
        <line num="47" count="0" type="cond" truecount="0" falsecount="2"/>
        <line num="48" count="0" type="stmt"/>
        <line num="51" count="0" type="stmt"/>
        <line num="53" count="0" type="stmt"/>
      </file>
    </package>
    <package name="components.attachments.FileList">
      <metrics statements="97" coveredstatements="86" conditionals="63" coveredconditionals="47" methods="26" coveredmethods="21"/>
      <file name="AudioIcon.tsx" path="/Users/fanlu/Documents/GitHub/kimx/packages/x/components/attachments/FileList/AudioIcon.tsx">
        <metrics statements="1" coveredstatements="1" conditionals="0" coveredconditionals="0" methods="1" coveredmethods="1"/>
        <line num="4" count="3" type="stmt"/>
      </file>
      <file name="FileListCard.tsx" path="/Users/fanlu/Documents/GitHub/kimx/packages/x/components/attachments/FileList/FileListCard.tsx">
        <metrics statements="56" coveredstatements="55" conditionals="49" coveredconditionals="38" methods="12" coveredmethods="12"/>
        <line num="33" count="34" type="stmt"/>
        <line num="35" count="34" type="stmt"/>
        <line num="37" count="34" type="stmt"/>
        <line num="43" count="34" type="stmt"/>
        <line num="92" count="1465" type="stmt"/>
        <line num="96" count="27" type="stmt"/>
        <line num="97" count="27" type="stmt"/>
        <line num="98" count="27" type="stmt"/>
        <line num="100" count="27" type="cond" truecount="2" falsecount="0"/>
        <line num="101" count="27" type="stmt"/>
        <line num="102" count="27" type="stmt"/>
        <line num="105" count="27" type="stmt"/>
        <line num="109" count="260" type="stmt"/>
        <line num="110" count="260" type="stmt"/>
        <line num="111" count="260" type="cond" truecount="2" falsecount="0"/>
        <line num="113" count="260" type="cond" truecount="1" falsecount="0"/>
        <line num="116" count="260" type="stmt"/>
        <line num="118" count="260" type="stmt"/>
        <line num="119" count="260" type="stmt"/>
        <line num="122" count="260" type="stmt"/>
        <line num="125" count="260" type="stmt"/>
        <line num="126" count="150" type="cond" truecount="2" falsecount="0"/>
        <line num="127" count="150" type="stmt"/>
        <line num="128" count="150" type="cond" truecount="2" falsecount="0"/>
        <line num="131" count="260" type="stmt"/>
        <line num="134" count="260" type="stmt"/>
        <line num="135" count="150" type="cond" truecount="2" falsecount="0"/>
        <line num="136" count="6" type="stmt"/>
        <line num="139" count="144" type="cond" truecount="2" falsecount="0"/>
        <line num="140" count="3" type="cond" truecount="1" falsecount="1"/>
        <line num="143" count="141" type="cond" truecount="1" falsecount="1"/>
        <line num="144" count="0" type="cond" truecount="0" falsecount="2"/>
        <line num="147" count="141" type="cond" truecount="2" falsecount="0"/>
        <line num="151" count="260" type="stmt"/>
        <line num="152" count="150" type="stmt"/>
        <line num="153" count="418" type="cond" truecount="2" falsecount="0"/>
        <line num="154" count="146" type="stmt"/>
        <line num="158" count="4" type="stmt"/>
        <line num="162" count="260" type="stmt"/>
        <line num="164" count="260" type="stmt"/>
        <line num="165" count="108" type="cond" truecount="2" falsecount="0"/>
        <line num="166" count="4" type="stmt"/>
        <line num="167" count="4" type="stmt"/>
        <line num="168" count="4" type="cond" truecount="2" falsecount="0"/>
        <line num="169" count="2" type="stmt"/>
        <line num="173" count="4" type="stmt"/>
        <line num="174" count="4" type="stmt"/>
        <line num="177" count="104" type="stmt"/>
        <line num="181" count="260" type="stmt"/>
        <line num="182" count="260" type="cond" truecount="3" falsecount="0"/>
        <line num="183" count="260" type="cond" truecount="3" falsecount="0"/>
        <line num="185" count="260" type="cond" truecount="2" falsecount="0"/>
        <line num="187" count="193" type="stmt"/>
        <line num="207" count="67" type="stmt"/>
        <line num="225" count="260" type="stmt"/>
        <line num="249" count="2" type="stmt"/>
      </file>
      <file name="Progress.tsx" path="/Users/fanlu/Documents/GitHub/kimx/packages/x/components/attachments/FileList/Progress.tsx">
        <metrics statements="4" coveredstatements="0" conditionals="2" coveredconditionals="0" methods="2" coveredmethods="0"/>
        <line num="10" count="0" type="stmt"/>
        <line num="11" count="0" type="stmt"/>
        <line num="13" count="0" type="stmt"/>
        <line num="20" count="0" type="cond" truecount="0" falsecount="2"/>
      </file>
      <file name="VideoIcon.tsx" path="/Users/fanlu/Documents/GitHub/kimx/packages/x/components/attachments/FileList/VideoIcon.tsx">
        <metrics statements="1" coveredstatements="1" conditionals="0" coveredconditionals="0" methods="1" coveredmethods="1"/>
        <line num="4" count="3" type="stmt"/>
      </file>
      <file name="index.tsx" path="/Users/fanlu/Documents/GitHub/kimx/packages/x/components/attachments/FileList/index.tsx">
        <metrics statements="35" coveredstatements="29" conditionals="12" coveredconditionals="9" methods="10" coveredmethods="7"/>
        <line num="26" count="34" type="stmt"/>
        <line num="40" count="61" type="stmt"/>
        <line num="42" count="61" type="stmt"/>
        <line num="44" count="61" type="stmt"/>
        <line num="46" count="61" type="stmt"/>
        <line num="48" count="61" type="stmt"/>
        <line num="50" count="61" type="stmt"/>
        <line num="51" count="24" type="stmt"/>
        <line num="52" count="24" type="stmt"/>
        <line num="53" count="24" type="stmt"/>
        <line num="58" count="61" type="stmt"/>
        <line num="59" count="61" type="stmt"/>
        <line num="61" count="61" type="stmt"/>
        <line num="62" count="27" type="stmt"/>
        <line num="64" count="27" type="cond" truecount="1" falsecount="1"/>
        <line num="65" count="0" type="stmt"/>
        <line num="68" count="27" type="cond" truecount="2" falsecount="0"/>
        <line num="69" count="2" type="stmt"/>
        <line num="70" count="2" type="stmt"/>
        <line num="74" count="25" type="cond" truecount="2" falsecount="0"/>
        <line num="75" count="2" type="stmt"/>
        <line num="76" count="2" type="stmt"/>
        <line num="80" count="61" type="stmt"/>
        <line num="81" count="27" type="stmt"/>
        <line num="84" count="61" type="stmt"/>
        <line num="85" count="0" type="stmt"/>
        <line num="87" count="0" type="cond" truecount="0" falsecount="2"/>
        <line num="88" count="0" type="stmt"/>
        <line num="95" count="61" type="stmt"/>
        <line num="96" count="0" type="stmt"/>
        <line num="99" count="61" type="stmt"/>
        <line num="100" count="0" type="stmt"/>
        <line num="104" count="61" type="stmt"/>
        <line num="120" count="194" type="stmt"/>
        <line num="131" count="232" type="stmt"/>
      </file>
    </package>
    <package name="components.attachments.style">
      <metrics statements="23" coveredstatements="23" conditionals="0" coveredconditionals="0" methods="6" coveredmethods="6"/>
      <file name="fileCard.ts" path="/Users/fanlu/Documents/GitHub/kimx/packages/x/components/attachments/style/fileCard.ts">
        <metrics statements="6" coveredstatements="6" conditionals="0" coveredconditionals="0" methods="2" coveredmethods="2"/>
        <line num="4" count="34" type="stmt"/>
        <line num="5" count="23" type="stmt"/>
        <line num="7" count="23" type="stmt"/>
        <line num="9" count="23" type="stmt"/>
        <line num="16" count="23" type="stmt"/>
        <line num="172" count="92" type="stmt"/>
      </file>
      <file name="index.ts" path="/Users/fanlu/Documents/GitHub/kimx/packages/x/components/attachments/style/index.ts">
        <metrics statements="17" coveredstatements="17" conditionals="0" coveredconditionals="0" methods="4" coveredmethods="4"/>
        <line num="14" count="34" type="stmt"/>
        <line num="20" count="34" type="stmt"/>
        <line num="21" count="23" type="stmt"/>
        <line num="23" count="23" type="stmt"/>
        <line num="24" count="23" type="stmt"/>
        <line num="26" count="23" type="stmt"/>
        <line num="94" count="34" type="stmt"/>
        <line num="95" count="23" type="stmt"/>
        <line num="97" count="23" type="stmt"/>
        <line num="99" count="23" type="stmt"/>
        <line num="106" count="23" type="stmt"/>
        <line num="256" count="34" type="stmt"/>
        <line num="257" count="23" type="stmt"/>
        <line num="258" count="23" type="stmt"/>
        <line num="260" count="23" type="stmt"/>
        <line num="268" count="23" type="stmt"/>
        <line num="269" count="23" type="stmt"/>
      </file>
    </package>
    <package name="components.bubble">
      <metrics statements="102" coveredstatements="102" conditionals="71" coveredconditionals="65" methods="24" coveredmethods="24"/>
      <file name="Bubble.tsx" path="/Users/fanlu/Documents/GitHub/kimx/packages/x/components/bubble/Bubble.tsx">
        <metrics statements="38" coveredstatements="38" conditionals="42" coveredconditionals="41" methods="7" coveredmethods="7"/>
        <line num="21" count="35" type="stmt"/>
        <line num="23" count="35" type="stmt"/>
        <line num="45" count="408" type="stmt"/>
        <line num="47" count="408" type="stmt"/>
        <line num="50" count="408" type="stmt"/>
        <line num="52" count="408" type="stmt"/>
        <line num="57" count="408" type="stmt"/>
        <line num="59" count="408" type="stmt"/>
        <line num="62" count="408" type="stmt"/>
        <line num="65" count="408" type="stmt"/>
        <line num="67" count="408" type="stmt"/>
        <line num="74" count="408" type="stmt"/>
        <line num="75" count="188" type="stmt"/>
        <line num="78" count="408" type="stmt"/>
        <line num="79" count="408" type="stmt"/>
        <line num="80" count="179" type="cond" truecount="4" falsecount="0"/>
        <line num="83" count="159" type="cond" truecount="2" falsecount="0"/>
        <line num="84" count="81" type="stmt"/>
        <line num="85" count="81" type="stmt"/>
        <line num="88" count="20" type="stmt"/>
        <line num="93" count="408" type="stmt"/>
        <line num="95" count="408" type="stmt"/>
        <line num="110" count="408" type="stmt"/>
        <line num="111" count="234" type="cond" truecount="2" falsecount="0"/>
        <line num="116" count="408" type="stmt"/>
        <line num="117" count="262" type="cond" truecount="2" falsecount="0"/>
        <line num="120" count="408" type="stmt"/>
        <line num="121" count="205" type="cond" truecount="2" falsecount="0"/>
        <line num="125" count="408" type="cond" truecount="2" falsecount="0"/>
        <line num="126" count="14" type="cond" truecount="2" falsecount="0"/>
        <line num="128" count="394" type="stmt"/>
        <line num="137" count="408" type="stmt"/>
        <line num="154" count="408" type="cond" truecount="4" falsecount="0"/>
        <line num="155" count="118" type="stmt"/>
        <line num="192" count="408" type="stmt"/>
        <line num="229" count="35" type="stmt"/>
        <line num="231" count="35" type="cond" truecount="1" falsecount="1"/>
        <line num="232" count="35" type="stmt"/>
      </file>
      <file name="BubbleList.tsx" path="/Users/fanlu/Documents/GitHub/kimx/packages/x/components/bubble/BubbleList.tsx">
        <metrics statements="61" coveredstatements="61" conditionals="29" coveredconditionals="24" methods="16" coveredmethods="16"/>
        <line num="48" count="35" type="stmt"/>
        <line num="49" count="145" type="stmt"/>
        <line num="53" count="184" type="cond" truecount="2" falsecount="0"/>
        <line num="54" count="92" type="stmt"/>
        <line num="56" count="92" type="stmt"/>
        <line num="62" count="35" type="stmt"/>
        <line num="64" count="35" type="stmt"/>
        <line num="66" count="35" type="stmt"/>
        <line num="75" count="64" type="stmt"/>
        <line num="76" count="64" type="stmt"/>
        <line num="82" count="64" type="stmt"/>
        <line num="84" count="64" type="stmt"/>
        <line num="87" count="64" type="stmt"/>
        <line num="89" count="64" type="stmt"/>
        <line num="90" count="64" type="stmt"/>
        <line num="92" count="64" type="stmt"/>
        <line num="95" count="64" type="stmt"/>
        <line num="97" count="64" type="stmt"/>
        <line num="98" count="22" type="stmt"/>
        <line num="99" count="22" type="stmt"/>
        <line num="100" count="22" type="stmt"/>
        <line num="105" count="64" type="stmt"/>
        <line num="109" count="64" type="stmt"/>
        <line num="111" count="64" type="stmt"/>
        <line num="113" count="64" type="stmt"/>
        <line num="114" count="2" type="stmt"/>
        <line num="116" count="2" type="stmt"/>
        <line num="121" count="64" type="stmt"/>
        <line num="122" count="33" type="cond" truecount="4" falsecount="1"/>
        <line num="123" count="33" type="stmt"/>
        <line num="130" count="64" type="stmt"/>
        <line num="131" count="23" type="cond" truecount="1" falsecount="1"/>
        <line num="133" count="23" type="stmt"/>
        <line num="134" count="23" type="stmt"/>
        <line num="137" count="23" type="cond" truecount="2" falsecount="0"/>
        <line num="138" count="13" type="stmt"/>
        <line num="139" count="13" type="stmt"/>
        <line num="140" count="13" type="stmt"/>
        <line num="142" count="13" type="cond" truecount="2" falsecount="0"/>
        <line num="143" count="13" type="cond" truecount="2" falsecount="0"/>
        <line num="144" count="6" type="stmt"/>
        <line num="145" count="3" type="stmt"/>
        <line num="152" count="64" type="stmt"/>
        <line num="155" count="3" type="cond" truecount="2" falsecount="0"/>
        <line num="157" count="1" type="stmt"/>
        <line num="161" count="2" type="cond" truecount="1" falsecount="1"/>
        <line num="163" count="2" type="stmt"/>
        <line num="165" count="2" type="cond" truecount="2" falsecount="0"/>
        <line num="167" count="1" type="stmt"/>
        <line num="168" count="1" type="stmt"/>
        <line num="171" count="1" type="stmt"/>
        <line num="182" count="64" type="stmt"/>
        <line num="183" count="62" type="cond" truecount="1" falsecount="1"/>
        <line num="184" count="124" type="stmt"/>
        <line num="188" count="64" type="stmt"/>
        <line num="189" count="32" type="stmt"/>
        <line num="196" count="64" type="stmt"/>
        <line num="207" count="171" type="stmt"/>
        <line num="220" count="35" type="stmt"/>
        <line num="222" count="35" type="cond" truecount="1" falsecount="1"/>
        <line num="223" count="35" type="stmt"/>
      </file>
      <file name="index.tsx" path="/Users/fanlu/Documents/GitHub/kimx/packages/x/components/bubble/index.tsx">
        <metrics statements="1" coveredstatements="1" conditionals="0" coveredconditionals="0" methods="0" coveredmethods="0"/>
        <line num="10" count="35" type="stmt"/>
      </file>
      <file name="loading.tsx" path="/Users/fanlu/Documents/GitHub/kimx/packages/x/components/bubble/loading.tsx">
        <metrics statements="2" coveredstatements="2" conditionals="0" coveredconditionals="0" methods="1" coveredmethods="1"/>
        <line num="7" count="35" type="stmt"/>
        <line num="8" count="9" type="stmt"/>
      </file>
    </package>
    <package name="components.bubble.hooks">
      <metrics statements="36" coveredstatements="36" conditionals="33" coveredconditionals="33" methods="13" coveredmethods="13"/>
      <file name="useListData.ts" path="/Users/fanlu/Documents/GitHub/kimx/packages/x/components/bubble/hooks/useListData.ts">
        <metrics statements="10" coveredstatements="10" conditionals="10" coveredconditionals="10" methods="4" coveredmethods="4"/>
        <line num="11" count="64" type="stmt"/>
        <line num="13" count="95" type="cond" truecount="2" falsecount="0"/>
        <line num="14" count="20" type="stmt"/>
        <line num="17" count="75" type="cond" truecount="2" falsecount="0"/>
        <line num="18" count="34" type="cond" truecount="2" falsecount="0"/>
        <line num="21" count="41" type="stmt"/>
        <line num="26" count="64" type="stmt"/>
        <line num="28" count="34" type="cond" truecount="2" falsecount="0"/>
        <line num="29" count="95" type="cond" truecount="2" falsecount="0"/>
        <line num="31" count="95" type="stmt"/>
      </file>
      <file name="useTypedEffect.ts" path="/Users/fanlu/Documents/GitHub/kimx/packages/x/components/bubble/hooks/useTypedEffect.ts">
        <metrics statements="19" coveredstatements="19" conditionals="19" coveredconditionals="19" methods="7" coveredmethods="7"/>
        <line num="6" count="296" type="stmt"/>
        <line num="13" count="35" type="stmt"/>
        <line num="19" count="408" type="stmt"/>
        <line num="21" count="408" type="stmt"/>
        <line num="23" count="408" type="cond" truecount="2" falsecount="0"/>
        <line num="26" count="408" type="stmt"/>
        <line num="27" count="176" type="cond" truecount="4" falsecount="0"/>
        <line num="28" count="124" type="stmt"/>
        <line num="29" count="52" type="cond" truecount="2" falsecount="0"/>
        <line num="34" count="1" type="stmt"/>
        <line num="36" count="176" type="stmt"/>
        <line num="40" count="408" type="stmt"/>
        <line num="41" count="247" type="cond" truecount="4" falsecount="0"/>
        <line num="42" count="23" type="stmt"/>
        <line num="43" count="24" type="stmt"/>
        <line num="46" count="23" type="stmt"/>
        <line num="47" count="23" type="stmt"/>
        <line num="52" count="408" type="cond" truecount="2" falsecount="0"/>
        <line num="54" count="408" type="cond" truecount="2" falsecount="0"/>
      </file>
      <file name="useTypingConfig.ts" path="/Users/fanlu/Documents/GitHub/kimx/packages/x/components/bubble/hooks/useTypingConfig.ts">
        <metrics statements="7" coveredstatements="7" conditionals="4" coveredconditionals="4" methods="2" coveredmethods="2"/>
        <line num="5" count="408" type="stmt"/>
        <line num="8" count="294" type="cond" truecount="2" falsecount="0"/>
        <line num="9" count="256" type="stmt"/>
        <line num="12" count="38" type="stmt"/>
        <line num="19" count="38" type="cond" truecount="2" falsecount="0"/>
        <line num="20" count="18" type="stmt"/>
        <line num="23" count="38" type="stmt"/>
      </file>
    </package>
    <package name="components.bubble.style">
      <metrics statements="19" coveredstatements="19" conditionals="0" coveredconditionals="0" methods="6" coveredmethods="6"/>
      <file name="content.ts" path="/Users/fanlu/Documents/GitHub/kimx/packages/x/components/bubble/style/content.ts">
        <metrics statements="8" coveredstatements="8" conditionals="0" coveredconditionals="0" methods="2" coveredmethods="2"/>
        <line num="5" count="35" type="stmt"/>
        <line num="6" count="56" type="stmt"/>
        <line num="7" count="56" type="stmt"/>
        <line num="35" count="35" type="stmt"/>
        <line num="36" count="56" type="stmt"/>
        <line num="38" count="56" type="stmt"/>
        <line num="40" count="56" type="stmt"/>
        <line num="42" count="56" type="stmt"/>
      </file>
      <file name="index.ts" path="/Users/fanlu/Documents/GitHub/kimx/packages/x/components/bubble/style/index.ts">
        <metrics statements="8" coveredstatements="8" conditionals="0" coveredconditionals="0" methods="3" coveredmethods="3"/>
        <line num="8" count="35" type="stmt"/>
        <line num="26" count="35" type="stmt"/>
        <line num="43" count="35" type="stmt"/>
        <line num="44" count="56" type="stmt"/>
        <line num="45" count="56" type="stmt"/>
        <line num="149" count="57" type="stmt"/>
        <line num="154" count="56" type="stmt"/>
        <line num="155" count="56" type="stmt"/>
      </file>
      <file name="list.ts" path="/Users/fanlu/Documents/GitHub/kimx/packages/x/components/bubble/style/list.ts">
        <metrics statements="3" coveredstatements="3" conditionals="0" coveredconditionals="0" methods="1" coveredmethods="1"/>
        <line num="4" count="35" type="stmt"/>
        <line num="5" count="56" type="stmt"/>
        <line num="6" count="56" type="stmt"/>
      </file>
    </package>
    <package name="components.conversations">
      <metrics statements="50" coveredstatements="47" conditionals="43" coveredconditionals="36" methods="11" coveredmethods="10"/>
      <file name="GroupTitle.tsx" path="/Users/fanlu/Documents/GitHub/kimx/packages/x/components/conversations/GroupTitle.tsx">
        <metrics statements="4" coveredstatements="4" conditionals="2" coveredconditionals="2" methods="1" coveredmethods="1"/>
        <line num="12" count="33" type="stmt"/>
        <line num="16" count="33" type="stmt"/>
        <line num="17" count="24" type="stmt"/>
        <line num="19" count="24" type="stmt"/>
      </file>
      <file name="Item.tsx" path="/Users/fanlu/Documents/GitHub/kimx/packages/x/components/conversations/Item.tsx">
        <metrics statements="18" coveredstatements="18" conditionals="19" coveredconditionals="19" methods="4" coveredmethods="4"/>
        <line num="26" count="33" type="stmt"/>
        <line num="27" count="2" type="stmt"/>
        <line num="30" count="33" type="stmt"/>
        <line num="31" count="227" type="stmt"/>
        <line num="33" count="227" type="stmt"/>
        <line num="40" count="227" type="stmt"/>
        <line num="43" count="227" type="stmt"/>
        <line num="51" count="227" type="stmt"/>
        <line num="52" count="3" type="cond" truecount="4" falsecount="0"/>
        <line num="53" count="2" type="stmt"/>
        <line num="59" count="227" type="cond" truecount="2" falsecount="0"/>
        <line num="61" count="227" type="stmt"/>
        <line num="63" count="227" type="stmt"/>
        <line num="65" count="42" type="stmt"/>
        <line num="67" count="42" type="cond" truecount="2" falsecount="0"/>
        <line num="68" count="21" type="cond" truecount="2" falsecount="0"/>
        <line num="72" count="21" type="stmt"/>
        <line num="76" count="227" type="stmt"/>
      </file>
      <file name="index.tsx" path="/Users/fanlu/Documents/GitHub/kimx/packages/x/components/conversations/index.tsx">
        <metrics statements="28" coveredstatements="25" conditionals="22" coveredconditionals="15" methods="6" coveredmethods="5"/>
        <line num="93" count="33" type="stmt"/>
        <line num="109" count="60" type="stmt"/>
        <line num="111" count="60" type="stmt"/>
        <line num="118" count="60" type="stmt"/>
        <line num="126" count="60" type="stmt"/>
        <line num="129" count="60" type="stmt"/>
        <line num="131" count="60" type="stmt"/>
        <line num="134" count="60" type="stmt"/>
        <line num="137" count="60" type="stmt"/>
        <line num="139" count="60" type="stmt"/>
        <line num="152" count="60" type="stmt"/>
        <line num="154" count="60" type="stmt"/>
        <line num="155" count="44" type="cond" truecount="1" falsecount="1"/>
        <line num="156" count="0" type="stmt"/>
        <line num="157" count="0" type="cond" truecount="0" falsecount="2"/>
        <line num="158" count="0" type="cond" truecount="0" falsecount="2"/>
        <line num="164" count="60" type="stmt"/>
        <line num="165" count="2" type="stmt"/>
        <line num="167" count="2" type="cond" truecount="1" falsecount="1"/>
        <line num="168" count="2" type="stmt"/>
        <line num="173" count="60" type="stmt"/>
        <line num="183" count="69" type="stmt"/>
        <line num="184" count="227" type="stmt"/>
        <line num="198" count="69" type="cond" truecount="2" falsecount="0"/>
        <line num="199" count="28" type="stmt"/>
        <line num="211" count="41" type="stmt"/>
        <line num="217" count="33" type="cond" truecount="1" falsecount="1"/>
        <line num="218" count="33" type="stmt"/>
      </file>
    </package>
    <package name="components.conversations.hooks">
      <metrics statements="22" coveredstatements="22" conditionals="15" coveredconditionals="15" methods="5" coveredmethods="5"/>
      <file name="useGroupable.ts" path="/Users/fanlu/Documents/GitHub/kimx/packages/x/components/conversations/hooks/useGroupable.ts">
        <metrics statements="22" coveredstatements="22" conditionals="15" coveredconditionals="15" methods="5" coveredmethods="5"/>
        <line num="8" count="33" type="stmt"/>
        <line num="18" count="33" type="stmt"/>
        <line num="22" count="60" type="stmt"/>
        <line num="23" count="52" type="cond" truecount="2" falsecount="0"/>
        <line num="24" count="35" type="stmt"/>
        <line num="27" count="17" type="stmt"/>
        <line num="32" count="17" type="cond" truecount="2" falsecount="0"/>
        <line num="33" count="7" type="stmt"/>
        <line num="36" count="17" type="stmt"/>
        <line num="39" count="60" type="stmt"/>
        <line num="41" count="57" type="cond" truecount="2" falsecount="0"/>
        <line num="42" count="40" type="stmt"/>
        <line num="50" count="40" type="stmt"/>
        <line num="54" count="17" type="stmt"/>
        <line num="55" count="70" type="cond" truecount="2" falsecount="0"/>
        <line num="57" count="70" type="cond" truecount="2" falsecount="0"/>
        <line num="58" count="28" type="stmt"/>
        <line num="61" count="70" type="stmt"/>
        <line num="63" count="70" type="stmt"/>
        <line num="67" count="17" type="cond" truecount="2" falsecount="0"/>
        <line num="70" count="28" type="stmt"/>
        <line num="76" count="17" type="stmt"/>
      </file>
    </package>
    <package name="components.conversations.style">
      <metrics statements="6" coveredstatements="6" conditionals="0" coveredconditionals="0" methods="3" coveredmethods="3"/>
      <file name="index.ts" path="/Users/fanlu/Documents/GitHub/kimx/packages/x/components/conversations/style/index.ts">
        <metrics statements="6" coveredstatements="6" conditionals="0" coveredconditionals="0" methods="3" coveredmethods="3"/>
        <line num="11" count="33" type="stmt"/>
        <line num="12" count="30" type="stmt"/>
        <line num="14" count="30" type="stmt"/>
        <line num="112" count="33" type="stmt"/>
        <line num="117" count="30" type="stmt"/>
        <line num="118" count="30" type="stmt"/>
      </file>
    </package>
    <package name="components.prompts">
      <metrics statements="15" coveredstatements="15" conditionals="22" coveredconditionals="19" methods="3" coveredmethods="3"/>
      <file name="index.tsx" path="/Users/fanlu/Documents/GitHub/kimx/packages/x/components/prompts/index.tsx">
        <metrics statements="15" coveredstatements="15" conditionals="22" coveredconditionals="19" methods="3" coveredmethods="3"/>
        <line num="105" count="33" type="stmt"/>
        <line num="119" count="53" type="stmt"/>
        <line num="122" count="53" type="stmt"/>
        <line num="124" count="53" type="stmt"/>
        <line num="127" count="53" type="stmt"/>
        <line num="130" count="53" type="stmt"/>
        <line num="132" count="53" type="stmt"/>
        <line num="144" count="53" type="stmt"/>
        <line num="153" count="53" type="stmt"/>
        <line num="172" count="140" type="cond" truecount="2" falsecount="0"/>
        <line num="174" count="140" type="stmt"/>
        <line num="188" count="1" type="cond" truecount="3" falsecount="1"/>
        <line num="189" count="1" type="stmt"/>
        <line num="236" count="33" type="cond" truecount="1" falsecount="1"/>
        <line num="237" count="33" type="stmt"/>
      </file>
    </package>
    <package name="components.prompts.style">
      <metrics statements="10" coveredstatements="10" conditionals="0" coveredconditionals="0" methods="5" coveredmethods="5"/>
      <file name="index.ts" path="/Users/fanlu/Documents/GitHub/kimx/packages/x/components/prompts/style/index.ts">
        <metrics statements="10" coveredstatements="10" conditionals="0" coveredconditionals="0" methods="5" coveredmethods="5"/>
        <line num="11" count="33" type="stmt"/>
        <line num="12" count="25" type="stmt"/>
        <line num="14" count="25" type="stmt"/>
        <line num="69" count="50" type="stmt"/>
        <line num="125" count="33" type="stmt"/>
        <line num="126" count="25" type="stmt"/>
        <line num="128" count="25" type="stmt"/>
        <line num="163" count="33" type="stmt"/>
        <line num="168" count="25" type="stmt"/>
        <line num="169" count="25" type="stmt"/>
      </file>
    </package>
    <package name="components.sender">
      <metrics statements="134" coveredstatements="106" conditionals="98" coveredconditionals="77" methods="31" coveredmethods="19"/>
      <file name="SenderHeader.tsx" path="/Users/fanlu/Documents/GitHub/kimx/packages/x/components/sender/SenderHeader.tsx">
        <metrics statements="9" coveredstatements="8" conditionals="9" coveredconditionals="8" methods="5" coveredmethods="2"/>
        <line num="11" count="33" type="stmt"/>
        <line num="28" count="33" type="stmt"/>
        <line num="31" count="33" type="stmt"/>
        <line num="47" count="13" type="stmt"/>
        <line num="49" count="13" type="stmt"/>
        <line num="51" count="13" type="stmt"/>
        <line num="53" count="13" type="stmt"/>
        <line num="67" count="27" type="stmt"/>
        <line num="96" count="0" type="stmt"/>
      </file>
      <file name="StopLoading.tsx" path="/Users/fanlu/Documents/GitHub/kimx/packages/x/components/sender/StopLoading.tsx">
        <metrics statements="3" coveredstatements="3" conditionals="0" coveredconditionals="0" methods="1" coveredmethods="1"/>
        <line num="3" count="33" type="stmt"/>
        <line num="4" count="5" type="stmt"/>
        <line num="6" count="5" type="stmt"/>
      </file>
      <file name="index.tsx" path="/Users/fanlu/Documents/GitHub/kimx/packages/x/components/sender/index.tsx">
        <metrics statements="72" coveredstatements="68" conditionals="57" coveredconditionals="53" methods="14" coveredmethods="10"/>
        <line num="93" count="90" type="cond" truecount="2" falsecount="0"/>
        <line num="97" count="33" type="stmt"/>
        <line num="104" count="33" type="stmt"/>
        <line num="133" count="90" type="stmt"/>
        <line num="136" count="90" type="stmt"/>
        <line num="137" count="90" type="stmt"/>
        <line num="140" count="90" type="stmt"/>
        <line num="141" count="90" type="stmt"/>
        <line num="143" count="90" type="stmt"/>
        <line num="150" count="90" type="stmt"/>
        <line num="151" count="90" type="stmt"/>
        <line num="154" count="90" type="stmt"/>
        <line num="155" count="90" type="stmt"/>
        <line num="168" count="90" type="stmt"/>
        <line num="169" count="90" type="stmt"/>
        <line num="172" count="90" type="cond" truecount="2" falsecount="0"/>
        <line num="176" count="90" type="stmt"/>
        <line num="177" count="3" type="stmt"/>
        <line num="179" count="3" type="cond" truecount="2" falsecount="0"/>
        <line num="180" count="2" type="stmt"/>
        <line num="185" count="90" type="stmt"/>
        <line num="186" count="0" type="stmt"/>
        <line num="190" count="90" type="stmt"/>
        <line num="192" count="90" type="stmt"/>
        <line num="198" count="90" type="stmt"/>
        <line num="204" count="90" type="stmt"/>
        <line num="205" count="4" type="cond" truecount="5" falsecount="0"/>
        <line num="206" count="3" type="stmt"/>
        <line num="210" count="90" type="stmt"/>
        <line num="211" count="2" type="stmt"/>
        <line num="215" count="90" type="stmt"/>
        <line num="217" count="90" type="stmt"/>
        <line num="218" count="0" type="stmt"/>
        <line num="221" count="90" type="stmt"/>
        <line num="222" count="0" type="stmt"/>
        <line num="225" count="90" type="stmt"/>
        <line num="226" count="2" type="cond" truecount="2" falsecount="0"/>
        <line num="229" count="2" type="cond" truecount="2" falsecount="0"/>
        <line num="231" count="1" type="cond" truecount="3" falsecount="1"/>
        <line num="232" count="1" type="stmt"/>
        <line num="233" count="1" type="stmt"/>
        <line num="235" count="1" type="stmt"/>
        <line num="238" count="1" type="cond" truecount="3" falsecount="1"/>
        <line num="239" count="1" type="stmt"/>
        <line num="240" count="1" type="stmt"/>
        <line num="242" count="1" type="stmt"/>
        <line num="245" count="2" type="stmt"/>
        <line num="249" count="90" type="stmt"/>
        <line num="251" count="4" type="stmt"/>
        <line num="252" count="4" type="cond" truecount="4" falsecount="0"/>
        <line num="253" count="2" type="stmt"/>
        <line num="254" count="2" type="stmt"/>
        <line num="257" count="4" type="stmt"/>
        <line num="261" count="90" type="stmt"/>
        <line num="265" count="1" type="cond" truecount="1" falsecount="1"/>
        <line num="266" count="1" type="stmt"/>
        <line num="269" count="1" type="stmt"/>
        <line num="274" count="90" type="stmt"/>
        <line num="282" count="90" type="cond" truecount="2" falsecount="0"/>
        <line num="283" count="17" type="stmt"/>
        <line num="286" count="73" type="cond" truecount="4" falsecount="0"/>
        <line num="287" count="4" type="stmt"/>
        <line num="290" count="90" type="stmt"/>
        <line num="298" count="0" type="stmt"/>
        <line num="306" count="90" type="cond" truecount="4" falsecount="0"/>
        <line num="309" count="90" type="stmt"/>
        <line num="340" count="1" type="stmt"/>
        <line num="344" count="1" type="stmt"/>
        <line num="392" count="33" type="stmt"/>
        <line num="394" count="33" type="cond" truecount="1" falsecount="1"/>
        <line num="395" count="33" type="stmt"/>
        <line num="398" count="33" type="stmt"/>
      </file>
      <file name="useSpeech.ts" path="/Users/fanlu/Documents/GitHub/kimx/packages/x/components/sender/useSpeech.ts">
        <metrics statements="50" coveredstatements="27" conditionals="32" coveredconditionals="16" methods="11" coveredmethods="6"/>
        <line num="7" count="33" type="cond" truecount="3" falsecount="1"/>
        <line num="8" count="33" type="cond" truecount="2" falsecount="0"/>
        <line num="22" count="90" type="stmt"/>
        <line num="26" count="90" type="stmt"/>
        <line num="27" count="83" type="cond" truecount="2" falsecount="0"/>
        <line num="28" count="3" type="stmt"/>
        <line num="35" count="80" type="stmt"/>
        <line num="39" count="90" type="stmt"/>
        <line num="41" count="90" type="stmt"/>
        <line num="42" count="60" type="cond" truecount="3" falsecount="1"/>
        <line num="43" count="60" type="stmt"/>
        <line num="45" count="60" type="stmt"/>
        <line num="48" count="60" type="stmt"/>
        <line num="51" count="60" type="stmt"/>
        <line num="52" count="0" type="stmt"/>
        <line num="55" count="60" type="stmt"/>
        <line num="58" count="60" type="stmt"/>
        <line num="60" count="60" type="cond" truecount="2" falsecount="0"/>
        <line num="61" count="37" type="stmt"/>
        <line num="68" count="90" type="cond" truecount="1" falsecount="1"/>
        <line num="71" count="90" type="stmt"/>
        <line num="72" count="90" type="stmt"/>
        <line num="76" count="90" type="stmt"/>
        <line num="78" count="90" type="stmt"/>
        <line num="79" count="0" type="cond" truecount="0" falsecount="4"/>
        <line num="80" count="0" type="stmt"/>
        <line num="82" count="0" type="stmt"/>
        <line num="83" count="0" type="stmt"/>
        <line num="86" count="0" type="stmt"/>
        <line num="87" count="0" type="stmt"/>
        <line num="90" count="0" type="stmt"/>
        <line num="91" count="0" type="cond" truecount="0" falsecount="2"/>
        <line num="92" count="0" type="stmt"/>
        <line num="93" count="0" type="stmt"/>
        <line num="96" count="0" type="stmt"/>
        <line num="99" count="0" type="stmt"/>
        <line num="103" count="90" type="stmt"/>
        <line num="105" count="1" type="cond" truecount="3" falsecount="1"/>
        <line num="106" count="1" type="stmt"/>
        <line num="109" count="0" type="stmt"/>
        <line num="111" count="0" type="cond" truecount="0" falsecount="2"/>
        <line num="113" count="0" type="stmt"/>
        <line num="115" count="0" type="stmt"/>
        <line num="117" count="0" type="cond" truecount="0" falsecount="2"/>
        <line num="118" count="0" type="cond" truecount="0" falsecount="2"/>
        <line num="119" count="0" type="stmt"/>
        <line num="120" count="0" type="stmt"/>
        <line num="122" count="0" type="stmt"/>
        <line num="123" count="0" type="stmt"/>
        <line num="129" count="90" type="stmt"/>
      </file>
    </package>
    <package name="components.sender.components">
      <metrics statements="15" coveredstatements="15" conditionals="5" coveredconditionals="5" methods="5" coveredmethods="5"/>
      <file name="ActionButton.tsx" path="/Users/fanlu/Documents/GitHub/kimx/packages/x/components/sender/components/ActionButton.tsx">
        <metrics statements="10" coveredstatements="10" conditionals="5" coveredconditionals="5" methods="2" coveredmethods="2"/>
        <line num="19" count="33" type="stmt"/>
        <line num="26" count="120" type="stmt"/>
        <line num="27" count="120" type="stmt"/>
        <line num="28" count="120" type="stmt"/>
        <line num="29" count="120" type="cond" truecount="3" falsecount="0"/>
        <line num="31" count="120" type="stmt"/>
        <line num="37" count="6" type="cond" truecount="2" falsecount="0"/>
        <line num="38" count="1" type="stmt"/>
        <line num="40" count="5" type="stmt"/>
        <line num="41" count="5" type="stmt"/>
      </file>
      <file name="ClearButton.tsx" path="/Users/fanlu/Documents/GitHub/kimx/packages/x/components/sender/components/ClearButton.tsx">
        <metrics statements="1" coveredstatements="1" conditionals="0" coveredconditionals="0" methods="1" coveredmethods="1"/>
        <line num="7" count="9" type="stmt"/>
      </file>
      <file name="LoadingButton.tsx" path="/Users/fanlu/Documents/GitHub/kimx/packages/x/components/sender/components/LoadingButton.tsx">
        <metrics statements="3" coveredstatements="3" conditionals="0" coveredconditionals="0" methods="1" coveredmethods="1"/>
        <line num="8" count="5" type="stmt"/>
        <line num="9" count="5" type="stmt"/>
        <line num="11" count="5" type="stmt"/>
      </file>
      <file name="SendButton.tsx" path="/Users/fanlu/Documents/GitHub/kimx/packages/x/components/sender/components/SendButton.tsx">
        <metrics statements="1" coveredstatements="1" conditionals="0" coveredconditionals="0" methods="1" coveredmethods="1"/>
        <line num="7" count="94" type="stmt"/>
      </file>
    </package>
    <package name="components.sender.components.SpeechButton">
      <metrics statements="21" coveredstatements="13" conditionals="4" coveredconditionals="2" methods="3" coveredmethods="1"/>
      <file name="RecordingIcon.tsx" path="/Users/fanlu/Documents/GitHub/kimx/packages/x/components/sender/components/SpeechButton/RecordingIcon.tsx">
        <metrics statements="13" coveredstatements="7" conditionals="0" coveredconditionals="0" methods="2" coveredmethods="0"/>
        <line num="7" count="33" type="stmt"/>
        <line num="8" count="33" type="stmt"/>
        <line num="9" count="33" type="stmt"/>
        <line num="10" count="33" type="stmt"/>
        <line num="11" count="33" type="stmt"/>
        <line num="12" count="33" type="stmt"/>
        <line num="13" count="33" type="stmt"/>
        <line num="16" count="0" type="stmt"/>
        <line num="27" count="0" type="stmt"/>
        <line num="28" count="0" type="stmt"/>
        <line num="29" count="0" type="stmt"/>
        <line num="30" count="0" type="stmt"/>
        <line num="32" count="0" type="stmt"/>
      </file>
      <file name="index.tsx" path="/Users/fanlu/Documents/GitHub/kimx/packages/x/components/sender/components/SpeechButton/index.tsx">
        <metrics statements="8" coveredstatements="6" conditionals="4" coveredconditionals="2" methods="1" coveredmethods="1"/>
        <line num="8" count="12" type="stmt"/>
        <line num="10" count="12" type="stmt"/>
        <line num="11" count="12" type="cond" truecount="1" falsecount="1"/>
        <line num="12" count="0" type="stmt"/>
        <line num="13" count="12" type="cond" truecount="1" falsecount="1"/>
        <line num="14" count="12" type="stmt"/>
        <line num="16" count="0" type="stmt"/>
        <line num="19" count="12" type="stmt"/>
      </file>
    </package>
    <package name="components.sender.style">
      <metrics statements="12" coveredstatements="12" conditionals="0" coveredconditionals="0" methods="5" coveredmethods="5"/>
      <file name="header.ts" path="/Users/fanlu/Documents/GitHub/kimx/packages/x/components/sender/style/header.ts">
        <metrics statements="5" coveredstatements="5" conditionals="0" coveredconditionals="0" methods="2" coveredmethods="2"/>
        <line num="4" count="33" type="stmt"/>
        <line num="5" count="53" type="stmt"/>
        <line num="7" count="53" type="stmt"/>
        <line num="9" count="53" type="stmt"/>
        <line num="46" count="106" type="stmt"/>
      </file>
      <file name="index.ts" path="/Users/fanlu/Documents/GitHub/kimx/packages/x/components/sender/style/index.ts">
        <metrics statements="7" coveredstatements="7" conditionals="0" coveredconditionals="0" methods="3" coveredmethods="3"/>
        <line num="13" count="33" type="stmt"/>
        <line num="23" count="53" type="stmt"/>
        <line num="25" count="53" type="stmt"/>
        <line num="148" count="53" type="stmt"/>
        <line num="153" count="53" type="stmt"/>
        <line num="154" count="53" type="stmt"/>
        <line num="157" count="53" type="stmt"/>
      </file>
    </package>
    <package name="components.style">
      <metrics statements="0" coveredstatements="0" conditionals="0" coveredconditionals="0" methods="0" coveredmethods="0"/>
      <file name="motion.ts" path="/Users/fanlu/Documents/GitHub/kimx/packages/x/components/style/motion.ts">
        <metrics statements="0" coveredstatements="0" conditionals="0" coveredconditionals="0" methods="0" coveredmethods="0"/>
      </file>
    </package>
    <package name="components.suggestion">
      <metrics statements="101" coveredstatements="98" conditionals="47" coveredconditionals="37" methods="20" coveredmethods="20"/>
      <file name="index.tsx" path="/Users/fanlu/Documents/GitHub/kimx/packages/x/components/suggestion/index.tsx">
        <metrics statements="40" coveredstatements="40" conditionals="20" coveredconditionals="17" methods="8" coveredmethods="8"/>
        <line num="11" count="33" type="stmt"/>
        <line num="13" count="33" type="cond" truecount="3" falsecount="0"/>
        <line num="58" count="41" type="stmt"/>
        <line num="61" count="41" type="stmt"/>
        <line num="62" count="41" type="stmt"/>
        <line num="63" count="41" type="stmt"/>
        <line num="65" count="41" type="stmt"/>
        <line num="68" count="41" type="stmt"/>
        <line num="71" count="41" type="stmt"/>
        <line num="74" count="41" type="stmt"/>
        <line num="77" count="41" type="stmt"/>
        <line num="79" count="41" type="stmt"/>
        <line num="80" count="10" type="stmt"/>
        <line num="81" count="10" type="stmt"/>
        <line num="84" count="41" type="stmt"/>
        <line num="85" count="6" type="cond" truecount="2" falsecount="0"/>
        <line num="86" count="1" type="stmt"/>
        <line num="88" count="5" type="stmt"/>
        <line num="89" count="5" type="stmt"/>
        <line num="93" count="41" type="stmt"/>
        <line num="94" count="2" type="stmt"/>
        <line num="98" count="41" type="stmt"/>
        <line num="99" count="21" type="cond" truecount="2" falsecount="0"/>
        <line num="104" count="41" type="stmt"/>
        <line num="105" count="82" type="stmt"/>
        <line num="114" count="41" type="stmt"/>
        <line num="115" count="2" type="cond" truecount="1" falsecount="1"/>
        <line num="116" count="2" type="stmt"/>
        <line num="118" count="2" type="stmt"/>
        <line num="122" count="41" type="stmt"/>
        <line num="125" count="41" type="stmt"/>
        <line num="128" count="41" type="stmt"/>
        <line num="129" count="1" type="cond" truecount="1" falsecount="1"/>
        <line num="130" count="1" type="stmt"/>
        <line num="137" count="41" type="stmt"/>
        <line num="140" count="41" type="cond" truecount="1" falsecount="0"/>
        <line num="141" count="41" type="stmt"/>
        <line num="146" count="41" type="stmt"/>
        <line num="181" count="33" type="cond" truecount="1" falsecount="1"/>
        <line num="182" count="33" type="stmt"/>
      </file>
      <file name="useActive.ts" path="/Users/fanlu/Documents/GitHub/kimx/packages/x/components/suggestion/useActive.ts">
        <metrics statements="61" coveredstatements="58" conditionals="27" coveredconditionals="20" methods="12" coveredmethods="12"/>
        <line num="15" count="41" type="stmt"/>
        <line num="18" count="41" type="cond" truecount="1" falsecount="0"/>
        <line num="19" count="7" type="stmt"/>
        <line num="21" count="7" type="stmt"/>
        <line num="22" count="5" type="stmt"/>
        <line num="23" count="9" type="stmt"/>
        <line num="25" count="5" type="cond" truecount="1" falsecount="1"/>
        <line num="26" count="0" type="stmt"/>
        <line num="29" count="5" type="cond" truecount="2" falsecount="0"/>
        <line num="32" count="7" type="stmt"/>
        <line num="35" count="41" type="stmt"/>
        <line num="36" count="1" type="stmt"/>
        <line num="37" count="2" type="stmt"/>
        <line num="38" count="3" type="stmt"/>
        <line num="40" count="2" type="stmt"/>
        <line num="44" count="41" type="stmt"/>
        <line num="45" count="2" type="cond" truecount="1" falsecount="1"/>
        <line num="47" count="2" type="stmt"/>
        <line num="48" count="2" type="stmt"/>
        <line num="49" count="2" type="stmt"/>
        <line num="51" count="2" type="stmt"/>
        <line num="53" count="2" type="stmt"/>
        <line num="54" count="2" type="stmt"/>
        <line num="57" count="41" type="stmt"/>
        <line num="58" count="1" type="cond" truecount="1" falsecount="1"/>
        <line num="59" count="1" type="stmt"/>
        <line num="63" count="41" type="stmt"/>
        <line num="64" count="2" type="stmt"/>
        <line num="65" count="2" type="cond" truecount="1" falsecount="1"/>
        <line num="66" count="2" type="stmt"/>
        <line num="70" count="41" type="stmt"/>
        <line num="71" count="13" type="cond" truecount="2" falsecount="0"/>
        <line num="72" count="5" type="stmt"/>
        <line num="75" count="8" type="cond" truecount="6" falsecount="0"/>
        <line num="77" count="1" type="stmt"/>
        <line num="78" count="1" type="stmt"/>
        <line num="79" count="1" type="stmt"/>
        <line num="82" count="1" type="stmt"/>
        <line num="83" count="1" type="stmt"/>
        <line num="84" count="1" type="stmt"/>
        <line num="87" count="2" type="cond" truecount="1" falsecount="1"/>
        <line num="88" count="0" type="stmt"/>
        <line num="90" count="2" type="stmt"/>
        <line num="92" count="2" type="stmt"/>
        <line num="93" count="2" type="stmt"/>
        <line num="96" count="1" type="cond" truecount="1" falsecount="1"/>
        <line num="97" count="0" type="stmt"/>
        <line num="99" count="1" type="stmt"/>
        <line num="101" count="1" type="stmt"/>
        <line num="102" count="1" type="stmt"/>
        <line num="106" count="1" type="cond" truecount="1" falsecount="1"/>
        <line num="107" count="1" type="stmt"/>
        <line num="109" count="1" type="stmt"/>
        <line num="110" count="1" type="stmt"/>
        <line num="113" count="1" type="stmt"/>
        <line num="114" count="1" type="stmt"/>
        <line num="115" count="1" type="stmt"/>
        <line num="119" count="41" type="stmt"/>
        <line num="120" count="25" type="cond" truecount="2" falsecount="0"/>
        <line num="121" count="6" type="stmt"/>
        <line num="125" count="41" type="stmt"/>
      </file>
    </package>
    <package name="components.suggestion.style">
      <metrics statements="6" coveredstatements="6" conditionals="0" coveredconditionals="0" methods="3" coveredmethods="3"/>
      <file name="index.ts" path="/Users/fanlu/Documents/GitHub/kimx/packages/x/components/suggestion/style/index.ts">
        <metrics statements="6" coveredstatements="6" conditionals="0" coveredconditionals="0" methods="3" coveredmethods="3"/>
        <line num="10" count="33" type="stmt"/>
        <line num="11" count="14" type="stmt"/>
        <line num="13" count="14" type="stmt"/>
        <line num="38" count="33" type="stmt"/>
        <line num="43" count="14" type="stmt"/>
        <line num="44" count="14" type="stmt"/>
      </file>
    </package>
    <package name="components.theme">
      <metrics statements="27" coveredstatements="24" conditionals="13" coveredconditionals="10" methods="7" coveredmethods="6"/>
      <file name="components.ts" path="/Users/fanlu/Documents/GitHub/kimx/packages/x/components/theme/components.ts">
        <metrics statements="0" coveredstatements="0" conditionals="0" coveredconditionals="0" methods="0" coveredmethods="0"/>
      </file>
      <file name="cssinjs-utils.ts" path="/Users/fanlu/Documents/GitHub/kimx/packages/x/components/theme/cssinjs-utils.ts">
        <metrics statements="0" coveredstatements="0" conditionals="0" coveredconditionals="0" methods="0" coveredmethods="0"/>
      </file>
      <file name="genStyleUtils.ts" path="/Users/fanlu/Documents/GitHub/kimx/packages/x/components/theme/genStyleUtils.ts">
        <metrics statements="7" coveredstatements="7" conditionals="2" coveredconditionals="2" methods="3" coveredmethods="3"/>
        <line num="9" count="37" type="stmt"/>
        <line num="15" count="1115" type="stmt"/>
        <line num="16" count="1115" type="stmt"/>
        <line num="22" count="2234" type="stmt"/>
        <line num="23" count="2234" type="stmt"/>
        <line num="26" count="1115" type="stmt"/>
        <line num="27" count="1115" type="cond" truecount="2" falsecount="0"/>
      </file>
      <file name="useToken.ts" path="/Users/fanlu/Documents/GitHub/kimx/packages/x/components/theme/useToken.ts">
        <metrics statements="20" coveredstatements="17" conditionals="11" coveredconditionals="8" methods="4" coveredmethods="3"/>
        <line num="13" count="37" type="stmt"/>
        <line num="17" count="37" type="stmt"/>
        <line num="37" count="37" type="stmt"/>
        <line num="44" count="235" type="stmt"/>
        <line num="46" count="235" type="stmt"/>
        <line num="49" count="235" type="stmt"/>
        <line num="55" count="235" type="stmt"/>
        <line num="57" count="235" type="cond" truecount="1" falsecount="1"/>
        <line num="58" count="235" type="stmt"/>
        <line num="59" count="1" type="stmt"/>
        <line num="60" count="1" type="stmt"/>
        <line num="61" count="1" type="cond" truecount="1" falsecount="1"/>
        <line num="62" count="0" type="stmt"/>
        <line num="73" count="1" type="stmt"/>
        <line num="77" count="235" type="stmt"/>
        <line num="92" count="2234" type="stmt"/>
        <line num="94" count="2234" type="stmt"/>
        <line num="110" count="2234" type="cond" truecount="1" falsecount="1"/>
        <line num="114" count="0" type="stmt"/>
        <line num="116" count="0" type="stmt"/>
      </file>
    </package>
    <package name="components.thought-chain">
      <metrics statements="26" coveredstatements="26" conditionals="42" coveredconditionals="37" methods="5" coveredmethods="5"/>
      <file name="Item.tsx" path="/Users/fanlu/Documents/GitHub/kimx/packages/x/components/thought-chain/Item.tsx">
        <metrics statements="12" coveredstatements="12" conditionals="31" coveredconditionals="27" methods="3" coveredmethods="3"/>
        <line num="77" count="33" type="stmt"/>
        <line num="93" count="33" type="stmt"/>
        <line num="94" count="132" type="cond" truecount="0" falsecount="1"/>
        <line num="96" count="132" type="stmt"/>
        <line num="111" count="132" type="stmt"/>
        <line num="114" count="132" type="stmt"/>
        <line num="126" count="132" type="stmt"/>
        <line num="129" count="132" type="stmt"/>
        <line num="132" count="132" type="stmt"/>
        <line num="135" count="132" type="stmt"/>
        <line num="138" count="132" type="stmt"/>
        <line num="210" count="63" type="stmt"/>
      </file>
      <file name="index.tsx" path="/Users/fanlu/Documents/GitHub/kimx/packages/x/components/thought-chain/index.tsx">
        <metrics statements="14" coveredstatements="14" conditionals="11" coveredconditionals="10" methods="2" coveredmethods="2"/>
        <line num="61" count="33" type="stmt"/>
        <line num="73" count="59" type="stmt"/>
        <line num="75" count="59" type="stmt"/>
        <line num="82" count="59" type="stmt"/>
        <line num="84" count="59" type="stmt"/>
        <line num="86" count="59" type="stmt"/>
        <line num="89" count="59" type="stmt"/>
        <line num="92" count="59" type="stmt"/>
        <line num="99" count="59" type="stmt"/>
        <line num="101" count="59" type="stmt"/>
        <line num="115" count="59" type="stmt"/>
        <line num="137" count="132" type="stmt"/>
        <line num="154" count="33" type="cond" truecount="1" falsecount="1"/>
        <line num="155" count="33" type="stmt"/>
      </file>
    </package>
    <package name="components.thought-chain.hooks">
      <metrics statements="21" coveredstatements="21" conditionals="16" coveredconditionals="16" methods="7" coveredmethods="7"/>
      <file name="useCollapsible.ts" path="/Users/fanlu/Documents/GitHub/kimx/packages/x/components/thought-chain/hooks/useCollapsible.ts">
        <metrics statements="21" coveredstatements="21" conditionals="16" coveredconditionals="16" methods="7" coveredmethods="7"/>
        <line num="36" count="33" type="stmt"/>
        <line num="38" count="59" type="cond" truecount="2" falsecount="0"/>
        <line num="40" count="59" type="stmt"/>
        <line num="41" count="49" type="stmt"/>
        <line num="46" count="49" type="cond" truecount="2" falsecount="0"/>
        <line num="47" count="27" type="stmt"/>
        <line num="50" count="22" type="cond" truecount="2" falsecount="0"/>
        <line num="51" count="13" type="stmt"/>
        <line num="54" count="22" type="stmt"/>
        <line num="58" count="59" type="stmt"/>
        <line num="66" count="59" type="stmt"/>
        <line num="67" count="6" type="stmt"/>
        <line num="68" count="12" type="cond" truecount="2" falsecount="0"/>
        <line num="69" count="12" type="cond" truecount="2" falsecount="0"/>
        <line num="70" count="6" type="stmt"/>
        <line num="72" count="12" type="stmt"/>
        <line num="73" count="12" type="stmt"/>
        <line num="78" count="59" type="stmt"/>
        <line num="79" count="45" type="cond" truecount="2" falsecount="0"/>
        <line num="81" count="18" type="stmt"/>
        <line num="89" count="59" type="stmt"/>
      </file>
    </package>
    <package name="components.thought-chain.style">
      <metrics statements="30" coveredstatements="30" conditionals="3" coveredconditionals="3" methods="8" coveredmethods="8"/>
      <file name="index.ts" path="/Users/fanlu/Documents/GitHub/kimx/packages/x/components/thought-chain/style/index.ts">
        <metrics statements="30" coveredstatements="30" conditionals="3" coveredconditionals="3" methods="8" coveredmethods="8"/>
        <line num="54" count="33" type="stmt"/>
        <line num="55" count="31" type="stmt"/>
        <line num="56" count="31" type="stmt"/>
        <line num="58" count="31" type="stmt"/>
        <line num="64" count="31" type="stmt"/>
        <line num="66" count="31" type="stmt"/>
        <line num="67" count="93" type="stmt"/>
        <line num="69" count="93" type="stmt"/>
        <line num="70" count="279" type="stmt"/>
        <line num="72" count="279" type="cond" truecount="2" falsecount="0"/>
        <line num="79" count="279" type="stmt"/>
        <line num="87" count="93" type="stmt"/>
        <line num="91" count="33" type="stmt"/>
        <line num="92" count="93" type="stmt"/>
        <line num="93" count="93" type="stmt"/>
        <line num="95" count="93" type="stmt"/>
        <line num="104" count="93" type="stmt"/>
        <line num="148" count="33" type="stmt"/>
        <line num="149" count="93" type="stmt"/>
        <line num="150" count="93" type="stmt"/>
        <line num="152" count="93" type="stmt"/>
        <line num="217" count="33" type="stmt"/>
        <line num="221" count="93" type="stmt"/>
        <line num="223" count="93" type="stmt"/>
        <line num="241" count="93" type="stmt"/>
        <line num="258" count="33" type="stmt"/>
        <line num="259" count="31" type="stmt"/>
        <line num="261" count="31" type="stmt"/>
        <line num="279" count="31" type="stmt"/>
        <line num="297" count="31" type="stmt"/>
      </file>
    </package>
    <package name="components.use-x-agent">
      <metrics statements="25" coveredstatements="25" conditionals="10" coveredconditionals="9" methods="10" coveredmethods="10"/>
      <file name="index.ts" path="/Users/fanlu/Documents/GitHub/kimx/packages/x/components/use-x-agent/index.ts">
        <metrics statements="25" coveredstatements="25" conditionals="10" coveredconditionals="9" methods="10" coveredmethods="10"/>
        <line num="34" count="35" type="stmt"/>
        <line num="40" count="43" type="stmt"/>
        <line num="43" count="43" type="stmt"/>
        <line num="47" count="10" type="stmt"/>
        <line num="50" count="43" type="stmt"/>
        <line num="51" count="16" type="stmt"/>
        <line num="52" count="16" type="stmt"/>
        <line num="54" count="16" type="stmt"/>
        <line num="55" count="16" type="stmt"/>
        <line num="56" count="16" type="stmt"/>
        <line num="58" count="16" type="stmt"/>
        <line num="62" count="3" type="cond" truecount="2" falsecount="0"/>
        <line num="63" count="2" type="stmt"/>
        <line num="69" count="8" type="cond" truecount="2" falsecount="0"/>
        <line num="70" count="7" type="stmt"/>
        <line num="74" count="8" type="cond" truecount="2" falsecount="0"/>
        <line num="75" count="6" type="stmt"/>
        <line num="76" count="6" type="stmt"/>
        <line num="80" count="4" type="cond" truecount="1" falsecount="1"/>
        <line num="81" count="4" type="stmt"/>
        <line num="82" count="4" type="stmt"/>
        <line num="91" count="7" type="stmt"/>
        <line num="100" count="83" type="stmt"/>
        <line num="102" count="83" type="stmt"/>
        <line num="104" count="43" type="stmt"/>
      </file>
    </package>
    <package name="components.use-x-chat">
      <metrics statements="92" coveredstatements="92" conditionals="47" coveredconditionals="46" methods="33" coveredmethods="33"/>
      <file name="index.ts" path="/Users/fanlu/Documents/GitHub/kimx/packages/x/components/use-x-chat/index.ts">
        <metrics statements="85" coveredstatements="85" conditionals="43" coveredconditionals="42" methods="29" coveredmethods="29"/>
        <line num="74" count="69" type="cond" truecount="2" falsecount="0"/>
        <line num="92" count="74" type="stmt"/>
        <line num="95" count="74" type="stmt"/>
        <line num="97" count="74" type="stmt"/>
        <line num="98" count="74" type="cond" truecount="2" falsecount="0"/>
        <line num="105" count="74" type="stmt"/>
        <line num="106" count="22" type="stmt"/>
        <line num="112" count="22" type="stmt"/>
        <line num="114" count="22" type="stmt"/>
        <line num="118" count="74" type="stmt"/>
        <line num="119" count="74" type="stmt"/>
        <line num="121" count="74" type="stmt"/>
        <line num="122" count="69" type="cond" truecount="2" falsecount="0"/>
        <line num="123" count="69" type="stmt"/>
        <line num="125" count="69" type="stmt"/>
        <line num="126" count="71" type="stmt"/>
        <line num="127" count="71" type="cond" truecount="2" falsecount="0"/>
        <line num="128" count="4" type="stmt"/>
        <line num="131" count="71" type="stmt"/>
        <line num="139" count="74" type="stmt"/>
        <line num="143" count="74" type="stmt"/>
        <line num="144" count="15" type="stmt"/>
        <line num="145" count="17" type="cond" truecount="2" falsecount="0"/>
        <line num="146" count="15" type="stmt"/>
        <line num="149" count="74" type="stmt"/>
        <line num="151" count="74" type="stmt"/>
        <line num="152" count="8" type="stmt"/>
        <line num="153" count="8" type="cond" truecount="2" falsecount="0"/>
        <line num="154" count="2" type="stmt"/>
        <line num="159" count="6" type="cond" truecount="2" falsecount="0"/>
        <line num="160" count="3" type="stmt"/>
        <line num="163" count="3" type="cond" truecount="2" falsecount="0"/>
        <line num="164" count="2" type="cond" truecount="1" falsecount="1"/>
        <line num="165" count="2" type="cond" truecount="2" falsecount="0"/>
        <line num="168" count="1" type="stmt"/>
        <line num="171" count="74" type="stmt"/>
        <line num="172" count="14" type="cond" truecount="2" falsecount="0"/>
        <line num="173" count="1" type="stmt"/>
        <line num="177" count="13" type="stmt"/>
        <line num="179" count="13" type="stmt"/>
        <line num="181" count="13" type="cond" truecount="5" falsecount="0"/>
        <line num="183" count="1" type="stmt"/>
        <line num="184" count="1" type="stmt"/>
        <line num="185" count="1" type="stmt"/>
        <line num="187" count="12" type="stmt"/>
        <line num="190" count="13" type="stmt"/>
        <line num="191" count="13" type="stmt"/>
        <line num="192" count="13" type="cond" truecount="2" falsecount="0"/>
        <line num="194" count="2" type="cond" truecount="2" falsecount="0"/>
        <line num="196" count="1" type="stmt"/>
        <line num="200" count="1" type="stmt"/>
        <line num="202" count="2" type="stmt"/>
        <line num="203" count="2" type="stmt"/>
        <line num="205" count="2" type="stmt"/>
        <line num="208" count="13" type="stmt"/>
        <line num="212" count="13" type="stmt"/>
        <line num="213" count="13" type="stmt"/>
        <line num="214" count="11" type="stmt"/>
        <line num="215" count="8" type="cond" truecount="2" falsecount="0"/>
        <line num="217" count="5" type="stmt"/>
        <line num="218" count="5" type="stmt"/>
        <line num="219" count="5" type="stmt"/>
        <line num="220" count="5" type="stmt"/>
        <line num="221" count="5" type="stmt"/>
        <line num="223" count="5" type="stmt"/>
        <line num="226" count="3" type="stmt"/>
        <line num="227" count="3" type="stmt"/>
        <line num="228" count="6" type="cond" truecount="2" falsecount="0"/>
        <line num="229" count="3" type="stmt"/>
        <line num="235" count="3" type="stmt"/>
        <line num="241" count="3" type="stmt"/>
        <line num="246" count="8" type="stmt"/>
        <line num="248" count="13" type="stmt"/>
        <line num="256" count="4" type="stmt"/>
        <line num="259" count="4" type="stmt"/>
        <line num="262" count="3" type="cond" truecount="2" falsecount="0"/>
        <line num="265" count="2" type="cond" truecount="2" falsecount="0"/>
        <line num="267" count="1" type="stmt"/>
        <line num="272" count="1" type="stmt"/>
        <line num="275" count="2" type="stmt"/>
        <line num="276" count="2" type="cond" truecount="2" falsecount="0"/>
        <line num="281" count="1" type="stmt"/>
        <line num="282" count="2" type="cond" truecount="2" falsecount="0"/>
        <line num="287" count="1" type="stmt"/>
        <line num="294" count="74" type="stmt"/>
      </file>
      <file name="useSyncState.ts" path="/Users/fanlu/Documents/GitHub/kimx/packages/x/components/use-x-chat/useSyncState.ts">
        <metrics statements="7" coveredstatements="7" conditionals="4" coveredconditionals="4" methods="4" coveredmethods="4"/>
        <line num="7" count="96" type="stmt"/>
        <line num="9" count="96" type="stmt"/>
        <line num="13" count="96" type="stmt"/>
        <line num="14" count="29" type="stmt"/>
        <line num="17" count="58" type="stmt"/>
        <line num="20" count="96" type="stmt"/>
        <line num="22" count="96" type="stmt"/>
      </file>
    </package>
    <package name="components.version">
      <metrics statements="0" coveredstatements="0" conditionals="0" coveredconditionals="0" methods="0" coveredmethods="0"/>
      <file name="index.ts" path="/Users/fanlu/Documents/GitHub/kimx/packages/x/components/version/index.ts">
        <metrics statements="0" coveredstatements="0" conditionals="0" coveredconditionals="0" methods="0" coveredmethods="0"/>
      </file>
      <file name="version.ts" path="/Users/fanlu/Documents/GitHub/kimx/packages/x/components/version/version.ts">
        <metrics statements="0" coveredstatements="0" conditionals="0" coveredconditionals="0" methods="0" coveredmethods="0"/>
      </file>
    </package>
    <package name="components.welcome">
      <metrics statements="24" coveredstatements="24" conditionals="19" coveredconditionals="17" methods="4" coveredmethods="4"/>
      <file name="index.tsx" path="/Users/fanlu/Documents/GitHub/kimx/packages/x/components/welcome/index.tsx">
        <metrics statements="24" coveredstatements="24" conditionals="19" coveredconditionals="17" methods="4" coveredmethods="4"/>
        <line num="47" count="20" type="stmt"/>
        <line num="50" count="20" type="stmt"/>
        <line num="51" count="20" type="stmt"/>
        <line num="54" count="20" type="stmt"/>
        <line num="57" count="20" type="stmt"/>
        <line num="60" count="20" type="stmt"/>
        <line num="61" count="18" type="cond" truecount="2" falsecount="0"/>
        <line num="62" count="6" type="stmt"/>
        <line num="65" count="12" type="stmt"/>
        <line num="66" count="12" type="cond" truecount="3" falsecount="1"/>
        <line num="67" count="12" type="stmt"/>
        <line num="69" count="12" type="stmt"/>
        <line num="79" count="20" type="stmt"/>
        <line num="80" count="18" type="cond" truecount="2" falsecount="0"/>
        <line num="81" count="6" type="stmt"/>
        <line num="84" count="12" type="stmt"/>
        <line num="99" count="20" type="stmt"/>
        <line num="100" count="18" type="cond" truecount="2" falsecount="0"/>
        <line num="101" count="15" type="stmt"/>
        <line num="104" count="3" type="stmt"/>
        <line num="119" count="20" type="stmt"/>
        <line num="169" count="33" type="stmt"/>
        <line num="171" count="33" type="cond" truecount="1" falsecount="1"/>
        <line num="172" count="33" type="stmt"/>
      </file>
    </package>
    <package name="components.welcome.style">
      <metrics statements="11" coveredstatements="11" conditionals="0" coveredconditionals="0" methods="4" coveredmethods="4"/>
      <file name="index.ts" path="/Users/fanlu/Documents/GitHub/kimx/packages/x/components/welcome/style/index.ts">
        <metrics statements="11" coveredstatements="11" conditionals="0" coveredconditionals="0" methods="4" coveredmethods="4"/>
        <line num="10" count="33" type="stmt"/>
        <line num="11" count="11" type="stmt"/>
        <line num="13" count="11" type="stmt"/>
        <line num="14" count="11" type="stmt"/>
        <line num="16" count="11" type="stmt"/>
        <line num="51" count="33" type="stmt"/>
        <line num="52" count="11" type="stmt"/>
        <line num="54" count="11" type="stmt"/>
        <line num="75" count="33" type="stmt"/>
        <line num="80" count="11" type="stmt"/>
        <line num="81" count="11" type="stmt"/>
      </file>
    </package>
    <package name="components.x-provider">
      <metrics statements="8" coveredstatements="8" conditionals="2" coveredconditionals="1" methods="2" coveredmethods="2"/>
      <file name="context.ts" path="/Users/fanlu/Documents/GitHub/kimx/packages/x/components/x-provider/context.ts">
        <metrics statements="1" coveredstatements="1" conditionals="0" coveredconditionals="0" methods="0" coveredmethods="0"/>
        <line num="41" count="37" type="stmt"/>
      </file>
      <file name="index.tsx" path="/Users/fanlu/Documents/GitHub/kimx/packages/x/components/x-provider/index.tsx">
        <metrics statements="7" coveredstatements="7" conditionals="2" coveredconditionals="1" methods="2" coveredmethods="2"/>
        <line num="10" count="37" type="stmt"/>
        <line num="22" count="245" type="stmt"/>
        <line num="24" count="245" type="stmt"/>
        <line num="25" count="243" type="stmt"/>
        <line num="39" count="245" type="stmt"/>
        <line num="58" count="37" type="cond" truecount="1" falsecount="1"/>
        <line num="59" count="37" type="stmt"/>
      </file>
    </package>
    <package name="components.x-provider.hooks">
      <metrics statements="3" coveredstatements="3" conditionals="0" coveredconditionals="0" methods="1" coveredmethods="1"/>
      <file name="use-x-provider-context.ts" path="/Users/fanlu/Documents/GitHub/kimx/packages/x/components/x-provider/hooks/use-x-provider-context.ts">
        <metrics statements="3" coveredstatements="3" conditionals="0" coveredconditionals="0" methods="1" coveredmethods="1"/>
        <line num="4" count="37" type="stmt"/>
        <line num="7" count="3353" type="stmt"/>
        <line num="11" count="3353" type="stmt"/>
      </file>
    </package>
    <package name="components.x-request">
      <metrics statements="65" coveredstatements="65" conditionals="30" coveredconditionals="28" methods="7" coveredmethods="7"/>
      <file name="index.ts" path="/Users/fanlu/Documents/GitHub/kimx/packages/x/components/x-request/index.ts">
        <metrics statements="46" coveredstatements="46" conditionals="15" coveredconditionals="13" methods="6" coveredmethods="6"/>
        <line num="108" count="18" type="stmt"/>
        <line num="110" count="18" type="stmt"/>
        <line num="111" count="18" type="stmt"/>
        <line num="112" count="18" type="stmt"/>
        <line num="118" count="18" type="stmt"/>
        <line num="122" count="19" type="cond" truecount="4" falsecount="0"/>
        <line num="123" count="1" type="stmt"/>
        <line num="125" count="18" type="stmt"/>
        <line num="128" count="18" type="stmt"/>
        <line num="133" count="6" type="stmt"/>
        <line num="134" count="6" type="stmt"/>
        <line num="144" count="6" type="stmt"/>
        <line num="146" count="6" type="stmt"/>
        <line num="147" count="6" type="stmt"/>
        <line num="152" count="5" type="cond" truecount="2" falsecount="0"/>
        <line num="153" count="2" type="stmt"/>
        <line num="154" count="1" type="stmt"/>
        <line num="157" count="3" type="cond" truecount="1" falsecount="1"/>
        <line num="159" count="3" type="stmt"/>
        <line num="161" count="3" type="cond" truecount="3" falsecount="0"/>
        <line num="164" count="1" type="stmt"/>
        <line num="165" count="1" type="stmt"/>
        <line num="169" count="1" type="stmt"/>
        <line num="170" count="1" type="stmt"/>
        <line num="173" count="1" type="stmt"/>
        <line num="176" count="3" type="cond" truecount="1" falsecount="1"/>
        <line num="178" count="3" type="stmt"/>
        <line num="179" count="3" type="stmt"/>
        <line num="183" count="18" type="stmt"/>
        <line num="188" count="2" type="stmt"/>
        <line num="190" count="2" type="stmt"/>
        <line num="194" count="2" type="stmt"/>
        <line num="195" count="2" type="stmt"/>
        <line num="198" count="1" type="stmt"/>
        <line num="201" count="18" type="stmt"/>
        <line num="205" count="1" type="stmt"/>
        <line num="206" count="1" type="stmt"/>
        <line num="209" count="1" type="stmt"/>
        <line num="210" count="1" type="stmt"/>
        <line num="211" count="1" type="stmt"/>
        <line num="213" count="1" type="stmt"/>
        <line num="216" count="18" type="stmt"/>
        <line num="220" count="1" type="stmt"/>
        <line num="222" count="1" type="stmt"/>
        <line num="223" count="1" type="stmt"/>
        <line num="227" count="36" type="stmt"/>
      </file>
      <file name="x-fetch.ts" path="/Users/fanlu/Documents/GitHub/kimx/packages/x/components/x-request/x-fetch.ts">
        <metrics statements="19" coveredstatements="19" conditionals="15" coveredconditionals="15" methods="1" coveredmethods="1"/>
        <line num="23" count="36" type="cond" truecount="1" falsecount="0"/>
        <line num="24" count="7" type="cond" truecount="2" falsecount="0"/>
        <line num="26" count="7" type="cond" truecount="2" falsecount="0"/>
        <line num="27" count="1" type="stmt"/>
        <line num="31" count="6" type="stmt"/>
        <line num="34" count="6" type="cond" truecount="2" falsecount="0"/>
        <line num="35" count="1" type="stmt"/>
        <line num="37" count="1" type="stmt"/>
        <line num="41" count="6" type="stmt"/>
        <line num="44" count="6" type="cond" truecount="2" falsecount="0"/>
        <line num="45" count="2" type="stmt"/>
        <line num="47" count="2" type="cond" truecount="2" falsecount="0"/>
        <line num="48" count="1" type="stmt"/>
        <line num="51" count="1" type="stmt"/>
        <line num="55" count="5" type="cond" truecount="2" falsecount="0"/>
        <line num="56" count="1" type="stmt"/>
        <line num="59" count="4" type="cond" truecount="2" falsecount="0"/>
        <line num="60" count="1" type="stmt"/>
        <line num="64" count="3" type="stmt"/>
      </file>
    </package>
    <package name="components.x-stream">
      <metrics statements="39" coveredstatements="39" conditionals="20" coveredconditionals="18" methods="10" coveredmethods="10"/>
      <file name="index.ts" path="/Users/fanlu/Documents/GitHub/kimx/packages/x/components/x-stream/index.ts">
        <metrics statements="39" coveredstatements="39" conditionals="20" coveredconditionals="18" methods="10" coveredmethods="10"/>
        <line num="4" count="37" type="stmt"/>
        <line num="9" count="37" type="stmt"/>
        <line num="14" count="37" type="stmt"/>
        <line num="19" count="37" type="cond" truecount="1" falsecount="1"/>
        <line num="35" count="5" type="stmt"/>
        <line num="37" count="5" type="stmt"/>
        <line num="39" count="7" type="stmt"/>
        <line num="42" count="7" type="stmt"/>
        <line num="45" count="7" type="stmt"/>
        <line num="47" count="8" type="cond" truecount="1" falsecount="1"/>
        <line num="48" count="8" type="stmt"/>
        <line num="53" count="7" type="stmt"/>
        <line num="57" count="5" type="cond" truecount="2" falsecount="0"/>
        <line num="58" count="2" type="stmt"/>
        <line num="91" count="5" type="stmt"/>
        <line num="94" count="8" type="stmt"/>
        <line num="96" count="8" type="stmt"/>
        <line num="97" count="11" type="stmt"/>
        <line num="99" count="11" type="cond" truecount="2" falsecount="0"/>
        <line num="100" count="1" type="stmt"/>
        <line num="106" count="10" type="stmt"/>
        <line num="109" count="10" type="cond" truecount="2" falsecount="0"/>
        <line num="112" count="9" type="stmt"/>
        <line num="114" count="9" type="stmt"/>
        <line num="117" count="7" type="cond" truecount="2" falsecount="0"/>
        <line num="120" count="6" type="stmt"/>
        <line num="147" count="9" type="stmt"/>
        <line num="149" count="9" type="cond" truecount="2" falsecount="0"/>
        <line num="150" count="1" type="stmt"/>
        <line num="154" count="8" type="stmt"/>
        <line num="156" count="8" type="stmt"/>
        <line num="174" count="8" type="stmt"/>
        <line num="175" count="7" type="stmt"/>
        <line num="177" count="7" type="stmt"/>
        <line num="178" count="18" type="stmt"/>
        <line num="180" count="16" type="cond" truecount="2" falsecount="0"/>
        <line num="182" count="11" type="cond" truecount="2" falsecount="0"/>
        <line num="185" count="10" type="stmt"/>
        <line num="189" count="8" type="stmt"/>
      </file>
    </package>
  </project>
</coverage>
