{"/Users/fanlu/Documents/GitHub/kimx/packages/x/components/index.ts": {"path":"/Users/fanlu/Documents/GitHub/kimx/packages/x/components/index.ts","statementMap":{},"fnMap":{},"branchMap":{},"s":{},"f":{},"b":{},"_coverageSchema":"1a1c01bbd47fc00a2c39e90264f33305004495a9","hash":"838957d2856b615749d73b18e55f621fb4cc8a2c"}
,"/Users/fanlu/Documents/GitHub/kimx/packages/x/components/_util/motion.ts": {"path":"/Users/fanlu/Documents/GitHub/kimx/packages/x/components/_util/motion.ts","statementMap":{"0":{"start":{"line":6,"column":47},"end":{"line":6,"column":80}},"1":{"start":{"line":6,"column":54},"end":{"line":6,"column":79}},"2":{"start":{"line":7,"column":42},"end":{"line":10,"column":1}},"3":{"start":{"line":8,"column":27},"end":{"line":8,"column":31}},"4":{"start":{"line":9,"column":2},"end":{"line":9,"column":46}},"5":{"start":{"line":11,"column":45},"end":{"line":11,"column":97}},"6":{"start":{"line":11,"column":56},"end":{"line":11,"column":96}},"7":{"start":{"line":12,"column":53},"end":{"line":13,"column":82}},"8":{"start":{"line":13,"column":2},"end":{"line":13,"column":82}},"9":{"start":{"line":15,"column":27},"end":{"line":27,"column":2}},"10":{"start":{"line":15,"column":76},"end":{"line":27,"column":1}}},"fnMap":{"0":{"name":"(anonymous_0)","decl":{"start":{"line":6,"column":47},"end":{"line":6,"column":48}},"loc":{"start":{"line":6,"column":54},"end":{"line":6,"column":79}},"line":6},"1":{"name":"(anonymous_1)","decl":{"start":{"line":7,"column":42},"end":{"line":7,"column":43}},"loc":{"start":{"line":7,"column":52},"end":{"line":10,"column":1}},"line":7},"2":{"name":"(anonymous_2)","decl":{"start":{"line":11,"column":45},"end":{"line":11,"column":46}},"loc":{"start":{"line":11,"column":56},"end":{"line":11,"column":96}},"line":11},"3":{"name":"(anonymous_3)","decl":{"start":{"line":12,"column":53},"end":{"line":12,"column":54}},"loc":{"start":{"line":13,"column":2},"end":{"line":13,"column":82}},"line":13},"4":{"name":"(anonymous_4)","decl":{"start":{"line":15,"column":27},"end":{"line":15,"column":28}},"loc":{"start":{"line":15,"column":76},"end":{"line":27,"column":1}},"line":15}},"branchMap":{"0":{"loc":{"start":{"line":11,"column":66},"end":{"line":11,"column":94}},"type":"cond-expr","locations":[{"start":{"line":11,"column":73},"end":{"line":11,"column":90}},{"start":{"line":11,"column":93},"end":{"line":11,"column":94}}],"line":11},"1":{"loc":{"start":{"line":13,"column":2},"end":{"line":13,"column":82}},"type":"binary-expr","locations":[{"start":{"line":13,"column":2},"end":{"line":13,"column":26}},{"start":{"line":13,"column":30},"end":{"line":13,"column":82}}],"line":13},"2":{"loc":{"start":{"line":15,"column":28},"end":{"line":15,"column":54}},"type":"default-arg","locations":[{"start":{"line":15,"column":38},"end":{"line":15,"column":54}}],"line":15}},"s":{"0":33,"1":3,"2":33,"3":0,"4":0,"5":33,"6":1,"7":33,"8":0,"9":33,"10":18},"f":{"0":3,"1":0,"2":1,"3":0,"4":18},"b":{"0":[1,0],"1":[0,0],"2":[0]},"_coverageSchema":"1a1c01bbd47fc00a2c39e90264f33305004495a9","hash":"e8283028778eee1eb69ce82a38267fdffaa4c053"}
,"/Users/fanlu/Documents/GitHub/kimx/packages/x/components/_util/type.ts": {"path":"/Users/fanlu/Documents/GitHub/kimx/packages/x/components/_util/type.ts","statementMap":{},"fnMap":{},"branchMap":{},"s":{},"f":{},"b":{}}
,"/Users/fanlu/Documents/GitHub/kimx/packages/x/components/_util/warning.ts": {"path":"/Users/fanlu/Documents/GitHub/kimx/packages/x/components/_util/warning.ts","statementMap":{"0":{"start":{"line":7,"column":58},"end":{"line":7,"column":62}},"1":{"start":{"line":10,"column":2},"end":{"line":10,"column":28}},"2":{"start":{"line":11,"column":2},"end":{"line":11,"column":18}},"3":{"start":{"line":16,"column":23},"end":{"line":16,"column":27}},"4":{"start":{"line":17,"column":0},"end":{"line":26,"column":1}},"5":{"start":{"line":18,"column":2},"end":{"line":25,"column":4}},"6":{"start":{"line":19,"column":4},"end":{"line":19,"column":56}},"7":{"start":{"line":22,"column":4},"end":{"line":24,"column":5}},"8":{"start":{"line":23,"column":6},"end":{"line":23,"column":20}},"9":{"start":{"line":51,"column":30},"end":{"line":51,"column":74}},"10":{"start":{"line":59,"column":2},"end":{"line":110,"column":7}},"11":{"start":{"line":61,"column":27},"end":{"line":61,"column":59}},"12":{"start":{"line":63,"column":41},"end":{"line":90,"column":9}},"13":{"start":{"line":64,"column":10},"end":{"line":89,"column":11}},"14":{"start":{"line":65,"column":12},"end":{"line":88,"column":13}},"15":{"start":{"line":66,"column":35},"end":{"line":66,"column":53}},"16":{"start":{"line":68,"column":14},"end":{"line":70,"column":15}},"17":{"start":{"line":69,"column":16},"end":{"line":69,"column":40}},"18":{"start":{"line":72,"column":14},"end":{"line":72,"column":82}},"19":{"start":{"line":74,"column":14},"end":{"line":76,"column":15}},"20":{"start":{"line":75,"column":16},"end":{"line":75,"column":66}},"21":{"start":{"line":79,"column":14},"end":{"line":85,"column":15}},"22":{"start":{"line":81,"column":16},"end":{"line":84,"column":18}},"23":{"start":{"line":87,"column":14},"end":{"line":87,"column":49}},"24":{"start":{"line":92,"column":8},"end":{"line":100,"column":10}},"25":{"start":{"line":93,"column":10},"end":{"line":99,"column":12}},"26":{"start":{"line":102,"column":8},"end":{"line":102,"column":27}},"27":{"start":{"line":105,"column":41},"end":{"line":105,"column":49}},"28":{"start":{"line":107,"column":8},"end":{"line":107,"column":38}},"29":{"start":{"line":109,"column":8},"end":{"line":109,"column":27}}},"fnMap":{"0":{"name":"resetWarned","decl":{"start":{"line":9,"column":16},"end":{"line":9,"column":27}},"loc":{"start":{"line":9,"column":30},"end":{"line":12,"column":1}},"line":9},"1":{"name":"(anonymous_1)","decl":{"start":{"line":18,"column":12},"end":{"line":18,"column":13}},"loc":{"start":{"line":18,"column":43},"end":{"line":25,"column":3}},"line":18},"2":{"name":"(anonymous_2)","decl":{"start":{"line":60,"column":6},"end":{"line":60,"column":7}},"loc":{"start":{"line":60,"column":21},"end":{"line":103,"column":7}},"line":60},"3":{"name":"(anonymous_3)","decl":{"start":{"line":63,"column":41},"end":{"line":63,"column":42}},"loc":{"start":{"line":63,"column":67},"end":{"line":90,"column":9}},"line":63},"4":{"name":"(anonymous_4)","decl":{"start":{"line":92,"column":33},"end":{"line":92,"column":34}},"loc":{"start":{"line":92,"column":71},"end":{"line":100,"column":9}},"line":92},"5":{"name":"(anonymous_5)","decl":{"start":{"line":104,"column":6},"end":{"line":104,"column":7}},"loc":{"start":{"line":104,"column":12},"end":{"line":110,"column":7}},"line":104},"6":{"name":"(anonymous_6)","decl":{"start":{"line":105,"column":41},"end":{"line":105,"column":42}},"loc":{"start":{"line":105,"column":47},"end":{"line":105,"column":49}},"line":105}},"branchMap":{"0":{"loc":{"start":{"line":17,"column":0},"end":{"line":26,"column":1}},"type":"if","locations":[{"start":{"line":17,"column":0},"end":{"line":26,"column":1}},{"start":{},"end":{}}],"line":17},"1":{"loc":{"start":{"line":22,"column":4},"end":{"line":24,"column":5}},"type":"if","locations":[{"start":{"line":22,"column":4},"end":{"line":24,"column":5}},{"start":{},"end":{}}],"line":22},"2":{"loc":{"start":{"line":59,"column":2},"end":{"line":110,"column":7}},"type":"cond-expr","locations":[{"start":{"line":60,"column":6},"end":{"line":103,"column":7}},{"start":{"line":104,"column":6},"end":{"line":110,"column":7}}],"line":59},"3":{"loc":{"start":{"line":64,"column":10},"end":{"line":89,"column":11}},"type":"if","locations":[{"start":{"line":64,"column":10},"end":{"line":89,"column":11}},{"start":{},"end":{}}],"line":64},"4":{"loc":{"start":{"line":65,"column":12},"end":{"line":88,"column":13}},"type":"if","locations":[{"start":{"line":65,"column":12},"end":{"line":88,"column":13}},{"start":{"line":86,"column":19},"end":{"line":88,"column":13}}],"line":65},"5":{"loc":{"start":{"line":65,"column":16},"end":{"line":65,"column":57}},"type":"binary-expr","locations":[{"start":{"line":65,"column":16},"end":{"line":65,"column":32}},{"start":{"line":65,"column":36},"end":{"line":65,"column":57}}],"line":65},"6":{"loc":{"start":{"line":68,"column":14},"end":{"line":70,"column":15}},"type":"if","locations":[{"start":{"line":68,"column":14},"end":{"line":70,"column":15}},{"start":{},"end":{}}],"line":68},"7":{"loc":{"start":{"line":72,"column":46},"end":{"line":72,"column":81}},"type":"binary-expr","locations":[{"start":{"line":72,"column":46},"end":{"line":72,"column":75}},{"start":{"line":72,"column":79},"end":{"line":72,"column":81}}],"line":72},"8":{"loc":{"start":{"line":74,"column":14},"end":{"line":76,"column":15}},"type":"if","locations":[{"start":{"line":74,"column":14},"end":{"line":76,"column":15}},{"start":{},"end":{}}],"line":74},"9":{"loc":{"start":{"line":74,"column":58},"end":{"line":74,"column":71}},"type":"binary-expr","locations":[{"start":{"line":74,"column":58},"end":{"line":74,"column":65}},{"start":{"line":74,"column":69},"end":{"line":74,"column":71}}],"line":74},"10":{"loc":{"start":{"line":75,"column":51},"end":{"line":75,"column":64}},"type":"binary-expr","locations":[{"start":{"line":75,"column":51},"end":{"line":75,"column":58}},{"start":{"line":75,"column":62},"end":{"line":75,"column":64}}],"line":75},"11":{"loc":{"start":{"line":79,"column":14},"end":{"line":85,"column":15}},"type":"if","locations":[{"start":{"line":79,"column":14},"end":{"line":85,"column":15}},{"start":{},"end":{}}],"line":79},"12":{"loc":{"start":{"line":97,"column":14},"end":{"line":97,"column":42}},"type":"cond-expr","locations":[{"start":{"line":97,"column":24},"end":{"line":97,"column":37}},{"start":{"line":97,"column":40},"end":{"line":97,"column":42}}],"line":97}},"s":{"0":23,"1":138,"2":138,"3":23,"4":23,"5":23,"6":4,"7":4,"8":4,"9":23,"10":23,"11":3,"12":3,"13":6,"14":6,"15":2,"16":2,"17":1,"18":2,"19":2,"20":1,"21":2,"22":1,"23":4,"24":3,"25":4,"26":3,"27":0,"28":0,"29":0},"f":{"0":138,"1":4,"2":3,"3":6,"4":4,"5":0,"6":0},"b":{"0":[23,0],"1":[4,0],"2":[23,0],"3":[6,0],"4":[2,4],"5":[6,2],"6":[1,1],"7":[2,1],"8":[1,1],"9":[2,0],"10":[1,0],"11":[1,1],"12":[0,4]},"_coverageSchema":"1a1c01bbd47fc00a2c39e90264f33305004495a9","hash":"6c888475a6dabe1c78a4e34cedbe42df810066de"}
,"/Users/fanlu/Documents/GitHub/kimx/packages/x/components/_util/hooks/use-proxy-imperative-handle.ts": {"path":"/Users/fanlu/Documents/GitHub/kimx/packages/x/components/_util/hooks/use-proxy-imperative-handle.ts","statementMap":{"0":{"start":{"line":11,"column":2},"end":{"line":24,"column":5}},"1":{"start":{"line":12,"column":19},"end":{"line":12,"column":25}},"2":{"start":{"line":13,"column":30},"end":{"line":13,"column":36}},"3":{"start":{"line":15,"column":4},"end":{"line":23,"column":7}},"4":{"start":{"line":17,"column":8},"end":{"line":19,"column":9}},"5":{"start":{"line":18,"column":10},"end":{"line":18,"column":39}},"6":{"start":{"line":21,"column":8},"end":{"line":21,"column":38}}},"fnMap":{"0":{"name":"useProxyImperativeHandle","decl":{"start":{"line":7,"column":24},"end":{"line":7,"column":48}},"loc":{"start":{"line":10,"column":56},"end":{"line":25,"column":1}},"line":10},"1":{"name":"(anonymous_1)","decl":{"start":{"line":11,"column":34},"end":{"line":11,"column":35}},"loc":{"start":{"line":11,"column":40},"end":{"line":24,"column":3}},"line":11},"2":{"name":"(anonymous_2)","decl":{"start":{"line":16,"column":6},"end":{"line":16,"column":7}},"loc":{"start":{"line":16,"column":31},"end":{"line":22,"column":7}},"line":16}},"branchMap":{"0":{"loc":{"start":{"line":17,"column":8},"end":{"line":19,"column":9}},"type":"if","locations":[{"start":{"line":17,"column":8},"end":{"line":19,"column":9}},{"start":{},"end":{}}],"line":17}},"s":{"0":92,"1":8,"2":8,"3":8,"4":9,"5":8,"6":1},"f":{"0":92,"1":8,"2":9},"b":{"0":[8,1]},"_coverageSchema":"1a1c01bbd47fc00a2c39e90264f33305004495a9","hash":"60097738cacbeda0a72f513c4d814bf4e2286fdb"}
,"/Users/fanlu/Documents/GitHub/kimx/packages/x/components/_util/hooks/use-shortcut-keys.ts": {"path":"/Users/fanlu/Documents/GitHub/kimx/packages/x/components/_util/hooks/use-shortcut-keys.ts","statementMap":{"0":{"start":{"line":9,"column":29},"end":{"line":9,"column":81}},"1":{"start":{"line":9,"column":65},"end":{"line":9,"column":80}},"2":{"start":{"line":18,"column":31},"end":{"line":23,"column":1}},"3":{"start":{"line":25,"column":30},"end":{"line":44,"column":1}},"4":{"start":{"line":26,"column":28},"end":{"line":26,"column":44}},"5":{"start":{"line":27,"column":20},"end":{"line":27,"column":41}},"6":{"start":{"line":28,"column":21},"end":{"line":28,"column":62}},"7":{"start":{"line":29,"column":29},"end":{"line":29,"column":101}},"8":{"start":{"line":31,"column":19},"end":{"line":34,"column":48}},"9":{"start":{"line":32,"column":8},"end":{"line":32,"column":33}},"10":{"start":{"line":32,"column":20},"end":{"line":32,"column":33}},"11":{"start":{"line":33,"column":8},"end":{"line":33,"column":64}},"12":{"start":{"line":36,"column":4},"end":{"line":41,"column":6}},"13":{"start":{"line":36,"column":16},"end":{"line":41,"column":6}},"14":{"start":{"line":42,"column":4},"end":{"line":42,"column":17}},"15":{"start":{"line":46,"column":24},"end":{"line":81,"column":1}},"16":{"start":{"line":47,"column":26},"end":{"line":47,"column":56}},"17":{"start":{"line":48,"column":77},"end":{"line":48,"column":143}},"18":{"start":{"line":49,"column":56},"end":{"line":49,"column":86}},"19":{"start":{"line":50,"column":4},"end":{"line":79,"column":28}},"20":{"start":{"line":51,"column":8},"end":{"line":51,"column":64}},"21":{"start":{"line":51,"column":57},"end":{"line":51,"column":64}},"22":{"start":{"line":52,"column":26},"end":{"line":74,"column":9}},"23":{"start":{"line":53,"column":12},"end":{"line":73,"column":13}},"24":{"start":{"line":54,"column":40},"end":{"line":54,"column":63}},"25":{"start":{"line":55,"column":16},"end":{"line":55,"column":60}},"26":{"start":{"line":55,"column":53},"end":{"line":55,"column":60}},"27":{"start":{"line":56,"column":16},"end":{"line":72,"column":17}},"28":{"start":{"line":56,"column":50},"end":{"line":56,"column":69}},"29":{"start":{"line":57,"column":20},"end":{"line":64,"column":23}},"30":{"start":{"line":58,"column":46},"end":{"line":58,"column":87}},"31":{"start":{"line":59,"column":24},"end":{"line":63,"column":27}},"32":{"start":{"line":59,"column":43},"end":{"line":63,"column":27}},"33":{"start":{"line":67,"column":42},"end":{"line":67,"column":87}},"34":{"start":{"line":68,"column":20},"end":{"line":71,"column":23}},"35":{"start":{"line":68,"column":39},"end":{"line":71,"column":23}},"36":{"start":{"line":75,"column":8},"end":{"line":75,"column":56}},"37":{"start":{"line":76,"column":8},"end":{"line":78,"column":10}},"38":{"start":{"line":77,"column":12},"end":{"line":77,"column":63}},"39":{"start":{"line":80,"column":4},"end":{"line":80,"column":31}}},"fnMap":{"0":{"name":"(anonymous_0)","decl":{"start":{"line":9,"column":55},"end":{"line":9,"column":56}},"loc":{"start":{"line":9,"column":65},"end":{"line":9,"column":80}},"line":9},"1":{"name":"(anonymous_1)","decl":{"start":{"line":25,"column":30},"end":{"line":25,"column":31}},"loc":{"start":{"line":25,"column":154},"end":{"line":44,"column":1}},"line":25},"2":{"name":"(anonymous_2)","decl":{"start":{"line":31,"column":35},"end":{"line":31,"column":36}},"loc":{"start":{"line":31,"column":55},"end":{"line":34,"column":5}},"line":31},"3":{"name":"(anonymous_3)","decl":{"start":{"line":46,"column":24},"end":{"line":46,"column":25}},"loc":{"start":{"line":46,"column":168},"end":{"line":81,"column":1}},"line":46},"4":{"name":"(anonymous_4)","decl":{"start":{"line":50,"column":14},"end":{"line":50,"column":15}},"loc":{"start":{"line":50,"column":20},"end":{"line":79,"column":5}},"line":50},"5":{"name":"(anonymous_5)","decl":{"start":{"line":52,"column":26},"end":{"line":52,"column":27}},"loc":{"start":{"line":52,"column":52},"end":{"line":74,"column":9}},"line":52},"6":{"name":"(anonymous_6)","decl":{"start":{"line":56,"column":42},"end":{"line":56,"column":43}},"loc":{"start":{"line":56,"column":50},"end":{"line":56,"column":69}},"line":56},"7":{"name":"(anonymous_7)","decl":{"start":{"line":57,"column":44},"end":{"line":57,"column":45}},"loc":{"start":{"line":57,"column":68},"end":{"line":64,"column":21}},"line":57},"8":{"name":"(anonymous_8)","decl":{"start":{"line":76,"column":15},"end":{"line":76,"column":16}},"loc":{"start":{"line":76,"column":21},"end":{"line":78,"column":9}},"line":76}},"branchMap":{"0":{"loc":{"start":{"line":29,"column":29},"end":{"line":29,"column":101}},"type":"cond-expr","locations":[{"start":{"line":29,"column":62},"end":{"line":29,"column":89}},{"start":{"line":29,"column":92},"end":{"line":29,"column":101}}],"line":29},"1":{"loc":{"start":{"line":32,"column":8},"end":{"line":32,"column":33}},"type":"if","locations":[{"start":{"line":32,"column":8},"end":{"line":32,"column":33}},{"start":{},"end":{}}],"line":32},"2":{"loc":{"start":{"line":33,"column":15},"end":{"line":33,"column":63}},"type":"binary-expr","locations":[{"start":{"line":33,"column":15},"end":{"line":33,"column":54}},{"start":{"line":33,"column":58},"end":{"line":33,"column":63}}],"line":33},"3":{"loc":{"start":{"line":36,"column":4},"end":{"line":41,"column":6}},"type":"if","locations":[{"start":{"line":36,"column":4},"end":{"line":41,"column":6}},{"start":{},"end":{}}],"line":36},"4":{"loc":{"start":{"line":38,"column":29},"end":{"line":38,"column":106}},"type":"cond-expr","locations":[{"start":{"line":38,"column":62},"end":{"line":38,"column":98}},{"start":{"line":38,"column":101},"end":{"line":38,"column":106}}],"line":38},"5":{"loc":{"start":{"line":48,"column":95},"end":{"line":48,"column":128}},"type":"binary-expr","locations":[{"start":{"line":48,"column":95},"end":{"line":48,"column":122}},{"start":{"line":48,"column":126},"end":{"line":48,"column":128}}],"line":48},"6":{"loc":{"start":{"line":51,"column":8},"end":{"line":51,"column":64}},"type":"if","locations":[{"start":{"line":51,"column":8},"end":{"line":51,"column":64}},{"start":{},"end":{}}],"line":51},"7":{"loc":{"start":{"line":53,"column":43},"end":{"line":53,"column":66}},"type":"binary-expr","locations":[{"start":{"line":53,"column":43},"end":{"line":53,"column":60}},{"start":{"line":53,"column":64},"end":{"line":53,"column":66}}],"line":53},"8":{"loc":{"start":{"line":55,"column":16},"end":{"line":55,"column":60}},"type":"if","locations":[{"start":{"line":55,"column":16},"end":{"line":55,"column":60}},{"start":{},"end":{}}],"line":55},"9":{"loc":{"start":{"line":56,"column":16},"end":{"line":72,"column":17}},"type":"if","locations":[{"start":{"line":56,"column":16},"end":{"line":72,"column":17}},{"start":{"line":66,"column":23},"end":{"line":72,"column":17}}],"line":56},"10":{"loc":{"start":{"line":59,"column":24},"end":{"line":63,"column":27}},"type":"if","locations":[{"start":{"line":59,"column":24},"end":{"line":63,"column":27}},{"start":{},"end":{}}],"line":59},"11":{"loc":{"start":{"line":68,"column":20},"end":{"line":71,"column":23}},"type":"if","locations":[{"start":{"line":68,"column":20},"end":{"line":71,"column":23}},{"start":{},"end":{}}],"line":68}},"s":{"0":33,"1":297,"2":33,"3":33,"4":0,"5":0,"6":0,"7":0,"8":0,"9":0,"10":0,"11":0,"12":0,"13":0,"14":0,"15":33,"16":60,"17":60,"18":60,"19":60,"20":48,"21":46,"22":2,"23":0,"24":0,"25":0,"26":0,"27":0,"28":0,"29":0,"30":0,"31":0,"32":0,"33":0,"34":0,"35":0,"36":2,"37":2,"38":2,"39":60},"f":{"0":297,"1":0,"2":0,"3":60,"4":48,"5":0,"6":0,"7":0,"8":2},"b":{"0":[0,0],"1":[0,0],"2":[0,0],"3":[0,0],"4":[0,0],"5":[60,60],"6":[46,2],"7":[0,0],"8":[0,0],"9":[0,0],"10":[0,0],"11":[0,0]},"_coverageSchema":"1a1c01bbd47fc00a2c39e90264f33305004495a9","hash":"45c77acc528427314b02df90f73be1dfcb4e9118"}
,"/Users/fanlu/Documents/GitHub/kimx/packages/x/components/_util/hooks/use-x-component-config.ts": {"path":"/Users/fanlu/Documents/GitHub/kimx/packages/x/components/_util/hooks/use-x-component-config.ts","statementMap":{"0":{"start":{"line":6,"column":58},"end":{"line":11,"column":1}},"1":{"start":{"line":13,"column":28},"end":{"line":25,"column":1}},"2":{"start":{"line":16,"column":27},"end":{"line":16,"column":61}},"3":{"start":{"line":18,"column":2},"end":{"line":24,"column":4}},"4":{"start":{"line":19,"column":11},"end":{"line":22,"column":5}}},"fnMap":{"0":{"name":"(anonymous_0)","decl":{"start":{"line":13,"column":28},"end":{"line":13,"column":29}},"loc":{"start":{"line":15,"column":59},"end":{"line":25,"column":1}},"line":15},"1":{"name":"(anonymous_1)","decl":{"start":{"line":19,"column":4},"end":{"line":19,"column":5}},"loc":{"start":{"line":19,"column":11},"end":{"line":22,"column":5}},"line":19}},"branchMap":{},"s":{"0":37,"1":37,"2":851,"3":851,"4":606},"f":{"0":851,"1":606},"b":{},"_coverageSchema":"1a1c01bbd47fc00a2c39e90264f33305004495a9","hash":"277d9b91f9cfdaa671fd3756e347d0916e6cdce8"}
,"/Users/fanlu/Documents/GitHub/kimx/packages/x/components/actions/ActionMenu.tsx": {"path":"/Users/fanlu/Documents/GitHub/kimx/packages/x/components/actions/ActionMenu.tsx","statementMap":{"0":{"start":{"line":8,"column":24},"end":{"line":24,"column":1}},"1":{"start":{"line":9,"column":20},"end":{"line":9,"column":30}},"2":{"start":{"line":11,"column":2},"end":{"line":21,"column":3}},"3":{"start":{"line":12,"column":4},"end":{"line":20,"column":5}},"4":{"start":{"line":14,"column":6},"end":{"line":14,"column":44}},"5":{"start":{"line":14,"column":32},"end":{"line":14,"column":44}},"6":{"start":{"line":17,"column":6},"end":{"line":19,"column":7}},"7":{"start":{"line":18,"column":8},"end":{"line":18,"column":59}},"8":{"start":{"line":23,"column":2},"end":{"line":23,"column":14}},"9":{"start":{"line":26,"column":19},"end":{"line":61,"column":1}},"10":{"start":{"line":27,"column":41},"end":{"line":27,"column":46}},"11":{"start":{"line":28,"column":60},"end":{"line":28,"column":64}},"12":{"start":{"line":29,"column":27},"end":{"line":29,"column":48}},"13":{"start":{"line":30,"column":20},"end":{"line":30,"column":60}},"14":{"start":{"line":31,"column":15},"end":{"line":31,"column":49}},"15":{"start":{"line":33,"column":31},"end":{"line":47,"column":3}},"16":{"start":{"line":36,"column":6},"end":{"line":39,"column":7}},"17":{"start":{"line":37,"column":8},"end":{"line":37,"column":94}},"18":{"start":{"line":38,"column":8},"end":{"line":38,"column":15}},"19":{"start":{"line":40,"column":6},"end":{"line":45,"column":9}},"20":{"start":{"line":49,"column":2},"end":{"line":60,"column":4}}},"fnMap":{"0":{"name":"(anonymous_0)","decl":{"start":{"line":8,"column":24},"end":{"line":8,"column":25}},"loc":{"start":{"line":8,"column":87},"end":{"line":24,"column":1}},"line":8},"1":{"name":"(anonymous_1)","decl":{"start":{"line":26,"column":19},"end":{"line":26,"column":20}},"loc":{"start":{"line":26,"column":96},"end":{"line":61,"column":1}},"line":26},"2":{"name":"(anonymous_2)","decl":{"start":{"line":35,"column":13},"end":{"line":35,"column":14}},"loc":{"start":{"line":35,"column":45},"end":{"line":46,"column":5}},"line":35}},"branchMap":{"0":{"loc":{"start":{"line":12,"column":4},"end":{"line":20,"column":5}},"type":"if","locations":[{"start":{"line":12,"column":4},"end":{"line":20,"column":5}},{"start":{},"end":{}}],"line":12},"1":{"loc":{"start":{"line":14,"column":6},"end":{"line":14,"column":44}},"type":"if","locations":[{"start":{"line":14,"column":6},"end":{"line":14,"column":44}},{"start":{},"end":{}}],"line":14},"2":{"loc":{"start":{"line":17,"column":6},"end":{"line":19,"column":7}},"type":"if","locations":[{"start":{"line":17,"column":6},"end":{"line":19,"column":7}},{"start":{},"end":{}}],"line":17},"3":{"loc":{"start":{"line":28,"column":10},"end":{"line":28,"column":23}},"type":"default-arg","locations":[{"start":{"line":28,"column":21},"end":{"line":28,"column":23}}],"line":28},"4":{"loc":{"start":{"line":28,"column":25},"end":{"line":28,"column":55}},"type":"default-arg","locations":[{"start":{"line":28,"column":48},"end":{"line":28,"column":55}}],"line":28},"5":{"loc":{"start":{"line":31,"column":15},"end":{"line":31,"column":49}},"type":"binary-expr","locations":[{"start":{"line":31,"column":15},"end":{"line":31,"column":25}},{"start":{"line":31,"column":29},"end":{"line":31,"column":49}}],"line":31},"6":{"loc":{"start":{"line":36,"column":6},"end":{"line":39,"column":7}},"type":"if","locations":[{"start":{"line":36,"column":6},"end":{"line":39,"column":7}},{"start":{},"end":{}}],"line":36}},"s":{"0":34,"1":10,"2":10,"3":17,"4":7,"5":5,"6":2,"7":2,"8":3,"9":34,"10":8,"11":8,"12":8,"13":8,"14":8,"15":8,"16":1,"17":1,"18":1,"19":0,"20":8},"f":{"0":10,"1":8,"2":1},"b":{"0":[7,10],"1":[5,2],"2":[2,0],"3":[0],"4":[8],"5":[8,7],"6":[1,0]},"_coverageSchema":"1a1c01bbd47fc00a2c39e90264f33305004495a9","hash":"b72e93b28ed2382e2daae3c9ad589d44f059ee44"}
,"/Users/fanlu/Documents/GitHub/kimx/packages/x/components/actions/index.tsx": {"path":"/Users/fanlu/Documents/GitHub/kimx/packages/x/components/actions/index.tsx","statementMap":{"0":{"start":{"line":56,"column":40},"end":{"line":147,"column":1}},"1":{"start":{"line":66,"column":6},"end":{"line":66,"column":11}},"2":{"start":{"line":69,"column":27},"end":{"line":69,"column":48}},"3":{"start":{"line":70,"column":20},"end":{"line":70,"column":63}},"4":{"start":{"line":73,"column":24},"end":{"line":73,"column":54}},"5":{"start":{"line":76,"column":42},"end":{"line":76,"column":61}},"6":{"start":{"line":78,"column":20},"end":{"line":84,"column":3}},"7":{"start":{"line":86,"column":22},"end":{"line":89,"column":3}},"8":{"start":{"line":91,"column":25},"end":{"line":100,"column":3}},"9":{"start":{"line":92,"column":4},"end":{"line":98,"column":5}},"10":{"start":{"line":93,"column":6},"end":{"line":97,"column":8}},"11":{"start":{"line":99,"column":4},"end":{"line":99,"column":16}},"12":{"start":{"line":102,"column":26},"end":{"line":117,"column":3}},"13":{"start":{"line":107,"column":4},"end":{"line":110,"column":5}},"14":{"start":{"line":108,"column":6},"end":{"line":108,"column":29}},"15":{"start":{"line":109,"column":6},"end":{"line":109,"column":13}},"16":{"start":{"line":111,"column":4},"end":{"line":116,"column":7}},"17":{"start":{"line":119,"column":27},"end":{"line":131,"column":3}},"18":{"start":{"line":120,"column":33},"end":{"line":120,"column":37}},"19":{"start":{"line":122,"column":4},"end":{"line":130,"column":6}},"20":{"start":{"line":125,"column":31},"end":{"line":125,"column":67}},"21":{"start":{"line":133,"column":2},"end":{"line":146,"column":4}},"22":{"start":{"line":137,"column":10},"end":{"line":141,"column":11}},"23":{"start":{"line":138,"column":12},"end":{"line":140,"column":14}},"24":{"start":{"line":142,"column":10},"end":{"line":142,"column":40}},"25":{"start":{"line":149,"column":0},"end":{"line":151,"column":1}},"26":{"start":{"line":150,"column":2},"end":{"line":150,"column":34}}},"fnMap":{"0":{"name":"(anonymous_0)","decl":{"start":{"line":56,"column":40},"end":{"line":56,"column":41}},"loc":{"start":{"line":56,"column":65},"end":{"line":147,"column":1}},"line":56},"1":{"name":"(anonymous_1)","decl":{"start":{"line":91,"column":25},"end":{"line":91,"column":26}},"loc":{"start":{"line":91,"column":97},"end":{"line":100,"column":3}},"line":91},"2":{"name":"(anonymous_2)","decl":{"start":{"line":102,"column":26},"end":{"line":102,"column":27}},"loc":{"start":{"line":106,"column":7},"end":{"line":117,"column":3}},"line":106},"3":{"name":"(anonymous_3)","decl":{"start":{"line":119,"column":27},"end":{"line":119,"column":28}},"loc":{"start":{"line":119,"column":50},"end":{"line":131,"column":3}},"line":119},"4":{"name":"(anonymous_4)","decl":{"start":{"line":125,"column":17},"end":{"line":125,"column":18}},"loc":{"start":{"line":125,"column":31},"end":{"line":125,"column":67}},"line":125},"5":{"name":"(anonymous_5)","decl":{"start":{"line":136,"column":19},"end":{"line":136,"column":20}},"loc":{"start":{"line":136,"column":29},"end":{"line":143,"column":9}},"line":136}},"branchMap":{"0":{"loc":{"start":{"line":59,"column":4},"end":{"line":59,"column":22}},"type":"default-arg","locations":[{"start":{"line":59,"column":20},"end":{"line":59,"column":22}}],"line":59},"1":{"loc":{"start":{"line":60,"column":4},"end":{"line":60,"column":14}},"type":"default-arg","locations":[{"start":{"line":60,"column":12},"end":{"line":60,"column":14}}],"line":60},"2":{"loc":{"start":{"line":61,"column":4},"end":{"line":61,"column":26}},"type":"default-arg","locations":[{"start":{"line":61,"column":14},"end":{"line":61,"column":26}}],"line":61},"3":{"loc":{"start":{"line":62,"column":4},"end":{"line":62,"column":17}},"type":"default-arg","locations":[{"start":{"line":62,"column":12},"end":{"line":62,"column":17}}],"line":62},"4":{"loc":{"start":{"line":64,"column":4},"end":{"line":64,"column":14}},"type":"default-arg","locations":[{"start":{"line":64,"column":12},"end":{"line":64,"column":14}}],"line":64},"5":{"loc":{"start":{"line":92,"column":4},"end":{"line":98,"column":5}},"type":"if","locations":[{"start":{"line":92,"column":4},"end":{"line":98,"column":5}},{"start":{},"end":{}}],"line":92},"6":{"loc":{"start":{"line":107,"column":4},"end":{"line":110,"column":5}},"type":"if","locations":[{"start":{"line":107,"column":4},"end":{"line":110,"column":5}},{"start":{},"end":{}}],"line":107},"7":{"loc":{"start":{"line":137,"column":10},"end":{"line":141,"column":11}},"type":"if","locations":[{"start":{"line":137,"column":10},"end":{"line":141,"column":11}},{"start":{},"end":{}}],"line":137},"8":{"loc":{"start":{"line":149,"column":0},"end":{"line":151,"column":1}},"type":"if","locations":[{"start":{"line":149,"column":0},"end":{"line":151,"column":1}},{"start":{},"end":{}}],"line":149}},"s":{"0":34,"1":16,"2":16,"3":16,"4":16,"5":16,"6":16,"7":16,"8":16,"9":29,"10":29,"11":0,"12":16,"13":2,"14":1,"15":1,"16":1,"17":16,"18":29,"19":29,"20":2,"21":16,"22":37,"23":8,"24":29,"25":34,"26":34},"f":{"0":16,"1":29,"2":2,"3":29,"4":2,"5":37},"b":{"0":[14],"1":[16],"2":[13],"3":[16],"4":[2],"5":[29,0],"6":[1,1],"7":[8,29],"8":[34,0]},"_coverageSchema":"1a1c01bbd47fc00a2c39e90264f33305004495a9","hash":"ec1ed0e6f0db2c4478271138f5091e7e9d3516c0"}
,"/Users/fanlu/Documents/GitHub/kimx/packages/x/components/actions/style/index.ts": {"path":"/Users/fanlu/Documents/GitHub/kimx/packages/x/components/actions/style/index.ts","statementMap":{"0":{"start":{"line":10,"column":53},"end":{"line":71,"column":1}},"1":{"start":{"line":11,"column":33},"end":{"line":11,"column":38}},"2":{"start":{"line":13,"column":2},"end":{"line":70,"column":4}},"3":{"start":{"line":73,"column":65},"end":{"line":73,"column":75}},"4":{"start":{"line":73,"column":72},"end":{"line":73,"column":74}},"5":{"start":{"line":78,"column":22},"end":{"line":78,"column":57}},"6":{"start":{"line":79,"column":4},"end":{"line":79,"column":40}}},"fnMap":{"0":{"name":"(anonymous_0)","decl":{"start":{"line":10,"column":53},"end":{"line":10,"column":54}},"loc":{"start":{"line":10,"column":64},"end":{"line":71,"column":1}},"line":10},"1":{"name":"(anonymous_1)","decl":{"start":{"line":73,"column":65},"end":{"line":73,"column":66}},"loc":{"start":{"line":73,"column":72},"end":{"line":73,"column":74}},"line":73},"2":{"name":"(anonymous_2)","decl":{"start":{"line":77,"column":2},"end":{"line":77,"column":3}},"loc":{"start":{"line":77,"column":13},"end":{"line":80,"column":3}},"line":77}},"branchMap":{},"s":{"0":34,"1":12,"2":12,"3":34,"4":12,"5":12,"6":12},"f":{"0":12,"1":12,"2":12},"b":{},"_coverageSchema":"1a1c01bbd47fc00a2c39e90264f33305004495a9","hash":"d69e0063f137c174e58cdeb9c89c9006b8815a86"}
,"/Users/fanlu/Documents/GitHub/kimx/packages/x/components/attachments/DropArea.tsx": {"path":"/Users/fanlu/Documents/GitHub/kimx/packages/x/components/attachments/DropArea.tsx","statementMap":{"0":{"start":{"line":14,"column":63},"end":{"line":14,"column":68}},"1":{"start":{"line":15,"column":23},"end":{"line":15,"column":58}},"2":{"start":{"line":17,"column":36},"end":{"line":17,"column":84}},"3":{"start":{"line":18,"column":34},"end":{"line":18,"column":70}},"4":{"start":{"line":21,"column":2},"end":{"line":26,"column":25}},"5":{"start":{"line":22,"column":26},"end":{"line":22,"column":46}},"6":{"start":{"line":23,"column":4},"end":{"line":25,"column":5}},"7":{"start":{"line":24,"column":6},"end":{"line":24,"column":34}},"8":{"start":{"line":29,"column":2},"end":{"line":62,"column":20}},"9":{"start":{"line":31,"column":4},"end":{"line":61,"column":5}},"10":{"start":{"line":32,"column":26},"end":{"line":34,"column":7}},"11":{"start":{"line":33,"column":8},"end":{"line":33,"column":26}},"12":{"start":{"line":37,"column":25},"end":{"line":39,"column":7}},"13":{"start":{"line":38,"column":8},"end":{"line":38,"column":27}},"14":{"start":{"line":41,"column":26},"end":{"line":45,"column":7}},"15":{"start":{"line":42,"column":8},"end":{"line":44,"column":9}},"16":{"start":{"line":43,"column":10},"end":{"line":43,"column":29}},"17":{"start":{"line":46,"column":21},"end":{"line":49,"column":7}},"18":{"start":{"line":47,"column":8},"end":{"line":47,"column":27}},"19":{"start":{"line":48,"column":8},"end":{"line":48,"column":27}},"20":{"start":{"line":51,"column":6},"end":{"line":51,"column":58}},"21":{"start":{"line":52,"column":6},"end":{"line":52,"column":56}},"22":{"start":{"line":53,"column":6},"end":{"line":53,"column":58}},"23":{"start":{"line":54,"column":6},"end":{"line":54,"column":48}},"24":{"start":{"line":55,"column":6},"end":{"line":60,"column":8}},"25":{"start":{"line":56,"column":8},"end":{"line":56,"column":63}},"26":{"start":{"line":57,"column":8},"end":{"line":57,"column":61}},"27":{"start":{"line":58,"column":8},"end":{"line":58,"column":63}},"28":{"start":{"line":59,"column":8},"end":{"line":59,"column":53}},"29":{"start":{"line":65,"column":23},"end":{"line":65,"column":65}},"30":{"start":{"line":68,"column":2},"end":{"line":70,"column":3}},"31":{"start":{"line":69,"column":4},"end":{"line":69,"column":16}},"32":{"start":{"line":72,"column":18},"end":{"line":72,"column":42}},"33":{"start":{"line":74,"column":2},"end":{"line":84,"column":4}}},"fnMap":{"0":{"name":"DropArea","decl":{"start":{"line":13,"column":24},"end":{"line":13,"column":32}},"loc":{"start":{"line":13,"column":59},"end":{"line":85,"column":1}},"line":13},"1":{"name":"(anonymous_1)","decl":{"start":{"line":21,"column":18},"end":{"line":21,"column":19}},"loc":{"start":{"line":21,"column":24},"end":{"line":26,"column":3}},"line":21},"2":{"name":"(anonymous_2)","decl":{"start":{"line":29,"column":18},"end":{"line":29,"column":19}},"loc":{"start":{"line":29,"column":24},"end":{"line":62,"column":3}},"line":29},"3":{"name":"(anonymous_3)","decl":{"start":{"line":32,"column":26},"end":{"line":32,"column":27}},"loc":{"start":{"line":32,"column":32},"end":{"line":34,"column":7}},"line":32},"4":{"name":"(anonymous_4)","decl":{"start":{"line":37,"column":25},"end":{"line":37,"column":26}},"loc":{"start":{"line":37,"column":43},"end":{"line":39,"column":7}},"line":37},"5":{"name":"(anonymous_5)","decl":{"start":{"line":41,"column":26},"end":{"line":41,"column":27}},"loc":{"start":{"line":41,"column":44},"end":{"line":45,"column":7}},"line":41},"6":{"name":"(anonymous_6)","decl":{"start":{"line":46,"column":21},"end":{"line":46,"column":22}},"loc":{"start":{"line":46,"column":39},"end":{"line":49,"column":7}},"line":46},"7":{"name":"(anonymous_7)","decl":{"start":{"line":55,"column":13},"end":{"line":55,"column":14}},"loc":{"start":{"line":55,"column":19},"end":{"line":60,"column":7}},"line":55}},"branchMap":{"0":{"loc":{"start":{"line":23,"column":4},"end":{"line":25,"column":5}},"type":"if","locations":[{"start":{"line":23,"column":4},"end":{"line":25,"column":5}},{"start":{},"end":{}}],"line":23},"1":{"loc":{"start":{"line":31,"column":4},"end":{"line":61,"column":5}},"type":"if","locations":[{"start":{"line":31,"column":4},"end":{"line":61,"column":5}},{"start":{},"end":{}}],"line":31},"2":{"loc":{"start":{"line":42,"column":8},"end":{"line":44,"column":9}},"type":"if","locations":[{"start":{"line":42,"column":8},"end":{"line":44,"column":9}},{"start":{},"end":{}}],"line":42},"3":{"loc":{"start":{"line":65,"column":23},"end":{"line":65,"column":65}},"type":"binary-expr","locations":[{"start":{"line":65,"column":23},"end":{"line":65,"column":39}},{"start":{"line":65,"column":43},"end":{"line":65,"column":52}},{"start":{"line":65,"column":56},"end":{"line":65,"column":65}}],"line":65},"4":{"loc":{"start":{"line":68,"column":2},"end":{"line":70,"column":3}},"type":"if","locations":[{"start":{"line":68,"column":2},"end":{"line":70,"column":3}},{"start":{},"end":{}}],"line":68},"5":{"loc":{"start":{"line":79,"column":24},"end":{"line":79,"column":51}},"type":"cond-expr","locations":[{"start":{"line":79,"column":35},"end":{"line":79,"column":42}},{"start":{"line":79,"column":45},"end":{"line":79,"column":51}}],"line":79}},"s":{"0":82,"1":82,"2":82,"3":82,"4":82,"5":34,"6":34,"7":28,"8":82,"9":44,"10":14,"11":3,"12":14,"13":2,"14":14,"15":1,"16":1,"17":14,"18":1,"19":1,"20":14,"21":14,"22":14,"23":14,"24":14,"25":14,"26":14,"27":14,"28":14,"29":82,"30":82,"31":36,"32":46,"33":46},"f":{"0":82,"1":34,"2":44,"3":3,"4":2,"5":1,"6":1,"7":14},"b":{"0":[28,6],"1":[14,30],"2":[1,0],"3":[82,80,46],"4":[36,46],"5":[6,40]},"_coverageSchema":"1a1c01bbd47fc00a2c39e90264f33305004495a9","hash":"e6798096b761176150c7297f069d283ac4e1ae92"}
,"/Users/fanlu/Documents/GitHub/kimx/packages/x/components/attachments/PlaceholderUploader.tsx": {"path":"/Users/fanlu/Documents/GitHub/kimx/packages/x/components/attachments/PlaceholderUploader.tsx","statementMap":{"0":{"start":{"line":23,"column":68},"end":{"line":23,"column":73}},"1":{"start":{"line":25,"column":25},"end":{"line":25,"column":51}},"2":{"start":{"line":27,"column":28},"end":{"line":27,"column":68}},"3":{"start":{"line":29,"column":23},"end":{"line":29,"column":58}},"4":{"start":{"line":32,"column":30},"end":{"line":32,"column":51}},"5":{"start":{"line":34,"column":22},"end":{"line":36,"column":3}},"6":{"start":{"line":35,"column":4},"end":{"line":35,"column":20}},"7":{"start":{"line":38,"column":22},"end":{"line":43,"column":3}},"8":{"start":{"line":40,"column":4},"end":{"line":42,"column":5}},"9":{"start":{"line":41,"column":6},"end":{"line":41,"column":23}},"10":{"start":{"line":45,"column":17},"end":{"line":47,"column":3}},"11":{"start":{"line":46,"column":4},"end":{"line":46,"column":21}},"12":{"start":{"line":50,"column":15},"end":{"line":64,"column":3}},"13":{"start":{"line":66,"column":2},"end":{"line":91,"column":4}}},"fnMap":{"0":{"name":"Placeholder","decl":{"start":{"line":22,"column":9},"end":{"line":22,"column":20}},"loc":{"start":{"line":22,"column":85},"end":{"line":92,"column":1}},"line":22},"1":{"name":"(anonymous_1)","decl":{"start":{"line":34,"column":22},"end":{"line":34,"column":23}},"loc":{"start":{"line":34,"column":28},"end":{"line":36,"column":3}},"line":34},"2":{"name":"(anonymous_2)","decl":{"start":{"line":38,"column":22},"end":{"line":38,"column":23}},"loc":{"start":{"line":38,"column":46},"end":{"line":43,"column":3}},"line":38},"3":{"name":"(anonymous_3)","decl":{"start":{"line":45,"column":17},"end":{"line":45,"column":18}},"loc":{"start":{"line":45,"column":23},"end":{"line":47,"column":3}},"line":45}},"branchMap":{"0":{"loc":{"start":{"line":23,"column":21},"end":{"line":23,"column":37}},"type":"default-arg","locations":[{"start":{"line":23,"column":35},"end":{"line":23,"column":37}}],"line":23},"1":{"loc":{"start":{"line":27,"column":29},"end":{"line":27,"column":46}},"type":"binary-expr","locations":[{"start":{"line":27,"column":29},"end":{"line":27,"column":40}},{"start":{"line":27,"column":44},"end":{"line":27,"column":46}}],"line":27},"2":{"loc":{"start":{"line":40,"column":4},"end":{"line":42,"column":5}},"type":"if","locations":[{"start":{"line":40,"column":4},"end":{"line":42,"column":5}},{"start":{},"end":{}}],"line":40},"3":{"loc":{"start":{"line":50,"column":15},"end":{"line":64,"column":3}},"type":"cond-expr","locations":[{"start":{"line":51,"column":4},"end":{"line":51,"column":15}},{"start":{"line":53,"column":4},"end":{"line":63,"column":11}}],"line":50}},"s":{"0":77,"1":77,"2":77,"3":77,"4":77,"5":77,"6":1,"7":77,"8":1,"9":1,"10":77,"11":1,"12":77,"13":77},"f":{"0":77,"1":1,"2":1,"3":1},"b":{"0":[50],"1":[77,0],"2":[1,0],"3":[3,74]},"_coverageSchema":"1a1c01bbd47fc00a2c39e90264f33305004495a9","hash":"aa5d14227c190af6a5a6249f21af5e793f03740b"}
,"/Users/fanlu/Documents/GitHub/kimx/packages/x/components/attachments/SilentUploader.tsx": {"path":"/Users/fanlu/Documents/GitHub/kimx/packages/x/components/attachments/SilentUploader.tsx","statementMap":{"0":{"start":{"line":14,"column":46},"end":{"line":14,"column":51}},"1":{"start":{"line":16,"column":20},"end":{"line":16,"column":61}},"2":{"start":{"line":17,"column":2},"end":{"line":17,"column":59}},"3":{"start":{"line":17,"column":39},"end":{"line":17,"column":57}},"4":{"start":{"line":20,"column":2},"end":{"line":24,"column":4}}},"fnMap":{"0":{"name":"SilentUploader","decl":{"start":{"line":13,"column":9},"end":{"line":13,"column":23}},"loc":{"start":{"line":13,"column":91},"end":{"line":25,"column":1}},"line":13},"1":{"name":"(anonymous_1)","decl":{"start":{"line":17,"column":33},"end":{"line":17,"column":34}},"loc":{"start":{"line":17,"column":39},"end":{"line":17,"column":57}},"line":17}},"branchMap":{},"s":{"0":68,"1":68,"2":68,"3":6,"4":68},"f":{"0":68,"1":6},"b":{},"_coverageSchema":"1a1c01bbd47fc00a2c39e90264f33305004495a9","hash":"a361a0f5534c4d5e1737159cfb0c027fba22f879"}
,"/Users/fanlu/Documents/GitHub/kimx/packages/x/components/attachments/context.tsx": {"path":"/Users/fanlu/Documents/GitHub/kimx/packages/x/components/attachments/context.tsx","statementMap":{"0":{"start":{"line":7,"column":33},"end":{"line":7,"column":83}}},"fnMap":{},"branchMap":{},"s":{"0":34},"f":{},"b":{},"_coverageSchema":"1a1c01bbd47fc00a2c39e90264f33305004495a9","hash":"6b6b6d0ef77db0a07201139c6dbac576fdaad51d"}
,"/Users/fanlu/Documents/GitHub/kimx/packages/x/components/attachments/index.tsx": {"path":"/Users/fanlu/Documents/GitHub/kimx/packages/x/components/attachments/index.tsx","statementMap":{"0":{"start":{"line":76,"column":6},"end":{"line":76,"column":11}},"1":{"start":{"line":79,"column":38},"end":{"line":79,"column":59}},"2":{"start":{"line":81,"column":20},"end":{"line":81,"column":66}},"3":{"start":{"line":84,"column":24},"end":{"line":84,"column":58}},"4":{"start":{"line":86,"column":67},"end":{"line":86,"column":80}},"5":{"start":{"line":89,"column":23},"end":{"line":89,"column":57}},"6":{"start":{"line":91,"column":20},"end":{"line":91,"column":61}},"7":{"start":{"line":93,"column":2},"end":{"line":107,"column":6}},"8":{"start":{"line":93,"column":40},"end":{"line":107,"column":3}},"9":{"start":{"line":96,"column":24},"end":{"line":96,"column":93}},"10":{"start":{"line":99,"column":6},"end":{"line":105,"column":7}},"11":{"start":{"line":100,"column":29},"end":{"line":100,"column":47}},"12":{"start":{"line":101,"column":8},"end":{"line":101,"column":37}},"13":{"start":{"line":102,"column":8},"end":{"line":102,"column":45}},"14":{"start":{"line":104,"column":8},"end":{"line":104,"column":72}},"15":{"start":{"line":110,"column":42},"end":{"line":110,"column":61}},"16":{"start":{"line":112,"column":21},"end":{"line":112,"column":50}},"17":{"start":{"line":115,"column":34},"end":{"line":117,"column":4}},"18":{"start":{"line":119,"column":63},"end":{"line":122,"column":4}},"19":{"start":{"line":120,"column":4},"end":{"line":120,"column":31}},"20":{"start":{"line":121,"column":4},"end":{"line":121,"column":21}},"21":{"start":{"line":124,"column":41},"end":{"line":128,"column":3}},"22":{"start":{"line":130,"column":23},"end":{"line":143,"column":6}},"23":{"start":{"line":131,"column":4},"end":{"line":143,"column":6}},"24":{"start":{"line":133,"column":6},"end":{"line":135,"column":7}},"25":{"start":{"line":134,"column":8},"end":{"line":134,"column":15}},"26":{"start":{"line":137,"column":26},"end":{"line":137,"column":82}},"27":{"start":{"line":137,"column":56},"end":{"line":137,"column":81}},"28":{"start":{"line":139,"column":6},"end":{"line":142,"column":9}},"29":{"start":{"line":147,"column":29},"end":{"line":168,"column":3}},"30":{"start":{"line":152,"column":31},"end":{"line":152,"column":98}},"31":{"start":{"line":154,"column":4},"end":{"line":167,"column":6}},"32":{"start":{"line":170,"column":2},"end":{"line":235,"column":3}},"33":{"start":{"line":171,"column":4},"end":{"line":184,"column":6}},"34":{"start":{"line":186,"column":24},"end":{"line":186,"column":43}},"35":{"start":{"line":188,"column":4},"end":{"line":234,"column":6}},"36":{"start":{"line":227,"column":55},"end":{"line":227,"column":75}},"37":{"start":{"line":237,"column":2},"end":{"line":245,"column":4}},"38":{"start":{"line":248,"column":27},"end":{"line":252,"column":1}},"39":{"start":{"line":254,"column":0},"end":{"line":256,"column":1}},"40":{"start":{"line":255,"column":2},"end":{"line":255,"column":49}},"41":{"start":{"line":258,"column":0},"end":{"line":258,"column":43}}},"fnMap":{"0":{"name":"Attachments","decl":{"start":{"line":57,"column":9},"end":{"line":57,"column":20}},"loc":{"start":{"line":57,"column":78},"end":{"line":246,"column":1}},"line":57},"1":{"name":"(anonymous_1)","decl":{"start":{"line":93,"column":33},"end":{"line":93,"column":34}},"loc":{"start":{"line":93,"column":40},"end":{"line":107,"column":3}},"line":93},"2":{"name":"(anonymous_2)","decl":{"start":{"line":95,"column":12},"end":{"line":95,"column":13}},"loc":{"start":{"line":95,"column":22},"end":{"line":106,"column":5}},"line":95},"3":{"name":"(anonymous_3)","decl":{"start":{"line":119,"column":72},"end":{"line":119,"column":73}},"loc":{"start":{"line":119,"column":82},"end":{"line":122,"column":3}},"line":119},"4":{"name":"(anonymous_4)","decl":{"start":{"line":130,"column":23},"end":{"line":130,"column":24}},"loc":{"start":{"line":131,"column":4},"end":{"line":143,"column":6}},"line":131},"5":{"name":"(anonymous_5)","decl":{"start":{"line":131,"column":85},"end":{"line":131,"column":86}},"loc":{"start":{"line":131,"column":94},"end":{"line":143,"column":5}},"line":131},"6":{"name":"(anonymous_6)","decl":{"start":{"line":137,"column":42},"end":{"line":137,"column":43}},"loc":{"start":{"line":137,"column":56},"end":{"line":137,"column":81}},"line":137},"7":{"name":"(anonymous_7)","decl":{"start":{"line":147,"column":29},"end":{"line":147,"column":30}},"loc":{"start":{"line":151,"column":7},"end":{"line":168,"column":3}},"line":151},"8":{"name":"(anonymous_8)","decl":{"start":{"line":227,"column":49},"end":{"line":227,"column":50}},"loc":{"start":{"line":227,"column":55},"end":{"line":227,"column":75}},"line":227}},"branchMap":{"0":{"loc":{"start":{"line":73,"column":4},"end":{"line":73,"column":19}},"type":"default-arg","locations":[{"start":{"line":73,"column":17},"end":{"line":73,"column":19}}],"line":73},"1":{"loc":{"start":{"line":74,"column":4},"end":{"line":74,"column":15}},"type":"default-arg","locations":[{"start":{"line":74,"column":13},"end":{"line":74,"column":15}}],"line":74},"2":{"loc":{"start":{"line":99,"column":6},"end":{"line":105,"column":7}},"type":"if","locations":[{"start":{"line":99,"column":6},"end":{"line":105,"column":7}},{"start":{},"end":{}}],"line":99},"3":{"loc":{"start":{"line":131,"column":20},"end":{"line":131,"column":78}},"type":"cond-expr","locations":[{"start":{"line":131,"column":53},"end":{"line":131,"column":67}},{"start":{"line":131,"column":70},"end":{"line":131,"column":78}}],"line":131},"4":{"loc":{"start":{"line":133,"column":6},"end":{"line":135,"column":7}},"type":"if","locations":[{"start":{"line":133,"column":6},"end":{"line":135,"column":7}},{"start":{},"end":{}}],"line":133},"5":{"loc":{"start":{"line":152,"column":31},"end":{"line":152,"column":98}},"type":"cond-expr","locations":[{"start":{"line":152,"column":67},"end":{"line":152,"column":84}},{"start":{"line":152,"column":87},"end":{"line":152,"column":98}}],"line":152},"6":{"loc":{"start":{"line":170,"column":2},"end":{"line":235,"column":3}},"type":"if","locations":[{"start":{"line":170,"column":2},"end":{"line":235,"column":3}},{"start":{"line":185,"column":9},"end":{"line":235,"column":3}}],"line":170},"7":{"loc":{"start":{"line":203,"column":13},"end":{"line":203,"column":31}},"type":"binary-expr","locations":[{"start":{"line":203,"column":13},"end":{"line":203,"column":22}},{"start":{"line":203,"column":26},"end":{"line":203,"column":31}}],"line":203},"8":{"loc":{"start":{"line":216,"column":16},"end":{"line":216,"column":51}},"type":"binary-expr","locations":[{"start":{"line":216,"column":16},"end":{"line":216,"column":28}},{"start":{"line":216,"column":32},"end":{"line":216,"column":51}}],"line":216},"9":{"loc":{"start":{"line":225,"column":38},"end":{"line":225,"column":87}},"type":"cond-expr","locations":[{"start":{"line":225,"column":52},"end":{"line":225,"column":82}},{"start":{"line":225,"column":85},"end":{"line":225,"column":87}}],"line":225},"10":{"loc":{"start":{"line":227,"column":28},"end":{"line":227,"column":76}},"type":"binary-expr","locations":[{"start":{"line":227,"column":28},"end":{"line":227,"column":44}},{"start":{"line":227,"column":49},"end":{"line":227,"column":75}}],"line":227},"11":{"loc":{"start":{"line":254,"column":0},"end":{"line":256,"column":1}},"type":"if","locations":[{"start":{"line":254,"column":0},"end":{"line":256,"column":1}},{"start":{},"end":{}}],"line":254}},"s":{"0":44,"1":44,"2":44,"3":44,"4":44,"5":44,"6":44,"7":44,"8":2,"9":0,"10":0,"11":0,"12":0,"13":0,"14":0,"15":44,"16":44,"17":44,"18":44,"19":3,"20":3,"21":44,"22":44,"23":2,"24":2,"25":1,"26":1,"27":1,"28":1,"29":44,"30":81,"31":81,"32":44,"33":7,"34":37,"35":37,"36":24,"37":44,"38":34,"39":34,"40":34,"41":34},"f":{"0":44,"1":2,"2":0,"3":3,"4":2,"5":2,"6":1,"7":81,"8":24},"b":{"0":[44],"1":[44],"2":[0,0],"3":[1,1],"4":[1,1],"5":[24,57],"6":[7,37],"7":[37,35],"8":[37,26],"9":[11,26],"10":[37,31],"11":[34,0]},"_coverageSchema":"1a1c01bbd47fc00a2c39e90264f33305004495a9","hash":"03f981b3069ccc4ebc112e328408e88a6eb54534"}
,"/Users/fanlu/Documents/GitHub/kimx/packages/x/components/attachments/util.ts": {"path":"/Users/fanlu/Documents/GitHub/kimx/packages/x/components/attachments/util.ts","statementMap":{"0":{"start":{"line":3,"column":31},"end":{"line":3,"column":86}},"1":{"start":{"line":3,"column":58},"end":{"line":3,"column":86}},"2":{"start":{"line":5,"column":21},"end":{"line":5,"column":24}},"3":{"start":{"line":8,"column":2},"end":{"line":55,"column":5}},"4":{"start":{"line":9,"column":4},"end":{"line":12,"column":5}},"5":{"start":{"line":10,"column":6},"end":{"line":10,"column":18}},"6":{"start":{"line":11,"column":6},"end":{"line":11,"column":13}},"7":{"start":{"line":14,"column":16},"end":{"line":14,"column":27}},"8":{"start":{"line":15,"column":4},"end":{"line":34,"column":6}},"9":{"start":{"line":16,"column":32},"end":{"line":16,"column":35}},"10":{"start":{"line":18,"column":20},"end":{"line":18,"column":34}},"11":{"start":{"line":19,"column":33},"end":{"line":19,"column":80}},"12":{"start":{"line":20,"column":34},"end":{"line":20,"column":81}},"13":{"start":{"line":22,"column":21},"end":{"line":22,"column":53}},"14":{"start":{"line":23,"column":6},"end":{"line":23,"column":40}},"15":{"start":{"line":24,"column":6},"end":{"line":24,"column":42}},"16":{"start":{"line":25,"column":6},"end":{"line":25,"column":161}},"17":{"start":{"line":26,"column":6},"end":{"line":26,"column":59}},"18":{"start":{"line":27,"column":18},"end":{"line":27,"column":41}},"19":{"start":{"line":29,"column":6},"end":{"line":29,"column":73}},"20":{"start":{"line":30,"column":22},"end":{"line":30,"column":40}},"21":{"start":{"line":31,"column":6},"end":{"line":31,"column":40}},"22":{"start":{"line":32,"column":6},"end":{"line":32,"column":42}},"23":{"start":{"line":33,"column":6},"end":{"line":33,"column":23}},"24":{"start":{"line":35,"column":4},"end":{"line":35,"column":34}},"25":{"start":{"line":36,"column":4},"end":{"line":54,"column":5}},"26":{"start":{"line":37,"column":21},"end":{"line":37,"column":37}},"27":{"start":{"line":38,"column":6},"end":{"line":42,"column":8}},"28":{"start":{"line":39,"column":8},"end":{"line":41,"column":9}},"29":{"start":{"line":40,"column":10},"end":{"line":40,"column":34}},"30":{"start":{"line":43,"column":6},"end":{"line":43,"column":33}},"31":{"start":{"line":44,"column":11},"end":{"line":54,"column":5}},"32":{"start":{"line":45,"column":21},"end":{"line":45,"column":37}},"33":{"start":{"line":46,"column":6},"end":{"line":50,"column":8}},"34":{"start":{"line":47,"column":8},"end":{"line":49,"column":9}},"35":{"start":{"line":48,"column":10},"end":{"line":48,"column":43}},"36":{"start":{"line":51,"column":6},"end":{"line":51,"column":33}},"37":{"start":{"line":53,"column":6},"end":{"line":53,"column":49}}},"fnMap":{"0":{"name":"(anonymous_0)","decl":{"start":{"line":3,"column":31},"end":{"line":3,"column":32}},"loc":{"start":{"line":3,"column":58},"end":{"line":3,"column":86}},"line":3},"1":{"name":"previewImage","decl":{"start":{"line":7,"column":16},"end":{"line":7,"column":28}},"loc":{"start":{"line":7,"column":65},"end":{"line":56,"column":1}},"line":7},"2":{"name":"(anonymous_2)","decl":{"start":{"line":8,"column":29},"end":{"line":8,"column":30}},"loc":{"start":{"line":8,"column":42},"end":{"line":55,"column":3}},"line":8},"3":{"name":"(anonymous_3)","decl":{"start":{"line":15,"column":17},"end":{"line":15,"column":18}},"loc":{"start":{"line":15,"column":23},"end":{"line":34,"column":5}},"line":15},"4":{"name":"(anonymous_4)","decl":{"start":{"line":38,"column":22},"end":{"line":38,"column":23}},"loc":{"start":{"line":38,"column":28},"end":{"line":42,"column":7}},"line":38},"5":{"name":"(anonymous_5)","decl":{"start":{"line":46,"column":22},"end":{"line":46,"column":23}},"loc":{"start":{"line":46,"column":28},"end":{"line":50,"column":7}},"line":46}},"branchMap":{"0":{"loc":{"start":{"line":9,"column":4},"end":{"line":12,"column":5}},"type":"if","locations":[{"start":{"line":9,"column":4},"end":{"line":12,"column":5}},{"start":{},"end":{}}],"line":9},"1":{"loc":{"start":{"line":9,"column":8},"end":{"line":9,"column":58}},"type":"binary-expr","locations":[{"start":{"line":9,"column":8},"end":{"line":9,"column":13}},{"start":{"line":9,"column":17},"end":{"line":9,"column":27}},{"start":{"line":9,"column":31},"end":{"line":9,"column":58}}],"line":9},"2":{"loc":{"start":{"line":19,"column":33},"end":{"line":19,"column":80}},"type":"cond-expr","locations":[{"start":{"line":19,"column":45},"end":{"line":19,"column":57}},{"start":{"line":19,"column":60},"end":{"line":19,"column":80}}],"line":19},"3":{"loc":{"start":{"line":20,"column":34},"end":{"line":20,"column":81}},"type":"cond-expr","locations":[{"start":{"line":20,"column":46},"end":{"line":20,"column":66}},{"start":{"line":20,"column":69},"end":{"line":20,"column":81}}],"line":20},"4":{"loc":{"start":{"line":36,"column":4},"end":{"line":54,"column":5}},"type":"if","locations":[{"start":{"line":36,"column":4},"end":{"line":54,"column":5}},{"start":{"line":44,"column":11},"end":{"line":54,"column":5}}],"line":36},"5":{"loc":{"start":{"line":39,"column":8},"end":{"line":41,"column":9}},"type":"if","locations":[{"start":{"line":39,"column":8},"end":{"line":41,"column":9}},{"start":{},"end":{}}],"line":39},"6":{"loc":{"start":{"line":39,"column":12},"end":{"line":39,"column":62}},"type":"binary-expr","locations":[{"start":{"line":39,"column":12},"end":{"line":39,"column":25}},{"start":{"line":39,"column":29},"end":{"line":39,"column":62}}],"line":39},"7":{"loc":{"start":{"line":44,"column":11},"end":{"line":54,"column":5}},"type":"if","locations":[{"start":{"line":44,"column":11},"end":{"line":54,"column":5}},{"start":{"line":52,"column":11},"end":{"line":54,"column":5}}],"line":44},"8":{"loc":{"start":{"line":47,"column":8},"end":{"line":49,"column":9}},"type":"if","locations":[{"start":{"line":47,"column":8},"end":{"line":49,"column":9}},{"start":{},"end":{}}],"line":47}},"s":{"0":34,"1":0,"2":34,"3":4,"4":4,"5":4,"6":4,"7":0,"8":0,"9":0,"10":0,"11":0,"12":0,"13":0,"14":0,"15":0,"16":0,"17":0,"18":0,"19":0,"20":0,"21":0,"22":0,"23":0,"24":0,"25":0,"26":0,"27":0,"28":0,"29":0,"30":0,"31":0,"32":0,"33":0,"34":0,"35":0,"36":0,"37":0},"f":{"0":0,"1":4,"2":4,"3":0,"4":0,"5":0},"b":{"0":[4,0],"1":[4,4,0],"2":[0,0],"3":[0,0],"4":[0,0],"5":[0,0],"6":[0,0],"7":[0,0],"8":[0,0]},"_coverageSchema":"1a1c01bbd47fc00a2c39e90264f33305004495a9","hash":"d6c72893cb54c84aca3777a8fd0b62bb8dfb1993"}
,"/Users/fanlu/Documents/GitHub/kimx/packages/x/components/attachments/FileList/AudioIcon.tsx": {"path":"/Users/fanlu/Documents/GitHub/kimx/packages/x/components/attachments/FileList/AudioIcon.tsx","statementMap":{"0":{"start":{"line":4,"column":2},"end":{"line":21,"column":4}}},"fnMap":{"0":{"name":"AudioIcon","decl":{"start":{"line":3,"column":24},"end":{"line":3,"column":33}},"loc":{"start":{"line":3,"column":36},"end":{"line":22,"column":1}},"line":3}},"branchMap":{},"s":{"0":3},"f":{"0":3},"b":{},"_coverageSchema":"1a1c01bbd47fc00a2c39e90264f33305004495a9","hash":"20e51043b37f033ddbc6a6bedd399fd1ddeb4e65"}
,"/Users/fanlu/Documents/GitHub/kimx/packages/x/components/attachments/FileList/FileListCard.tsx": {"path":"/Users/fanlu/Documents/GitHub/kimx/packages/x/components/attachments/FileList/FileListCard.tsx","statementMap":{"0":{"start":{"line":33,"column":14},"end":{"line":33,"column":22}},"1":{"start":{"line":35,"column":27},"end":{"line":35,"column":36}},"2":{"start":{"line":37,"column":17},"end":{"line":37,"column":68}},"3":{"start":{"line":43,"column":6},"end":{"line":89,"column":1}},"4":{"start":{"line":92,"column":2},"end":{"line":92,"column":59}},"5":{"start":{"line":92,"column":25},"end":{"line":92,"column":57}},"6":{"start":{"line":96,"column":16},"end":{"line":96,"column":20}},"7":{"start":{"line":97,"column":16},"end":{"line":97,"column":57}},"8":{"start":{"line":98,"column":18},"end":{"line":98,"column":19}},"9":{"start":{"line":100,"column":2},"end":{"line":103,"column":3}},"10":{"start":{"line":101,"column":4},"end":{"line":101,"column":20}},"11":{"start":{"line":102,"column":4},"end":{"line":102,"column":16}},"12":{"start":{"line":105,"column":2},"end":{"line":105,"column":53}},"13":{"start":{"line":109,"column":90},"end":{"line":109,"column":95}},"14":{"start":{"line":110,"column":18},"end":{"line":110,"column":53}},"15":{"start":{"line":111,"column":23},"end":{"line":111,"column":36}},"16":{"start":{"line":113,"column":64},"end":{"line":113,"column":68}},"17":{"start":{"line":116,"column":27},"end":{"line":116,"column":48}},"18":{"start":{"line":118,"column":20},"end":{"line":118,"column":66}},"19":{"start":{"line":119,"column":18},"end":{"line":119,"column":42}},"20":{"start":{"line":122,"column":42},"end":{"line":122,"column":61}},"21":{"start":{"line":125,"column":35},"end":{"line":129,"column":12}},"22":{"start":{"line":126,"column":20},"end":{"line":126,"column":30}},"23":{"start":{"line":127,"column":18},"end":{"line":127,"column":48}},"24":{"start":{"line":128,"column":4},"end":{"line":128,"column":78}},"25":{"start":{"line":131,"column":16},"end":{"line":131,"column":81}},"26":{"start":{"line":131,"column":36},"end":{"line":131,"column":66}},"27":{"start":{"line":134,"column":15},"end":{"line":148,"column":23}},"28":{"start":{"line":135,"column":4},"end":{"line":137,"column":5}},"29":{"start":{"line":136,"column":6},"end":{"line":136,"column":25}},"30":{"start":{"line":139,"column":4},"end":{"line":141,"column":5}},"31":{"start":{"line":140,"column":6},"end":{"line":140,"column":32}},"32":{"start":{"line":143,"column":4},"end":{"line":145,"column":5}},"33":{"start":{"line":144,"column":6},"end":{"line":144,"column":36}},"34":{"start":{"line":147,"column":4},"end":{"line":147,"column":40}},"35":{"start":{"line":151,"column":28},"end":{"line":159,"column":18}},"36":{"start":{"line":152,"column":4},"end":{"line":156,"column":5}},"37":{"start":{"line":153,"column":6},"end":{"line":155,"column":7}},"38":{"start":{"line":154,"column":8},"end":{"line":154,"column":29}},"39":{"start":{"line":158,"column":4},"end":{"line":158,"column":70}},"40":{"start":{"line":162,"column":38},"end":{"line":162,"column":62}},"41":{"start":{"line":164,"column":2},"end":{"line":178,"column":27}},"42":{"start":{"line":165,"column":4},"end":{"line":176,"column":5}},"43":{"start":{"line":166,"column":19},"end":{"line":166,"column":23}},"44":{"start":{"line":167,"column":6},"end":{"line":171,"column":9}},"45":{"start":{"line":168,"column":8},"end":{"line":170,"column":9}},"46":{"start":{"line":169,"column":10},"end":{"line":169,"column":29}},"47":{"start":{"line":173,"column":6},"end":{"line":175,"column":8}},"48":{"start":{"line":174,"column":8},"end":{"line":174,"column":23}},"49":{"start":{"line":177,"column":4},"end":{"line":177,"column":29}},"50":{"start":{"line":181,"column":33},"end":{"line":181,"column":37}},"51":{"start":{"line":182,"column":21},"end":{"line":182,"column":60}},"52":{"start":{"line":183,"column":23},"end":{"line":183,"column":66}},"53":{"start":{"line":185,"column":2},"end":{"line":223,"column":3}},"54":{"start":{"line":187,"column":4},"end":{"line":204,"column":6}},"55":{"start":{"line":207,"column":4},"end":{"line":222,"column":6}},"56":{"start":{"line":225,"column":2},"end":{"line":256,"column":4}},"57":{"start":{"line":249,"column":12},"end":{"line":249,"column":27}}},"fnMap":{"0":{"name":"matchExt","decl":{"start":{"line":91,"column":9},"end":{"line":91,"column":17}},"loc":{"start":{"line":91,"column":49},"end":{"line":93,"column":1}},"line":91},"1":{"name":"(anonymous_1)","decl":{"start":{"line":92,"column":18},"end":{"line":92,"column":19}},"loc":{"start":{"line":92,"column":25},"end":{"line":92,"column":57}},"line":92},"2":{"name":"getSize","decl":{"start":{"line":95,"column":9},"end":{"line":95,"column":16}},"loc":{"start":{"line":95,"column":31},"end":{"line":106,"column":1}},"line":95},"3":{"name":"FileListCard","decl":{"start":{"line":108,"column":9},"end":{"line":108,"column":21}},"loc":{"start":{"line":108,"column":80},"end":{"line":257,"column":1}},"line":108},"4":{"name":"(anonymous_4)","decl":{"start":{"line":125,"column":49},"end":{"line":125,"column":50}},"loc":{"start":{"line":125,"column":55},"end":{"line":129,"column":3}},"line":125},"5":{"name":"(anonymous_5)","decl":{"start":{"line":131,"column":30},"end":{"line":131,"column":31}},"loc":{"start":{"line":131,"column":36},"end":{"line":131,"column":66}},"line":131},"6":{"name":"(anonymous_6)","decl":{"start":{"line":134,"column":29},"end":{"line":134,"column":30}},"loc":{"start":{"line":134,"column":35},"end":{"line":148,"column":3}},"line":134},"7":{"name":"(anonymous_7)","decl":{"start":{"line":151,"column":42},"end":{"line":151,"column":43}},"loc":{"start":{"line":151,"column":48},"end":{"line":159,"column":3}},"line":151},"8":{"name":"(anonymous_8)","decl":{"start":{"line":164,"column":18},"end":{"line":164,"column":19}},"loc":{"start":{"line":164,"column":24},"end":{"line":178,"column":3}},"line":164},"9":{"name":"(anonymous_9)","decl":{"start":{"line":167,"column":44},"end":{"line":167,"column":45}},"loc":{"start":{"line":167,"column":53},"end":{"line":171,"column":7}},"line":167},"10":{"name":"(anonymous_10)","decl":{"start":{"line":173,"column":13},"end":{"line":173,"column":14}},"loc":{"start":{"line":173,"column":19},"end":{"line":175,"column":7}},"line":173},"11":{"name":"(anonymous_11)","decl":{"start":{"line":248,"column":19},"end":{"line":248,"column":20}},"loc":{"start":{"line":248,"column":25},"end":{"line":250,"column":11}},"line":248}},"branchMap":{"0":{"loc":{"start":{"line":100,"column":9},"end":{"line":100,"column":56}},"type":"binary-expr","locations":[{"start":{"line":100,"column":9},"end":{"line":100,"column":24}},{"start":{"line":100,"column":28},"end":{"line":100,"column":56}}],"line":100},"1":{"loc":{"start":{"line":111,"column":23},"end":{"line":111,"column":36}},"type":"binary-expr","locations":[{"start":{"line":111,"column":23},"end":{"line":111,"column":30}},{"start":{"line":111,"column":34},"end":{"line":111,"column":36}}],"line":111},"2":{"loc":{"start":{"line":113,"column":31},"end":{"line":113,"column":46}},"type":"default-arg","locations":[{"start":{"line":113,"column":40},"end":{"line":113,"column":46}}],"line":113},"3":{"loc":{"start":{"line":126,"column":20},"end":{"line":126,"column":30}},"type":"binary-expr","locations":[{"start":{"line":126,"column":20},"end":{"line":126,"column":24}},{"start":{"line":126,"column":28},"end":{"line":126,"column":30}}],"line":126},"4":{"loc":{"start":{"line":128,"column":11},"end":{"line":128,"column":77}},"type":"cond-expr","locations":[{"start":{"line":128,"column":19},"end":{"line":128,"column":61}},{"start":{"line":128,"column":64},"end":{"line":128,"column":77}}],"line":128},"5":{"loc":{"start":{"line":135,"column":4},"end":{"line":137,"column":5}},"type":"if","locations":[{"start":{"line":135,"column":4},"end":{"line":137,"column":5}},{"start":{},"end":{}}],"line":135},"6":{"loc":{"start":{"line":139,"column":4},"end":{"line":141,"column":5}},"type":"if","locations":[{"start":{"line":139,"column":4},"end":{"line":141,"column":5}},{"start":{},"end":{}}],"line":139},"7":{"loc":{"start":{"line":140,"column":16},"end":{"line":140,"column":28}},"type":"binary-expr","locations":[{"start":{"line":140,"column":16},"end":{"line":140,"column":23}},{"start":{"line":140,"column":27},"end":{"line":140,"column":28}}],"line":140},"8":{"loc":{"start":{"line":143,"column":4},"end":{"line":145,"column":5}},"type":"if","locations":[{"start":{"line":143,"column":4},"end":{"line":145,"column":5}},{"start":{},"end":{}}],"line":143},"9":{"loc":{"start":{"line":144,"column":13},"end":{"line":144,"column":35}},"type":"binary-expr","locations":[{"start":{"line":144,"column":13},"end":{"line":144,"column":26}},{"start":{"line":144,"column":30},"end":{"line":144,"column":35}}],"line":144},"10":{"loc":{"start":{"line":147,"column":11},"end":{"line":147,"column":39}},"type":"cond-expr","locations":[{"start":{"line":147,"column":18},"end":{"line":147,"column":31}},{"start":{"line":147,"column":34},"end":{"line":147,"column":39}}],"line":147},"11":{"loc":{"start":{"line":153,"column":6},"end":{"line":155,"column":7}},"type":"if","locations":[{"start":{"line":153,"column":6},"end":{"line":155,"column":7}},{"start":{},"end":{}}],"line":153},"12":{"loc":{"start":{"line":165,"column":4},"end":{"line":176,"column":5}},"type":"if","locations":[{"start":{"line":165,"column":4},"end":{"line":176,"column":5}},{"start":{},"end":{}}],"line":165},"13":{"loc":{"start":{"line":168,"column":8},"end":{"line":170,"column":9}},"type":"if","locations":[{"start":{"line":168,"column":8},"end":{"line":170,"column":9}},{"start":{},"end":{}}],"line":168},"14":{"loc":{"start":{"line":182,"column":21},"end":{"line":182,"column":60}},"type":"binary-expr","locations":[{"start":{"line":182,"column":21},"end":{"line":182,"column":34}},{"start":{"line":182,"column":38},"end":{"line":182,"column":46}},{"start":{"line":182,"column":50},"end":{"line":182,"column":60}}],"line":182},"15":{"loc":{"start":{"line":183,"column":23},"end":{"line":183,"column":66}},"type":"binary-expr","locations":[{"start":{"line":183,"column":23},"end":{"line":183,"column":28}},{"start":{"line":183,"column":33},"end":{"line":183,"column":51}},{"start":{"line":183,"column":55},"end":{"line":183,"column":65}}],"line":183},"16":{"loc":{"start":{"line":185,"column":2},"end":{"line":223,"column":3}},"type":"if","locations":[{"start":{"line":185,"column":2},"end":{"line":223,"column":3}},{"start":{"line":205,"column":9},"end":{"line":223,"column":3}}],"line":185},"17":{"loc":{"start":{"line":189,"column":9},"end":{"line":189,"column":79}},"type":"binary-expr","locations":[{"start":{"line":189,"column":9},"end":{"line":189,"column":19}},{"start":{"line":189,"column":23},"end":{"line":189,"column":79}}],"line":189},"18":{"loc":{"start":{"line":191,"column":9},"end":{"line":202,"column":9}},"type":"binary-expr","locations":[{"start":{"line":191,"column":9},"end":{"line":191,"column":26}},{"start":{"line":192,"column":10},"end":{"line":201,"column":16}}],"line":191},"19":{"loc":{"start":{"line":193,"column":13},"end":{"line":195,"column":13}},"type":"binary-expr","locations":[{"start":{"line":193,"column":13},"end":{"line":193,"column":35}},{"start":{"line":193,"column":39},"end":{"line":193,"column":60}},{"start":{"line":194,"column":14},"end":{"line":194,"column":64}}],"line":193},"20":{"loc":{"start":{"line":196,"column":13},"end":{"line":200,"column":13}},"type":"binary-expr","locations":[{"start":{"line":196,"column":13},"end":{"line":196,"column":31}},{"start":{"line":197,"column":14},"end":{"line":199,"column":20}}],"line":196},"21":{"loc":{"start":{"line":214,"column":59},"end":{"line":214,"column":78}},"type":"binary-expr","locations":[{"start":{"line":214,"column":59},"end":{"line":214,"column":69}},{"start":{"line":214,"column":73},"end":{"line":214,"column":78}}],"line":214},"22":{"loc":{"start":{"line":244,"column":7},"end":{"line":254,"column":7}},"type":"binary-expr","locations":[{"start":{"line":244,"column":7},"end":{"line":244,"column":16}},{"start":{"line":244,"column":20},"end":{"line":244,"column":28}},{"start":{"line":245,"column":8},"end":{"line":253,"column":17}}],"line":244}},"s":{"0":34,"1":34,"2":34,"3":34,"4":568,"5":1465,"6":27,"7":27,"8":27,"9":27,"10":27,"11":27,"12":27,"13":260,"14":260,"15":260,"16":260,"17":260,"18":260,"19":260,"20":260,"21":260,"22":150,"23":150,"24":150,"25":260,"26":150,"27":260,"28":150,"29":6,"30":144,"31":3,"32":141,"33":0,"34":141,"35":260,"36":150,"37":418,"38":146,"39":4,"40":260,"41":260,"42":108,"43":4,"44":4,"45":4,"46":2,"47":4,"48":4,"49":104,"50":260,"51":260,"52":260,"53":260,"54":193,"55":67,"56":260,"57":2},"f":{"0":568,"1":1465,"2":27,"3":260,"4":150,"5":150,"6":150,"7":150,"8":108,"9":4,"10":4,"11":2},"b":{"0":[54,27],"1":[260,36],"2":[67],"3":[150,4],"4":[146,4],"5":[6,144],"6":[3,141],"7":[3,0],"8":[0,141],"9":[0,0],"10":[27,114],"11":[146,272],"12":[4,104],"13":[2,2],"14":[260,67,67],"15":[260,196,196],"16":[193,67],"17":[193,193],"18":[193,0],"19":[0,0,0],"20":[0,0],"21":[67,0],"22":[260,260,224]},"_coverageSchema":"1a1c01bbd47fc00a2c39e90264f33305004495a9","hash":"863e379f6951b97414f253a85c0674a90ae5a9ec"}
,"/Users/fanlu/Documents/GitHub/kimx/packages/x/components/attachments/FileList/Progress.tsx": {"path":"/Users/fanlu/Documents/GitHub/kimx/packages/x/components/attachments/FileList/Progress.tsx","statementMap":{"0":{"start":{"line":10,"column":22},"end":{"line":10,"column":27}},"1":{"start":{"line":11,"column":20},"end":{"line":11,"column":36}},"2":{"start":{"line":13,"column":2},"end":{"line":22,"column":4}},"3":{"start":{"line":20,"column":23},"end":{"line":20,"column":86}}},"fnMap":{"0":{"name":"Progress","decl":{"start":{"line":9,"column":24},"end":{"line":9,"column":32}},"loc":{"start":{"line":9,"column":55},"end":{"line":23,"column":1}},"line":9},"1":{"name":"(anonymous_1)","decl":{"start":{"line":20,"column":14},"end":{"line":20,"column":15}},"loc":{"start":{"line":20,"column":23},"end":{"line":20,"column":86}},"line":20}},"branchMap":{"0":{"loc":{"start":{"line":20,"column":57},"end":{"line":20,"column":65}},"type":"binary-expr","locations":[{"start":{"line":20,"column":57},"end":{"line":20,"column":60}},{"start":{"line":20,"column":64},"end":{"line":20,"column":65}}],"line":20}},"s":{"0":0,"1":0,"2":0,"3":0},"f":{"0":0,"1":0},"b":{"0":[0,0]},"_coverageSchema":"1a1c01bbd47fc00a2c39e90264f33305004495a9","hash":"45f798ae237ed795adb18c704a743f611ba3dd53"}
,"/Users/fanlu/Documents/GitHub/kimx/packages/x/components/attachments/FileList/VideoIcon.tsx": {"path":"/Users/fanlu/Documents/GitHub/kimx/packages/x/components/attachments/FileList/VideoIcon.tsx","statementMap":{"0":{"start":{"line":4,"column":2},"end":{"line":21,"column":4}}},"fnMap":{"0":{"name":"VideoIcon","decl":{"start":{"line":3,"column":24},"end":{"line":3,"column":33}},"loc":{"start":{"line":3,"column":36},"end":{"line":22,"column":1}},"line":3}},"branchMap":{},"s":{"0":3},"f":{"0":3},"b":{},"_coverageSchema":"1a1c01bbd47fc00a2c39e90264f33305004495a9","hash":"580228d3b4812377b810495753d3af62861d895d"}
,"/Users/fanlu/Documents/GitHub/kimx/packages/x/components/attachments/FileList/index.tsx": {"path":"/Users/fanlu/Documents/GitHub/kimx/packages/x/components/attachments/FileList/index.tsx","statementMap":{"0":{"start":{"line":26,"column":18},"end":{"line":26,"column":19}},"1":{"start":{"line":40,"column":6},"end":{"line":40,"column":11}},"2":{"start":{"line":42,"column":18},"end":{"line":42,"column":37}},"3":{"start":{"line":44,"column":23},"end":{"line":44,"column":57}},"4":{"start":{"line":46,"column":38},"end":{"line":46,"column":59}},"5":{"start":{"line":48,"column":23},"end":{"line":48,"column":58}},"6":{"start":{"line":50,"column":2},"end":{"line":55,"column":9}},"7":{"start":{"line":51,"column":4},"end":{"line":51,"column":24}},"8":{"start":{"line":52,"column":4},"end":{"line":54,"column":6}},"9":{"start":{"line":53,"column":6},"end":{"line":53,"column":27}},"10":{"start":{"line":58,"column":36},"end":{"line":58,"column":57}},"11":{"start":{"line":59,"column":32},"end":{"line":59,"column":53}},"12":{"start":{"line":61,"column":20},"end":{"line":78,"column":3}},"13":{"start":{"line":62,"column":25},"end":{"line":62,"column":45}},"14":{"start":{"line":64,"column":4},"end":{"line":66,"column":5}},"15":{"start":{"line":65,"column":6},"end":{"line":65,"column":13}},"16":{"start":{"line":68,"column":4},"end":{"line":77,"column":5}},"17":{"start":{"line":69,"column":6},"end":{"line":69,"column":67}},"18":{"start":{"line":70,"column":6},"end":{"line":73,"column":8}},"19":{"start":{"line":74,"column":11},"end":{"line":77,"column":5}},"20":{"start":{"line":75,"column":6},"end":{"line":75,"column":49}},"21":{"start":{"line":76,"column":6},"end":{"line":76,"column":99}},"22":{"start":{"line":80,"column":2},"end":{"line":82,"column":31}},"23":{"start":{"line":81,"column":4},"end":{"line":81,"column":16}},"24":{"start":{"line":84,"column":25},"end":{"line":93,"column":3}},"25":{"start":{"line":85,"column":25},"end":{"line":85,"column":45}},"26":{"start":{"line":87,"column":4},"end":{"line":92,"column":5}},"27":{"start":{"line":88,"column":6},"end":{"line":91,"column":9}},"28":{"start":{"line":95,"column":23},"end":{"line":97,"column":3}},"29":{"start":{"line":96,"column":4},"end":{"line":96,"column":23}},"30":{"start":{"line":99,"column":24},"end":{"line":101,"column":3}},"31":{"start":{"line":100,"column":4},"end":{"line":100,"column":22}},"32":{"start":{"line":104,"column":2},"end":{"line":174,"column":4}},"33":{"start":{"line":120,"column":35},"end":{"line":123,"column":9}},"34":{"start":{"line":131,"column":10},"end":{"line":144,"column":12}}},"fnMap":{"0":{"name":"FileList","decl":{"start":{"line":28,"column":24},"end":{"line":28,"column":32}},"loc":{"start":{"line":28,"column":55},"end":{"line":175,"column":1}},"line":28},"1":{"name":"(anonymous_1)","decl":{"start":{"line":50,"column":18},"end":{"line":50,"column":19}},"loc":{"start":{"line":50,"column":24},"end":{"line":55,"column":3}},"line":50},"2":{"name":"(anonymous_2)","decl":{"start":{"line":52,"column":11},"end":{"line":52,"column":12}},"loc":{"start":{"line":52,"column":17},"end":{"line":54,"column":5}},"line":52},"3":{"name":"(anonymous_3)","decl":{"start":{"line":61,"column":20},"end":{"line":61,"column":21}},"loc":{"start":{"line":61,"column":26},"end":{"line":78,"column":3}},"line":61},"4":{"name":"(anonymous_4)","decl":{"start":{"line":80,"column":18},"end":{"line":80,"column":19}},"loc":{"start":{"line":80,"column":24},"end":{"line":82,"column":3}},"line":80},"5":{"name":"(anonymous_5)","decl":{"start":{"line":84,"column":25},"end":{"line":84,"column":26}},"loc":{"start":{"line":84,"column":45},"end":{"line":93,"column":3}},"line":84},"6":{"name":"(anonymous_6)","decl":{"start":{"line":95,"column":23},"end":{"line":95,"column":24}},"loc":{"start":{"line":95,"column":29},"end":{"line":97,"column":3}},"line":95},"7":{"name":"(anonymous_7)","decl":{"start":{"line":99,"column":24},"end":{"line":99,"column":25}},"loc":{"start":{"line":99,"column":30},"end":{"line":101,"column":3}},"line":99},"8":{"name":"(anonymous_8)","decl":{"start":{"line":120,"column":24},"end":{"line":120,"column":25}},"loc":{"start":{"line":120,"column":35},"end":{"line":123,"column":9}},"line":120},"9":{"name":"(anonymous_9)","decl":{"start":{"line":130,"column":9},"end":{"line":130,"column":10}},"loc":{"start":{"line":130,"column":70},"end":{"line":145,"column":9}},"line":130}},"branchMap":{"0":{"loc":{"start":{"line":64,"column":4},"end":{"line":66,"column":5}},"type":"if","locations":[{"start":{"line":64,"column":4},"end":{"line":66,"column":5}},{"start":{},"end":{}}],"line":64},"1":{"loc":{"start":{"line":68,"column":4},"end":{"line":77,"column":5}},"type":"if","locations":[{"start":{"line":68,"column":4},"end":{"line":77,"column":5}},{"start":{"line":74,"column":11},"end":{"line":77,"column":5}}],"line":68},"2":{"loc":{"start":{"line":74,"column":11},"end":{"line":77,"column":5}},"type":"if","locations":[{"start":{"line":74,"column":11},"end":{"line":77,"column":5}},{"start":{},"end":{}}],"line":74},"3":{"loc":{"start":{"line":87,"column":4},"end":{"line":92,"column":5}},"type":"if","locations":[{"start":{"line":87,"column":4},"end":{"line":92,"column":5}},{"start":{},"end":{}}],"line":87},"4":{"loc":{"start":{"line":147,"column":7},"end":{"line":153,"column":7}},"type":"binary-expr","locations":[{"start":{"line":147,"column":7},"end":{"line":147,"column":16}},{"start":{"line":148,"column":8},"end":{"line":152,"column":25}}],"line":147},"5":{"loc":{"start":{"line":155,"column":7},"end":{"line":172,"column":7}},"type":"binary-expr","locations":[{"start":{"line":155,"column":7},"end":{"line":155,"column":29}},{"start":{"line":156,"column":8},"end":{"line":171,"column":11}}],"line":155}},"s":{"0":34,"1":61,"2":61,"3":61,"4":61,"5":61,"6":61,"7":24,"8":24,"9":24,"10":61,"11":61,"12":61,"13":27,"14":27,"15":0,"16":27,"17":2,"18":2,"19":25,"20":2,"21":2,"22":61,"23":27,"24":61,"25":0,"26":0,"27":0,"28":61,"29":0,"30":61,"31":0,"32":61,"33":194,"34":232},"f":{"0":61,"1":24,"2":24,"3":27,"4":27,"5":0,"6":0,"7":0,"8":194,"9":232},"b":{"0":[0,27],"1":[2,25],"2":[2,23],"3":[0,0],"4":[61,61],"5":[61,4]},"_coverageSchema":"1a1c01bbd47fc00a2c39e90264f33305004495a9","hash":"f4d121e165e5eaec0098afa46e1156b2aa5f123d"}
,"/Users/fanlu/Documents/GitHub/kimx/packages/x/components/attachments/style/fileCard.ts": {"path":"/Users/fanlu/Documents/GitHub/kimx/packages/x/components/attachments/style/fileCard.ts","statementMap":{"0":{"start":{"line":4,"column":58},"end":{"line":190,"column":1}},"1":{"start":{"line":5,"column":41},"end":{"line":5,"column":46}},"2":{"start":{"line":7,"column":18},"end":{"line":7,"column":45}},"3":{"start":{"line":9,"column":21},"end":{"line":14,"column":12}},"4":{"start":{"line":16,"column":2},"end":{"line":189,"column":4}},"5":{"start":{"line":172,"column":25},"end":{"line":172,"column":62}}},"fnMap":{"0":{"name":"(anonymous_0)","decl":{"start":{"line":4,"column":58},"end":{"line":4,"column":59}},"loc":{"start":{"line":4,"column":69},"end":{"line":190,"column":1}},"line":4},"1":{"name":"(anonymous_1)","decl":{"start":{"line":172,"column":15},"end":{"line":172,"column":16}},"loc":{"start":{"line":172,"column":25},"end":{"line":172,"column":62}},"line":172}},"branchMap":{},"s":{"0":34,"1":23,"2":23,"3":23,"4":23,"5":92},"f":{"0":23,"1":92},"b":{},"_coverageSchema":"1a1c01bbd47fc00a2c39e90264f33305004495a9","hash":"af350b4f87504015bd80f0fb65831d6ea5dd6de2"}
[...]
,"/Users/fanlu/Documents/GitHub/kimx/packages/x/components/x-provider/hooks/use-x-provider-context.ts": {"path":"/Users/fanlu/Documents/GitHub/kimx/packages/x/components/x-provider/hooks/use-x-provider-context.ts","statementMap":{"0":{"start":{"line":4,"column":32},"end":{"line":4,"column":37}},"1":{"start":{"line":7,"column":65},"end":{"line":9,"column":3}},"2":{"start":{"line":11,"column":2},"end":{"line":17,"column":4}}},"fnMap":{"0":{"name":"useXProviderContext","decl":{"start":{"line":6,"column":9},"end":{"line":6,"column":28}},"loc":{"start":{"line":6,"column":31},"end":{"line":18,"column":1}},"line":6}},"branchMap":{},"s":{"0":37,"1":3353,"2":3353},"f":{"0":3353},"b":{},"_coverageSchema":"1a1c01bbd47fc00a2c39e90264f33305004495a9","hash":"84d6314e7717888057849d14a71f0281f510fa8d"}
,"/Users/fanlu/Documents/GitHub/kimx/packages/x/components/x-request/index.ts": {"path":"/Users/fanlu/Documents/GitHub/kimx/packages/x/components/x-request/index.ts","statementMap":{"0":{"start":{"line":108,"column":68},"end":{"line":108,"column":75}},"1":{"start":{"line":110,"column":4},"end":{"line":110,"column":35}},"2":{"start":{"line":111,"column":4},"end":{"line":111,"column":31}},"3":{"start":{"line":112,"column":4},"end":{"line":117,"column":6}},"4":{"start":{"line":118,"column":4},"end":{"line":118,"column":39}},"5":{"start":{"line":122,"column":4},"end":{"line":123,"column":51}},"6":{"start":{"line":123,"column":6},"end":{"line":123,"column":51}},"7":{"start":{"line":125,"column":4},"end":{"line":125,"column":38}},"8":{"start":{"line":128,"column":18},"end":{"line":181,"column":3}},"9":{"start":{"line":133,"column":28},"end":{"line":133,"column":49}},"10":{"start":{"line":134,"column":24},"end":{"line":142,"column":5}},"11":{"start":{"line":144,"column":4},"end":{"line":144,"column":43}},"12":{"start":{"line":146,"column":4},"end":{"line":180,"column":5}},"13":{"start":{"line":147,"column":23},"end":{"line":150,"column":8}},"14":{"start":{"line":152,"column":6},"end":{"line":155,"column":7}},"15":{"start":{"line":153,"column":8},"end":{"line":153,"column":87}},"16":{"start":{"line":154,"column":8},"end":{"line":154,"column":15}},"17":{"start":{"line":157,"column":26},"end":{"line":157,"column":68}},"18":{"start":{"line":159,"column":23},"end":{"line":159,"column":55}},"19":{"start":{"line":161,"column":6},"end":{"line":174,"column":7}},"20":{"start":{"line":164,"column":10},"end":{"line":164,"column":69}},"21":{"start":{"line":165,"column":10},"end":{"line":165,"column":16}},"22":{"start":{"line":169,"column":10},"end":{"line":169,"column":70}},"23":{"start":{"line":170,"column":10},"end":{"line":170,"column":16}},"24":{"start":{"line":173,"column":10},"end":{"line":173,"column":87}},"25":{"start":{"line":176,"column":18},"end":{"line":176,"column":78}},"26":{"start":{"line":178,"column":6},"end":{"line":178,"column":32}},"27":{"start":{"line":179,"column":6},"end":{"line":179,"column":16}},"28":{"start":{"line":183,"column":34},"end":{"line":199,"column":3}},"29":{"start":{"line":188,"column":29},"end":{"line":188,"column":31}},"30":{"start":{"line":190,"column":4},"end":{"line":196,"column":5}},"31":{"start":{"line":194,"column":6},"end":{"line":194,"column":25}},"32":{"start":{"line":195,"column":6},"end":{"line":195,"column":35}},"33":{"start":{"line":198,"column":4},"end":{"line":198,"column":35}},"34":{"start":{"line":201,"column":31},"end":{"line":214,"column":3}},"35":{"start":{"line":205,"column":29},"end":{"line":205,"column":31}},"36":{"start":{"line":206,"column":19},"end":{"line":208,"column":6}},"37":{"start":{"line":209,"column":4},"end":{"line":212,"column":5}},"38":{"start":{"line":210,"column":6},"end":{"line":210,"column":25}},"39":{"start":{"line":211,"column":6},"end":{"line":211,"column":35}},"40":{"start":{"line":213,"column":4},"end":{"line":213,"column":35}},"41":{"start":{"line":216,"column":32},"end":{"line":224,"column":3}},"42":{"start":{"line":220,"column":26},"end":{"line":220,"column":47}},"43":{"start":{"line":222,"column":4},"end":{"line":222,"column":33}},"44":{"start":{"line":223,"column":4},"end":{"line":223,"column":36}},"45":{"start":{"line":227,"column":17},"end":{"line":227,"column":35}}},"fnMap":{"0":{"name":"(anonymous_0)","decl":{"start":{"line":107,"column":2},"end":{"line":107,"column":3}},"loc":{"start":{"line":107,"column":48},"end":{"line":119,"column":3}},"line":107},"1":{"name":"(anonymous_1)","decl":{"start":{"line":121,"column":2},"end":{"line":121,"column":3}},"loc":{"start":{"line":121,"column":62},"end":{"line":126,"column":3}},"line":121},"2":{"name":"(anonymous_2)","decl":{"start":{"line":128,"column":18},"end":{"line":128,"column":19}},"loc":{"start":{"line":132,"column":7},"end":{"line":181,"column":3}},"line":132},"3":{"name":"(anonymous_3)","decl":{"start":{"line":183,"column":34},"end":{"line":183,"column":35}},"loc":{"start":{"line":187,"column":7},"end":{"line":199,"column":3}},"line":187},"4":{"name":"(anonymous_4)","decl":{"start":{"line":201,"column":31},"end":{"line":201,"column":32}},"loc":{"start":{"line":204,"column":7},"end":{"line":214,"column":3}},"line":204},"5":{"name":"(anonymous_5)","decl":{"start":{"line":216,"column":32},"end":{"line":216,"column":33}},"loc":{"start":{"line":219,"column":7},"end":{"line":224,"column":3}},"line":219}},"branchMap":{"0":{"loc":{"start":{"line":114,"column":10},"end":{"line":116,"column":7}},"type":"binary-expr","locations":[{"start":{"line":114,"column":10},"end":{"line":114,"column":35}},{"start":{"line":114,"column":39},"end":{"line":116,"column":7}}],"line":114},"1":{"loc":{"start":{"line":122,"column":4},"end":{"line":123,"column":51}},"type":"if","locations":[{"start":{"line":122,"column":4},"end":{"line":123,"column":51}},{"start":{},"end":{}}],"line":122},"2":{"loc":{"start":{"line":122,"column":8},"end":{"line":122,"column":63}},"type":"binary-expr","locations":[{"start":{"line":122,"column":8},"end":{"line":122,"column":24}},{"start":{"line":122,"column":28},"end":{"line":122,"column":63}}],"line":122},"3":{"loc":{"start":{"line":152,"column":6},"end":{"line":155,"column":7}},"type":"if","locations":[{"start":{"line":152,"column":6},"end":{"line":155,"column":7}},{"start":{},"end":{}}],"line":152},"4":{"loc":{"start":{"line":157,"column":26},"end":{"line":157,"column":68}},"type":"binary-expr","locations":[{"start":{"line":157,"column":26},"end":{"line":157,"column":62}},{"start":{"line":157,"column":66},"end":{"line":157,"column":68}}],"line":157},"5":{"loc":{"start":{"line":161,"column":6},"end":{"line":174,"column":7}},"type":"switch","locations":[{"start":{"line":163,"column":8},"end":{"line":165,"column":16}},{"start":{"line":168,"column":8},"end":{"line":170,"column":16}},{"start":{"line":172,"column":8},"end":{"line":173,"column":87}}],"line":161},"6":{"loc":{"start":{"line":176,"column":18},"end":{"line":176,"column":78}},"type":"cond-expr","locations":[{"start":{"line":176,"column":43},"end":{"line":176,"column":48}},{"start":{"line":176,"column":51},"end":{"line":176,"column":78}}],"line":176}},"s":{"0":18,"1":18,"2":18,"3":18,"4":18,"5":19,"6":1,"7":18,"8":18,"9":6,"10":6,"11":6,"12":6,"13":6,"14":5,"15":2,"16":1,"17":3,"18":3,"19":3,"20":1,"21":1,"22":1,"23":1,"24":1,"25":3,"26":3,"27":3,"28":18,"29":2,"30":2,"31":2,"32":2,"33":1,"34":18,"35":1,"36":1,"37":1,"38":1,"39":1,"40":1,"41":18,"42":1,"43":1,"44":1,"45":36},"f":{"0":18,"1":19,"2":6,"3":2,"4":1,"5":1},"b":{"0":[18,13],"1":[1,18],"2":[19,18],"3":[2,3],"4":[3,0],"5":[1,1,1],"6":[3,0]},"_coverageSchema":"1a1c01bbd47fc00a2c39e90264f33305004495a9","hash":"cbf015ad7ffd62e1744e232aba4878c27e8bc111"}
,"/Users/fanlu/Documents/GitHub/kimx/packages/x/components/x-request/x-fetch.ts": {"path":"/Users/fanlu/Documents/GitHub/kimx/packages/x/components/x-request/x-fetch.ts","statementMap":{"0":{"start":{"line":23,"column":27},"end":{"line":65,"column":1}},"1":{"start":{"line":24,"column":82},"end":{"line":24,"column":89}},"2":{"start":{"line":26,"column":2},"end":{"line":28,"column":3}},"3":{"start":{"line":27,"column":4},"end":{"line":27,"column":74}},"4":{"start":{"line":31,"column":44},"end":{"line":31,"column":66}},"5":{"start":{"line":34,"column":2},"end":{"line":38,"column":3}},"6":{"start":{"line":35,"column":30},"end":{"line":35,"column":71}},"7":{"start":{"line":37,"column":4},"end":{"line":37,"column":34}},"8":{"start":{"line":41,"column":17},"end":{"line":41,"column":44}},"9":{"start":{"line":44,"column":2},"end":{"line":52,"column":3}},"10":{"start":{"line":45,"column":29},"end":{"line":45,"column":67}},"11":{"start":{"line":47,"column":4},"end":{"line":49,"column":5}},"12":{"start":{"line":48,"column":6},"end":{"line":48,"column":81}},"13":{"start":{"line":51,"column":4},"end":{"line":51,"column":32}},"14":{"start":{"line":55,"column":2},"end":{"line":57,"column":3}},"15":{"start":{"line":56,"column":4},"end":{"line":56,"column":67}},"16":{"start":{"line":59,"column":2},"end":{"line":61,"column":3}},"17":{"start":{"line":60,"column":4},"end":{"line":60,"column":51}},"18":{"start":{"line":64,"column":2},"end":{"line":64,"column":18}}},"fnMap":{"0":{"name":"(anonymous_0)","decl":{"start":{"line":23,"column":27},"end":{"line":23,"column":28}},"loc":{"start":{"line":23,"column":60},"end":{"line":65,"column":1}},"line":23}},"branchMap":{"0":{"loc":{"start":{"line":23,"column":43},"end":{"line":23,"column":55}},"type":"default-arg","locations":[{"start":{"line":23,"column":53},"end":{"line":23,"column":55}}],"line":23},"1":{"loc":{"start":{"line":24,"column":17},"end":{"line":24,"column":43}},"type":"default-arg","locations":[{"start":{"line":24,"column":27},"end":{"line":24,"column":43}}],"line":24},"2":{"loc":{"start":{"line":24,"column":45},"end":{"line":24,"column":61}},"type":"default-arg","locations":[{"start":{"line":24,"column":59},"end":{"line":24,"column":61}}],"line":24},"3":{"loc":{"start":{"line":26,"column":2},"end":{"line":28,"column":3}},"type":"if","locations":[{"start":{"line":26,"column":2},"end":{"line":28,"column":3}},{"start":{},"end":{}}],"line":26},"4":{"loc":{"start":{"line":34,"column":2},"end":{"line":38,"column":3}},"type":"if","locations":[{"start":{"line":34,"column":2},"end":{"line":38,"column":3}},{"start":{},"end":{}}],"line":34},"5":{"loc":{"start":{"line":44,"column":2},"end":{"line":52,"column":3}},"type":"if","locations":[{"start":{"line":44,"column":2},"end":{"line":52,"column":3}},{"start":{},"end":{}}],"line":44},"6":{"loc":{"start":{"line":47,"column":4},"end":{"line":49,"column":5}},"type":"if","locations":[{"start":{"line":47,"column":4},"end":{"line":49,"column":5}},{"start":{},"end":{}}],"line":47},"7":{"loc":{"start":{"line":55,"column":2},"end":{"line":57,"column":3}},"type":"if","locations":[{"start":{"line":55,"column":2},"end":{"line":57,"column":3}},{"start":{},"end":{}}],"line":55},"8":{"loc":{"start":{"line":59,"column":2},"end":{"line":61,"column":3}},"type":"if","locations":[{"start":{"line":59,"column":2},"end":{"line":61,"column":3}},{"start":{},"end":{}}],"line":59}},"s":{"0":36,"1":7,"2":7,"3":1,"4":6,"5":6,"6":1,"7":1,"8":6,"9":6,"10":2,"11":2,"12":1,"13":1,"14":5,"15":1,"16":4,"17":1,"18":3},"f":{"0":7},"b":{"0":[4],"1":[6],"2":[5],"3":[1,6],"4":[1,5],"5":[2,4],"6":[1,1],"7":[1,4],"8":[1,3]},"_coverageSchema":"1a1c01bbd47fc00a2c39e90264f33305004495a9","hash":"eb276e915ac7c96fcf1bf30cfc120b938ef64178"}
,"/Users/fanlu/Documents/GitHub/kimx/packages/x/components/x-stream/index.ts": {"path":"/Users/fanlu/Documents/GitHub/kimx/packages/x/components/x-stream/index.ts","statementMap":{"0":{"start":{"line":4,"column":33},"end":{"line":4,"column":39}},"1":{"start":{"line":9,"column":31},"end":{"line":9,"column":35}},"2":{"start":{"line":14,"column":29},"end":{"line":14,"column":32}},"3":{"start":{"line":19,"column":22},"end":{"line":19,"column":64}},"4":{"start":{"line":19,"column":39},"end":{"line":19,"column":64}},"5":{"start":{"line":35,"column":15},"end":{"line":35,"column":17}},"6":{"start":{"line":37,"column":2},"end":{"line":61,"column":5}},"7":{"start":{"line":39,"column":6},"end":{"line":39,"column":28}},"8":{"start":{"line":42,"column":20},"end":{"line":42,"column":58}},"9":{"start":{"line":45,"column":6},"end":{"line":50,"column":9}},"10":{"start":{"line":47,"column":8},"end":{"line":49,"column":9}},"11":{"start":{"line":48,"column":10},"end":{"line":48,"column":35}},"12":{"start":{"line":53,"column":6},"end":{"line":53,"column":39}},"13":{"start":{"line":57,"column":6},"end":{"line":59,"column":7}},"14":{"start":{"line":58,"column":8},"end":{"line":58,"column":35}},"15":{"start":{"line":91,"column":2},"end":{"line":122,"column":5}},"16":{"start":{"line":94,"column":20},"end":{"line":94,"column":59}},"17":{"start":{"line":96,"column":23},"end":{"line":115,"column":12}},"18":{"start":{"line":97,"column":31},"end":{"line":97,"column":65}},"19":{"start":{"line":99,"column":8},"end":{"line":103,"column":9}},"20":{"start":{"line":100,"column":10},"end":{"line":102,"column":12}},"21":{"start":{"line":106,"column":20},"end":{"line":106,"column":49}},"22":{"start":{"line":109,"column":8},"end":{"line":109,"column":44}},"23":{"start":{"line":109,"column":33},"end":{"line":109,"column":44}},"24":{"start":{"line":112,"column":22},"end":{"line":112,"column":52}},"25":{"start":{"line":114,"column":8},"end":{"line":114,"column":40}},"26":{"start":{"line":117,"column":6},"end":{"line":117,"column":53}},"27":{"start":{"line":117,"column":46},"end":{"line":117,"column":53}},"28":{"start":{"line":120,"column":6},"end":{"line":120,"column":35}},"29":{"start":{"line":147,"column":46},"end":{"line":147,"column":53}},"30":{"start":{"line":149,"column":2},"end":{"line":151,"column":3}},"31":{"start":{"line":150,"column":4},"end":{"line":150,"column":89}},"32":{"start":{"line":154,"column":24},"end":{"line":154,"column":47}},"33":{"start":{"line":156,"column":17},"end":{"line":171,"column":30}},"34":{"start":{"line":174,"column":2},"end":{"line":187,"column":4}},"35":{"start":{"line":175,"column":19},"end":{"line":175,"column":35}},"36":{"start":{"line":177,"column":4},"end":{"line":186,"column":5}},"37":{"start":{"line":178,"column":30},"end":{"line":178,"column":49}},"38":{"start":{"line":180,"column":6},"end":{"line":180,"column":22}},"39":{"start":{"line":180,"column":16},"end":{"line":180,"column":22}},"40":{"start":{"line":182,"column":6},"end":{"line":182,"column":27}},"41":{"start":{"line":182,"column":18},"end":{"line":182,"column":27}},"42":{"start":{"line":185,"column":6},"end":{"line":185,"column":18}},"43":{"start":{"line":189,"column":2},"end":{"line":189,"column":16}}},"fnMap":{"0":{"name":"(anonymous_0)","decl":{"start":{"line":19,"column":22},"end":{"line":19,"column":23}},"loc":{"start":{"line":19,"column":39},"end":{"line":19,"column":64}},"line":19},"1":{"name":"splitStream","decl":{"start":{"line":33,"column":9},"end":{"line":33,"column":20}},"loc":{"start":{"line":33,"column":23},"end":{"line":62,"column":1}},"line":33},"2":{"name":"(anonymous_2)","decl":{"start":{"line":38,"column":4},"end":{"line":38,"column":5}},"loc":{"start":{"line":38,"column":39},"end":{"line":54,"column":5}},"line":38},"3":{"name":"(anonymous_3)","decl":{"start":{"line":45,"column":33},"end":{"line":45,"column":34}},"loc":{"start":{"line":45,"column":43},"end":{"line":50,"column":7}},"line":45},"4":{"name":"(anonymous_4)","decl":{"start":{"line":55,"column":4},"end":{"line":55,"column":5}},"loc":{"start":{"line":55,"column":22},"end":{"line":60,"column":5}},"line":55},"5":{"name":"splitPart","decl":{"start":{"line":90,"column":9},"end":{"line":90,"column":18}},"loc":{"start":{"line":90,"column":21},"end":{"line":123,"column":1}},"line":90},"6":{"name":"(anonymous_6)","decl":{"start":{"line":92,"column":4},"end":{"line":92,"column":5}},"loc":{"start":{"line":92,"column":37},"end":{"line":121,"column":5}},"line":92},"7":{"name":"(anonymous_7)","decl":{"start":{"line":96,"column":47},"end":{"line":96,"column":48}},"loc":{"start":{"line":96,"column":62},"end":{"line":115,"column":7}},"line":96},"8":{"name":"XStream","decl":{"start":{"line":146,"column":9},"end":{"line":146,"column":16}},"loc":{"start":{"line":146,"column":70},"end":{"line":190,"column":1}},"line":146},"9":{"name":"(anonymous_9)","decl":{"start":{"line":174,"column":33},"end":{"line":174,"column":34}},"loc":{"start":{"line":174,"column":52},"end":{"line":187,"column":3}},"line":174}},"branchMap":{"0":{"loc":{"start":{"line":19,"column":40},"end":{"line":19,"column":49}},"type":"binary-expr","locations":[{"start":{"line":19,"column":40},"end":{"line":19,"column":43}},{"start":{"line":19,"column":47},"end":{"line":19,"column":49}}],"line":19},"1":{"loc":{"start":{"line":47,"column":8},"end":{"line":49,"column":9}},"type":"if","locations":[{"start":{"line":47,"column":8},"end":{"line":49,"column":9}},{"start":{},"end":{}}],"line":47},"2":{"loc":{"start":{"line":57,"column":6},"end":{"line":59,"column":7}},"type":"if","locations":[{"start":{"line":57,"column":6},"end":{"line":59,"column":7}},{"start":{},"end":{}}],"line":57},"3":{"loc":{"start":{"line":99,"column":8},"end":{"line":103,"column":9}},"type":"if","locations":[{"start":{"line":99,"column":8},"end":{"line":103,"column":9}},{"start":{},"end":{}}],"line":99},"4":{"loc":{"start":{"line":109,"column":8},"end":{"line":109,"column":44}},"type":"if","locations":[{"start":{"line":109,"column":8},"end":{"line":109,"column":44}},{"start":{},"end":{}}],"line":109},"5":{"loc":{"start":{"line":117,"column":6},"end":{"line":117,"column":53}},"type":"if","locations":[{"start":{"line":117,"column":6},"end":{"line":117,"column":53}},{"start":{},"end":{}}],"line":117},"6":{"loc":{"start":{"line":149,"column":2},"end":{"line":151,"column":3}},"type":"if","locations":[{"start":{"line":149,"column":2},"end":{"line":151,"column":3}},{"start":{},"end":{}}],"line":149},"7":{"loc":{"start":{"line":157,"column":4},"end":{"line":170,"column":35}},"type":"cond-expr","locations":[{"start":{"line":161,"column":8},"end":{"line":163,"column":39}},{"start":{"line":167,"column":8},"end":{"line":170,"column":35}}],"line":157},"8":{"loc":{"start":{"line":180,"column":6},"end":{"line":180,"column":22}},"type":"if","locations":[{"start":{"line":180,"column":6},"end":{"line":180,"column":22}},{"start":{},"end":{}}],"line":180},"9":{"loc":{"start":{"line":182,"column":6},"end":{"line":182,"column":27}},"type":"if","locations":[{"start":{"line":182,"column":6},"end":{"line":182,"column":27}},{"start":{},"end":{}}],"line":182}},"s":{"0":37,"1":37,"2":37,"3":37,"4":23,"5":5,"6":5,"7":7,"8":7,"9":7,"10":8,"11":8,"12":7,"13":5,"14":2,"15":5,"16":8,"17":8,"18":11,"19":11,"20":1,"21":10,"22":10,"23":1,"24":9,"25":9,"26":7,"27":1,"28":6,"29":9,"30":9,"31":1,"32":8,"33":8,"34":8,"35":7,"36":7,"37":18,"38":16,"39":5,"40":11,"41":1,"42":10,"43":8},"f":{"0":23,"1":5,"2":7,"3":8,"4":5,"5":5,"6":8,"7":11,"8":9,"9":7},"b":{"0":[23,0],"1":[8,0],"2":[2,3],"3":[1,10],"4":[1,9],"5":[1,6],"6":[1,8],"7":[3,5],"8":[5,11],"9":[1,10]},"_coverageSchema":"1a1c01bbd47fc00a2c39e90264f33305004495a9","hash":"210a2bd44a2b8b6baee9169c79509b8786cdc8a3"}
}
