TN:
SF:components/index.ts
FNF:0
FNH:0
LF:0
LH:0
BRF:0
BRH:0
end_of_record
TN:
SF:components/_util/motion.ts
FN:6,(anonymous_0)
FN:7,(anonymous_1)
FN:11,(anonymous_2)
FN:12,(anonymous_3)
FN:15,(anonymous_4)
FNF:5
FNH:3
FNDA:3,(anonymous_0)
FNDA:0,(anonymous_1)
FNDA:1,(anonymous_2)
FNDA:0,(anonymous_3)
FNDA:18,(anonymous_4)
DA:6,33
DA:7,33
DA:8,0
DA:9,0
DA:11,33
DA:12,33
DA:13,0
DA:15,33
LF:8
LH:5
BRDA:11,0,0,1
BRDA:11,0,1,0
BRDA:13,1,0,0
BRDA:13,1,1,0
BRDA:15,2,0,0
BRF:5
BRH:1
end_of_record
TN:
SF:components/_util/type.ts
FNF:0
FNH:0
LF:0
LH:0
BRF:0
BRH:0
end_of_record
TN:
SF:components/_util/warning.ts
FN:9,resetWarned
FN:18,(anonymous_1)
FN:60,(anonymous_2)
FN:63,(anonymous_3)
FN:92,(anonymous_4)
FN:104,(anonymous_5)
FN:105,(anonymous_6)
FNF:7
FNH:5
FNDA:138,resetWarned
FNDA:4,(anonymous_1)
FNDA:3,(anonymous_2)
FNDA:6,(anonymous_3)
FNDA:4,(anonymous_4)
FNDA:0,(anonymous_5)
FNDA:0,(anonymous_6)
DA:7,23
DA:10,138
DA:11,138
DA:16,23
DA:17,23
DA:18,23
DA:19,4
DA:22,4
DA:23,4
DA:51,23
DA:59,23
DA:61,3
DA:63,3
DA:64,6
DA:65,6
DA:66,2
DA:68,2
DA:69,1
DA:72,2
DA:74,2
DA:75,1
DA:79,2
DA:81,1
DA:87,4
DA:92,3
DA:93,4
DA:102,3
DA:105,0
DA:107,0
DA:109,0
LF:30
LH:27
BRDA:17,0,0,23
BRDA:17,0,1,0
BRDA:22,1,0,4
BRDA:22,1,1,0
BRDA:59,2,0,23
BRDA:59,2,1,0
BRDA:64,3,0,6
BRDA:64,3,1,0
BRDA:65,4,0,2
BRDA:65,4,1,4
BRDA:65,5,0,6
BRDA:65,5,1,2
BRDA:68,6,0,1
BRDA:68,6,1,1
BRDA:72,7,0,2
BRDA:72,7,1,1
BRDA:74,8,0,1
BRDA:74,8,1,1
BRDA:74,9,0,2
BRDA:74,9,1,0
BRDA:75,10,0,1
BRDA:75,10,1,0
BRDA:79,11,0,1
BRDA:79,11,1,1
BRDA:97,12,0,0
BRDA:97,12,1,4
BRF:26
BRH:19
end_of_record
TN:
SF:components/_util/hooks/use-proxy-imperative-handle.ts
FN:7,useProxyImperativeHandle
FN:11,(anonymous_1)
FN:16,(anonymous_2)
FNF:3
FNH:3
FNDA:92,useProxyImperativeHandle
FNDA:8,(anonymous_1)
FNDA:9,(anonymous_2)
DA:11,92
DA:12,8
DA:13,8
DA:15,8
DA:17,9
DA:18,8
DA:21,1
LF:7
LH:7
BRDA:17,0,0,8
BRDA:17,0,1,1
BRF:2
BRH:2
end_of_record
TN:
SF:components/_util/hooks/use-shortcut-keys.ts
FN:9,(anonymous_0)
FN:25,(anonymous_1)
FN:31,(anonymous_2)
FN:46,(anonymous_3)
FN:50,(anonymous_4)
FN:52,(anonymous_5)
FN:56,(anonymous_6)
FN:57,(anonymous_7)
FN:76,(anonymous_8)
FNF:9
FNH:4
FNDA:297,(anonymous_0)
FNDA:0,(anonymous_1)
FNDA:0,(anonymous_2)
FNDA:60,(anonymous_3)
FNDA:48,(anonymous_4)
FNDA:0,(anonymous_5)
FNDA:0,(anonymous_6)
FNDA:0,(anonymous_7)
FNDA:2,(anonymous_8)
DA:9,297
DA:18,33
DA:25,33
DA:26,0
DA:27,0
DA:28,0
DA:29,0
DA:31,0
DA:32,0
DA:33,0
DA:36,0
DA:42,0
DA:46,33
DA:47,60
DA:48,60
DA:49,60
DA:50,60
DA:51,48
DA:52,2
DA:53,0
DA:54,0
DA:55,0
DA:56,0
DA:57,0
DA:58,0
DA:59,0
DA:67,0
DA:68,0
DA:75,2
DA:76,2
DA:77,2
DA:80,60
LF:32
LH:14
BRDA:29,0,0,0
BRDA:29,0,1,0
BRDA:32,1,0,0
BRDA:32,1,1,0
BRDA:33,2,0,0
BRDA:33,2,1,0
BRDA:36,3,0,0
BRDA:36,3,1,0
BRDA:38,4,0,0
BRDA:38,4,1,0
BRDA:48,5,0,60
BRDA:48,5,1,60
BRDA:51,6,0,46
BRDA:51,6,1,2
BRDA:53,7,0,0
BRDA:53,7,1,0
BRDA:55,8,0,0
BRDA:55,8,1,0
BRDA:56,9,0,0
BRDA:56,9,1,0
BRDA:59,10,0,0
BRDA:59,10,1,0
BRDA:68,11,0,0
BRDA:68,11,1,0
BRF:24
BRH:4
end_of_record
TN:
SF:components/_util/hooks/use-x-component-config.ts
FN:13,(anonymous_0)
FN:19,(anonymous_1)
FNF:2
FNH:2
FNDA:851,(anonymous_0)
FNDA:606,(anonymous_1)
DA:6,37
DA:13,37
DA:16,851
DA:18,851
DA:19,606
LF:5
LH:5
BRF:0
BRH:0
end_of_record
TN:
SF:components/actions/ActionMenu.tsx
FN:8,(anonymous_0)
FN:26,(anonymous_1)
FN:35,(anonymous_2)
FNF:3
FNH:3
FNDA:10,(anonymous_0)
FNDA:8,(anonymous_1)
FNDA:1,(anonymous_2)
DA:8,34
DA:9,10
DA:11,10
DA:12,17
DA:14,7
DA:17,2
DA:18,2
DA:23,3
DA:26,34
DA:27,8
DA:28,8
DA:29,8
DA:30,8
DA:31,8
DA:33,8
DA:36,1
DA:37,1
DA:38,1
DA:40,0
DA:49,8
LF:20
LH:19
BRDA:12,0,0,7
BRDA:12,0,1,10
BRDA:14,1,0,5
BRDA:14,1,1,2
BRDA:17,2,0,2
BRDA:17,2,1,0
BRDA:28,3,0,0
BRDA:28,4,0,8
BRDA:31,5,0,8
BRDA:31,5,1,7
BRDA:36,6,0,1
BRDA:36,6,1,0
BRF:12
BRH:9
end_of_record
TN:
SF:components/actions/index.tsx
FN:56,(anonymous_0)
FN:91,(anonymous_1)
FN:102,(anonymous_2)
FN:119,(anonymous_3)
FN:125,(anonymous_4)
FN:136,(anonymous_5)
FNF:6
FNH:6
FNDA:16,(anonymous_0)
FNDA:29,(anonymous_1)
FNDA:2,(anonymous_2)
FNDA:29,(anonymous_3)
FNDA:2,(anonymous_4)
FNDA:37,(anonymous_5)
DA:56,34
DA:66,16
DA:69,16
DA:70,16
DA:73,16
DA:76,16
DA:78,16
DA:86,16
DA:91,16
DA:92,29
DA:93,29
DA:99,0
DA:102,16
DA:107,2
DA:108,1
DA:109,1
DA:111,1
DA:119,16
DA:120,29
DA:122,29
DA:125,2
DA:133,16
DA:137,37
DA:138,8
DA:142,29
DA:149,34
DA:150,34
LF:27
LH:26
BRDA:59,0,0,14
BRDA:60,1,0,16
BRDA:61,2,0,13
BRDA:62,3,0,16
BRDA:64,4,0,2
BRDA:92,5,0,29
BRDA:92,5,1,0
BRDA:107,6,0,1
BRDA:107,6,1,1
BRDA:137,7,0,8
BRDA:137,7,1,29
BRDA:149,8,0,34
BRDA:149,8,1,0
BRF:13
BRH:11
end_of_record
TN:
SF:components/actions/style/index.ts
FN:10,(anonymous_0)
FN:73,(anonymous_1)
FN:77,(anonymous_2)
FNF:3
FNH:3
FNDA:12,(anonymous_0)
FNDA:12,(anonymous_1)
FNDA:12,(anonymous_2)
DA:10,34
DA:11,12
DA:13,12
DA:73,34
DA:78,12
DA:79,12
LF:6
LH:6
BRF:0
BRH:0
end_of_record
TN:
SF:components/attachments/DropArea.tsx
FN:13,DropArea
FN:21,(anonymous_1)
FN:29,(anonymous_2)
FN:32,(anonymous_3)
FN:37,(anonymous_4)
FN:41,(anonymous_5)
FN:46,(anonymous_6)
FN:55,(anonymous_7)
FNF:8
FNH:8
FNDA:82,DropArea
FNDA:34,(anonymous_1)
FNDA:44,(anonymous_2)
FNDA:3,(anonymous_3)
FNDA:2,(anonymous_4)
FNDA:1,(anonymous_5)
FNDA:1,(anonymous_6)
FNDA:14,(anonymous_7)
DA:14,82
DA:15,82
DA:17,82
DA:18,82
DA:21,82
DA:22,34
DA:23,34
DA:24,28
DA:29,82
DA:31,44
DA:32,14
DA:33,3
DA:37,14
DA:38,2
DA:41,14
DA:42,1
DA:43,1
DA:46,14
DA:47,1
DA:48,1
DA:51,14
DA:52,14
DA:53,14
DA:54,14
DA:55,14
DA:56,14
DA:57,14
DA:58,14
DA:59,14
DA:65,82
DA:68,82
DA:69,36
DA:72,46
DA:74,46
LF:34
LH:34
BRDA:23,0,0,28
BRDA:23,0,1,6
BRDA:31,1,0,14
BRDA:31,1,1,30
BRDA:42,2,0,1
BRDA:42,2,1,0
BRDA:65,3,0,82
BRDA:65,3,1,80
BRDA:65,3,2,46
BRDA:68,4,0,36
BRDA:68,4,1,46
BRDA:79,5,0,6
BRDA:79,5,1,40
BRF:13
BRH:12
end_of_record
TN:
SF:components/attachments/PlaceholderUploader.tsx
FN:22,Placeholder
FN:34,(anonymous_1)
FN:38,(anonymous_2)
FN:45,(anonymous_3)
FNF:4
FNH:4
FNDA:77,Placeholder
FNDA:1,(anonymous_1)
FNDA:1,(anonymous_2)
FNDA:1,(anonymous_3)
DA:23,77
DA:25,77
DA:27,77
DA:29,77
DA:32,77
DA:34,77
DA:35,1
DA:38,77
DA:40,1
DA:41,1
DA:45,77
DA:46,1
DA:50,77
DA:66,77
LF:14
LH:14
BRDA:23,0,0,50
BRDA:27,1,0,77
BRDA:27,1,1,0
BRDA:40,2,0,1
BRDA:40,2,1,0
BRDA:50,3,0,3
BRDA:50,3,1,74
BRF:7
BRH:5
end_of_record
TN:
SF:components/attachments/SilentUploader.tsx
FN:13,SilentUploader
FN:17,(anonymous_1)
FNF:2
FNH:2
FNDA:68,SilentUploader
FNDA:6,(anonymous_1)
DA:14,68
DA:16,68
DA:17,68
DA:20,68
LF:4
LH:4
BRF:0
BRH:0
end_of_record
TN:
SF:components/attachments/context.tsx
FNF:0
FNH:0
DA:7,34
LF:1
LH:1
BRF:0
BRH:0
end_of_record
TN:
SF:components/attachments/index.tsx
FN:57,Attachments
FN:93,(anonymous_1)
FN:95,(anonymous_2)
FN:119,(anonymous_3)
FN:130,(anonymous_4)
FN:131,(anonymous_5)
FN:137,(anonymous_6)
FN:147,(anonymous_7)
FN:227,(anonymous_8)
FNF:9
FNH:8
FNDA:44,Attachments
FNDA:2,(anonymous_1)
FNDA:0,(anonymous_2)
FNDA:3,(anonymous_3)
FNDA:2,(anonymous_4)
FNDA:2,(anonymous_5)
FNDA:1,(anonymous_6)
FNDA:81,(anonymous_7)
FNDA:24,(anonymous_8)
DA:76,44
DA:79,44
DA:81,44
DA:84,44
DA:86,44
DA:89,44
DA:91,44
DA:93,44
DA:96,0
DA:99,0
DA:100,0
DA:101,0
DA:102,0
DA:104,0
DA:110,44
DA:112,44
DA:115,44
DA:119,44
DA:120,3
DA:121,3
DA:124,44
DA:130,44
DA:131,2
DA:133,2
DA:134,1
DA:137,1
DA:139,1
DA:147,44
DA:152,81
DA:154,81
DA:170,44
DA:171,7
DA:186,37
DA:188,37
DA:227,24
DA:237,44
DA:248,34
DA:254,34
DA:255,34
DA:258,34
LF:40
LH:34
BRDA:73,0,0,44
BRDA:74,1,0,44
BRDA:99,2,0,0
BRDA:99,2,1,0
BRDA:131,3,0,1
BRDA:131,3,1,1
BRDA:133,4,0,1
BRDA:133,4,1,1
BRDA:152,5,0,24
BRDA:152,5,1,57
BRDA:170,6,0,7
BRDA:170,6,1,37
BRDA:203,7,0,37
BRDA:203,7,1,35
BRDA:216,8,0,37
BRDA:216,8,1,26
BRDA:225,9,0,11
BRDA:225,9,1,26
BRDA:227,10,0,37
BRDA:227,10,1,31
BRDA:254,11,0,34
BRDA:254,11,1,0
BRF:22
BRH:19
end_of_record
TN:
SF:components/attachments/util.ts
FN:3,(anonymous_0)
FN:7,previewImage
FN:8,(anonymous_2)
FN:15,(anonymous_3)
FN:38,(anonymous_4)
FN:46,(anonymous_5)
FNF:6
FNH:2
FNDA:0,(anonymous_0)
FNDA:4,previewImage
FNDA:4,(anonymous_2)
FNDA:0,(anonymous_3)
FNDA:0,(anonymous_4)
FNDA:0,(anonymous_5)
DA:3,34
DA:5,34
DA:8,4
DA:9,4
DA:10,4
DA:11,4
DA:14,0
DA:15,0
DA:16,0
DA:18,0
DA:19,0
DA:20,0
DA:22,0
DA:23,0
DA:24,0
DA:25,0
DA:26,0
DA:27,0
DA:29,0
DA:30,0
DA:31,0
DA:32,0
DA:33,0
DA:35,0
DA:36,0
DA:37,0
DA:38,0
DA:39,0
DA:40,0
DA:43,0
DA:44,0
DA:45,0
DA:46,0
DA:47,0
DA:48,0
DA:51,0
DA:53,0
LF:37
LH:6
BRDA:9,0,0,4
BRDA:9,0,1,0
BRDA:9,1,0,4
BRDA:9,1,1,4
BRDA:9,1,2,0
BRDA:19,2,0,0
BRDA:19,2,1,0
BRDA:20,3,0,0
BRDA:20,3,1,0
BRDA:36,4,0,0
BRDA:36,4,1,0
BRDA:39,5,0,0
BRDA:39,5,1,0
BRDA:39,6,0,0
BRDA:39,6,1,0
BRDA:44,7,0,0
BRDA:44,7,1,0
BRDA:47,8,0,0
BRDA:47,8,1,0
BRF:19
BRH:3
end_of_record
TN:
SF:components/attachments/FileList/AudioIcon.tsx
FN:3,AudioIcon
FNF:1
FNH:1
FNDA:3,AudioIcon
DA:4,3
LF:1
LH:1
BRF:0
BRH:0
end_of_record
TN:
SF:components/attachments/FileList/FileListCard.tsx
FN:91,matchExt
FN:92,(anonymous_1)
FN:95,getSize
FN:108,FileListCard
FN:125,(anonymous_4)
FN:131,(anonymous_5)
FN:134,(anonymous_6)
FN:151,(anonymous_7)
FN:164,(anonymous_8)
FN:167,(anonymous_9)
FN:173,(anonymous_10)
FN:248,(anonymous_11)
FNF:12
FNH:12
FNDA:568,matchExt
FNDA:1465,(anonymous_1)
FNDA:27,getSize
FNDA:260,FileListCard
FNDA:150,(anonymous_4)
FNDA:150,(anonymous_5)
FNDA:150,(anonymous_6)
FNDA:150,(anonymous_7)
FNDA:108,(anonymous_8)
FNDA:4,(anonymous_9)
FNDA:4,(anonymous_10)
FNDA:2,(anonymous_11)
DA:33,34
DA:35,34
DA:37,34
DA:43,34
DA:92,1465
DA:96,27
DA:97,27
DA:98,27
DA:100,27
DA:101,27
DA:102,27
DA:105,27
DA:109,260
DA:110,260
DA:111,260
DA:113,260
DA:116,260
DA:118,260
DA:119,260
DA:122,260
DA:125,260
DA:126,150
DA:127,150
DA:128,150
DA:131,260
DA:134,260
DA:135,150
DA:136,6
DA:139,144
DA:140,3
DA:143,141
DA:144,0
DA:147,141
DA:151,260
DA:152,150
DA:153,418
DA:154,146
DA:158,4
DA:162,260
DA:164,260
DA:165,108
DA:166,4
DA:167,4
DA:168,4
DA:169,2
DA:173,4
DA:174,4
DA:177,104
DA:181,260
DA:182,260
DA:183,260
DA:185,260
DA:187,193
DA:207,67
DA:225,260
DA:249,2
LF:56
LH:55
BRDA:100,0,0,54
BRDA:100,0,1,27
BRDA:111,1,0,260
BRDA:111,1,1,36
BRDA:113,2,0,67
BRDA:126,3,0,150
BRDA:126,3,1,4
BRDA:128,4,0,146
BRDA:128,4,1,4
BRDA:135,5,0,6
BRDA:135,5,1,144
BRDA:139,6,0,3
BRDA:139,6,1,141
BRDA:140,7,0,3
BRDA:140,7,1,0
BRDA:143,8,0,0
BRDA:143,8,1,141
BRDA:144,9,0,0
BRDA:144,9,1,0
BRDA:147,10,0,27
BRDA:147,10,1,114
BRDA:153,11,0,146
BRDA:153,11,1,272
BRDA:165,12,0,4
BRDA:165,12,1,104
BRDA:168,13,0,2
BRDA:168,13,1,2
BRDA:182,14,0,260
BRDA:182,14,1,67
BRDA:182,14,2,67
BRDA:183,15,0,260
BRDA:183,15,1,196
BRDA:183,15,2,196
BRDA:185,16,0,193
BRDA:185,16,1,67
BRDA:189,17,0,193
BRDA:189,17,1,193
BRDA:191,18,0,193
BRDA:191,18,1,0
BRDA:193,19,0,0
BRDA:193,19,1,0
BRDA:193,19,2,0
BRDA:196,20,0,0
BRDA:196,20,1,0
BRDA:214,21,0,67
BRDA:214,21,1,0
BRDA:244,22,0,260
BRDA:244,22,1,260
BRDA:244,22,2,224
BRF:49
BRH:38
end_of_record
TN:
SF:components/attachments/FileList/Progress.tsx
FN:9,Progress
FN:20,(anonymous_1)
FNF:2
FNH:0
FNDA:0,Progress
FNDA:0,(anonymous_1)
DA:10,0
DA:11,0
DA:13,0
DA:20,0
LF:4
LH:0
BRDA:20,0,0,0
BRDA:20,0,1,0
BRF:2
BRH:0
end_of_record
TN:
SF:components/attachments/FileList/VideoIcon.tsx
FN:3,VideoIcon
FNF:1
FNH:1
FNDA:3,VideoIcon
DA:4,3
LF:1
LH:1
BRF:0
BRH:0
end_of_record
TN:
SF:components/attachments/FileList/index.tsx
FN:28,FileList
FN:50,(anonymous_1)
FN:52,(anonymous_2)
FN:61,(anonymous_3)
FN:80,(anonymous_4)
FN:84,(anonymous_5)
FN:95,(anonymous_6)
FN:99,(anonymous_7)
FN:120,(anonymous_8)
FN:130,(anonymous_9)
FNF:10
FNH:7
FNDA:61,FileList
FNDA:24,(anonymous_1)
FNDA:24,(anonymous_2)
FNDA:27,(anonymous_3)
FNDA:27,(anonymous_4)
FNDA:0,(anonymous_5)
FNDA:0,(anonymous_6)
FNDA:0,(anonymous_7)
FNDA:194,(anonymous_8)
FNDA:232,(anonymous_9)
DA:26,34
DA:40,61
DA:42,61
DA:44,61
DA:46,61
DA:48,61
DA:50,61
DA:51,24
DA:52,24
DA:53,24
DA:58,61
DA:59,61
DA:61,61
DA:62,27
DA:64,27
DA:65,0
DA:68,27
DA:69,2
DA:70,2
DA:74,25
DA:75,2
DA:76,2
DA:80,61
DA:81,27
DA:84,61
DA:85,0
DA:87,0
DA:88,0
DA:95,61
DA:96,0
DA:99,61
DA:100,0
DA:104,61
DA:120,194
DA:131,232
LF:35
LH:29
BRDA:64,0,0,0
BRDA:64,0,1,27
BRDA:68,1,0,2
BRDA:68,1,1,25
BRDA:74,2,0,2
BRDA:74,2,1,23
BRDA:87,3,0,0
BRDA:87,3,1,0
BRDA:147,4,0,61
BRDA:147,4,1,61
BRDA:155,5,0,61
BRDA:155,5,1,4
BRF:12
BRH:9
end_of_record
TN:
SF:components/attachments/style/fileCard.ts
FN:4,(anonymous_0)
FN:172,(anonymous_1)
FNF:2
FNH:2
FNDA:23,(anonymous_0)
FNDA:92,(anonymous_1)
DA:4,34
DA:5,23
DA:7,23
DA:9,23
DA:16,23
DA:172,92
LF:6
LH:6
BRF:0
BRH:0
end_of_record
TN:
SF:components/attachments/style/index.ts
FN:20,(anonymous_0)
FN:94,(anonymous_1)
FN:256,(anonymous_2)
FN:267,(anonymous_3)
FNF:4
FNH:4
FNDA:23,(anonymous_0)
FNDA:23,(anonymous_1)
FNDA:23,(anonymous_2)
FNDA:23,(anonymous_3)
DA:14,34
DA:20,34
DA:21,23
DA:23,23
DA:24,23
DA:26,23
DA:94,34
DA:95,23
DA:97,23
DA:99,23
DA:106,23
DA:256,34
DA:257,23
DA:258,23
DA:260,23
DA:268,23
DA:269,23
LF:17
LH:17
BRF:0
BRH:0
end_of_record
TN:
SF:components/bubble/Bubble.tsx
FN:23,(anonymous_0)
FN:52,(anonymous_1)
FN:74,(anonymous_2)
FN:79,(anonymous_3)
FN:111,(anonymous_4)
FN:117,(anonymous_5)
FN:120,(anonymous_6)
FNF:7
FNH:7
FNDA:408,(anonymous_0)
FNDA:92,(anonymous_1)
FNDA:188,(anonymous_2)
FNDA:179,(anonymous_3)
FNDA:234,(anonymous_4)
FNDA:262,(anonymous_5)
FNDA:205,(anonymous_6)
DA:21,35
DA:23,35
DA:45,408
DA:47,408
DA:50,408
DA:52,408
DA:57,408
DA:59,408
DA:62,408
DA:65,408
DA:67,408
DA:74,408
DA:75,188
DA:78,408
DA:79,408
DA:80,179
DA:83,159
DA:84,81
DA:85,81
DA:88,20
DA:93,408
DA:95,408
DA:110,408
DA:111,234
DA:116,408
DA:117,262
DA:120,408
DA:121,205
DA:125,408
DA:126,14
DA:128,394
DA:137,408
DA:154,408
DA:155,118
DA:192,408
DA:229,35
DA:231,35
DA:232,35
LF:38
LH:38
BRDA:29,0,0,352
BRDA:30,1,0,339
BRDA:32,2,0,236
BRDA:33,3,0,393
BRDA:36,4,0,9
BRDA:38,5,0,266
BRDA:80,6,0,159
BRDA:80,6,1,20
BRDA:80,7,0,179
BRDA:80,7,1,165
BRDA:83,8,0,81
BRDA:83,8,1,78
BRDA:105,9,0,408
BRDA:105,9,1,37
BRDA:105,9,2,37
BRDA:105,9,3,34
BRDA:111,10,0,4
BRDA:111,10,1,230
BRDA:117,11,0,17
BRDA:117,11,1,245
BRDA:121,12,0,32
BRDA:121,12,1,173
BRDA:125,13,0,14
BRDA:125,13,1,394
BRDA:126,14,0,5
BRDA:126,14,1,9
BRDA:131,15,0,394
BRDA:131,15,1,37
BRDA:145,16,0,408
BRDA:145,16,1,62
BRDA:154,17,0,118
BRDA:154,17,1,290
BRDA:154,18,0,408
BRDA:154,18,1,321
BRDA:157,19,0,118
BRDA:157,19,1,87
BRDA:173,20,0,118
BRDA:173,20,1,118
BRDA:203,21,0,408
BRDA:203,21,1,213
BRDA:231,22,0,35
BRDA:231,22,1,0
BRF:42
BRH:41
end_of_record
TN:
SF:components/bubble/BubbleList.tsx
FN:48,(anonymous_0)
FN:52,(anonymous_1)
FN:66,(anonymous_2)
FN:97,(anonymous_3)
FN:99,(anonymous_4)
FN:113,(anonymous_5)
FN:121,(anonymous_6)
FN:130,(anonymous_7)
FN:144,(anonymous_8)
FN:152,(anonymous_9)
FN:154,(anonymous_10)
FN:167,(anonymous_11)
FN:182,(anonymous_12)
FN:184,(anonymous_13)
FN:189,(anonymous_14)
FN:206,(anonymous_15)
FNF:16
FNH:16
FNDA:145,(anonymous_0)
FNDA:184,(anonymous_1)
FNDA:64,(anonymous_2)
FNDA:22,(anonymous_3)
FNDA:22,(anonymous_4)
FNDA:2,(anonymous_5)
FNDA:33,(anonymous_6)
FNDA:23,(anonymous_7)
FNDA:6,(anonymous_8)
FNDA:15,(anonymous_9)
FNDA:3,(anonymous_10)
FNDA:1,(anonymous_11)
FNDA:62,(anonymous_12)
FNDA:124,(anonymous_13)
FNDA:32,(anonymous_14)
FNDA:171,(anonymous_15)
DA:48,35
DA:49,145
DA:53,184
DA:54,92
DA:56,92
DA:62,35
DA:64,35
DA:66,35
DA:75,64
DA:76,64
DA:82,64
DA:84,64
DA:87,64
DA:89,64
DA:90,64
DA:92,64
DA:95,64
DA:97,64
DA:98,22
DA:99,22
DA:100,22
DA:105,64
DA:109,64
DA:111,64
DA:113,64
DA:114,2
DA:116,2
DA:121,64
DA:122,33
DA:123,33
DA:130,64
DA:131,23
DA:133,23
DA:134,23
DA:137,23
DA:138,13
DA:139,13
DA:140,13
DA:142,13
DA:143,13
DA:144,6
DA:145,3
DA:152,64
DA:155,3
DA:157,1
DA:161,2
DA:163,2
DA:165,2
DA:167,1
DA:168,1
DA:171,1
DA:182,64
DA:183,62
DA:184,124
DA:188,64
DA:189,32
DA:196,64
DA:207,171
DA:220,35
DA:222,35
DA:223,35
LF:61
LH:61
BRDA:53,0,0,92
BRDA:53,0,1,92
BRDA:72,1,0,64
BRDA:122,2,0,33
BRDA:122,2,1,0
BRDA:122,3,0,33
BRDA:122,3,1,33
BRDA:122,3,2,33
BRDA:131,4,0,23
BRDA:131,4,1,0
BRDA:137,5,0,13
BRDA:137,5,1,10
BRDA:142,6,0,13
BRDA:142,6,1,3
BRDA:143,7,0,3
BRDA:143,7,1,10
BRDA:154,8,0,3
BRDA:155,9,0,1
BRDA:155,9,1,2
BRDA:161,10,0,2
BRDA:161,10,1,0
BRDA:165,11,0,1
BRDA:165,11,1,1
BRDA:183,12,0,62
BRDA:183,12,1,0
BRDA:212,13,0,88
BRDA:212,13,1,83
BRDA:222,14,0,35
BRDA:222,14,1,0
BRF:29
BRH:24
end_of_record
TN:
SF:components/bubble/index.tsx
FNF:0
FNH:0
DA:10,35
LF:1
LH:1
BRF:0
BRH:0
end_of_record
TN:
SF:components/bubble/loading.tsx
FN:7,(anonymous_0)
FNF:1
FNH:1
FNDA:9,(anonymous_0)
DA:7,35
DA:8,9
LF:2
LH:2
BRF:0
BRH:0
end_of_record
TN:
SF:components/bubble/hooks/useListData.ts
FN:7,useListData
FN:12,(anonymous_1)
FN:27,(anonymous_2)
FN:28,(anonymous_3)
FNF:4
FNH:4
FNDA:64,useListData
FNDA:95,(anonymous_1)
FNDA:34,(anonymous_2)
FNDA:95,(anonymous_3)
DA:11,64
DA:13,95
DA:14,20
DA:17,75
DA:18,34
DA:21,41
DA:26,64
DA:28,34
DA:29,95
DA:31,95
LF:10
LH:10
BRDA:13,0,0,20
BRDA:13,0,1,75
BRDA:17,1,0,34
BRDA:17,1,1,41
BRDA:18,2,0,34
BRDA:18,2,1,1
BRDA:28,3,0,34
BRDA:28,3,1,2
BRDA:29,4,0,95
BRDA:29,4,1,12
BRF:10
BRH:10
end_of_record
TN:
SF:components/bubble/hooks/useTypedEffect.ts
FN:5,isString
FN:13,(anonymous_1)
FN:26,(anonymous_2)
FN:40,(anonymous_3)
FN:42,(anonymous_4)
FN:43,(anonymous_5)
FN:46,(anonymous_6)
FNF:7
FNH:7
FNDA:296,isString
FNDA:408,(anonymous_1)
FNDA:176,(anonymous_2)
FNDA:247,(anonymous_3)
FNDA:12,(anonymous_4)
FNDA:24,(anonymous_5)
FNDA:23,(anonymous_6)
DA:6,296
DA:13,35
DA:19,408
DA:21,408
DA:23,408
DA:26,408
DA:27,176
DA:28,124
DA:29,52
DA:34,1
DA:36,176
DA:40,408
DA:41,247
DA:42,23
DA:43,24
DA:46,23
DA:47,23
DA:52,408
DA:54,408
LF:19
LH:19
BRDA:23,0,0,408
BRDA:23,0,1,68
BRDA:27,1,0,124
BRDA:27,1,1,52
BRDA:27,2,0,176
BRDA:27,2,1,162
BRDA:29,3,0,1
BRDA:29,3,1,51
BRDA:30,4,0,52
BRDA:30,4,1,14
BRDA:30,4,2,14
BRDA:41,5,0,23
BRDA:41,5,1,224
BRDA:41,6,0,247
BRDA:41,6,1,35
BRDA:52,7,0,61
BRDA:52,7,1,347
BRDA:54,8,0,408
BRDA:54,8,1,61
BRF:19
BRH:19
end_of_record
TN:
SF:components/bubble/hooks/useTypingConfig.ts
FN:4,useTypingConfig
FN:7,(anonymous_1)
FNF:2
FNH:2
FNDA:408,useTypingConfig
FNDA:294,(anonymous_1)
DA:5,408
DA:8,294
DA:9,256
DA:12,38
DA:19,38
DA:20,18
DA:23,38
LF:7
LH:7
BRDA:8,0,0,256
BRDA:8,0,1,38
BRDA:19,1,0,18
BRDA:19,1,1,20
BRF:4
BRH:4
end_of_record
TN:
SF:components/bubble/style/content.ts
FN:5,(anonymous_0)
FN:35,(anonymous_1)
FNF:2
FNH:2
FNDA:56,(anonymous_0)
FNDA:56,(anonymous_1)
DA:5,35
DA:6,56
DA:7,56
DA:35,35
DA:36,56
DA:38,56
DA:40,56
DA:42,56
LF:8
LH:8
BRF:0
BRH:0
end_of_record
TN:
SF:components/bubble/style/index.ts
FN:43,(anonymous_0)
FN:149,(anonymous_1)
FN:153,(anonymous_2)
FNF:3
FNH:3
FNDA:56,(anonymous_0)
FNDA:57,(anonymous_1)
FNDA:56,(anonymous_2)
DA:8,35
DA:26,35
DA:43,35
DA:44,56
DA:45,56
DA:149,57
DA:154,56
DA:155,56
LF:8
LH:8
BRF:0
BRH:0
end_of_record
TN:
SF:components/bubble/style/list.ts
FN:4,(anonymous_0)
FNF:1
FNH:1
FNDA:56,(anonymous_0)
DA:4,35
DA:5,56
DA:6,56
LF:3
LH:3
BRF:0
BRH:0
end_of_record
TN:
SF:components/conversations/GroupTitle.tsx
FN:16,(anonymous_0)
FNF:1
FNH:1
FNDA:24,(anonymous_0)
DA:12,33
DA:16,33
DA:17,24
DA:19,24
LF:4
LH:4
BRDA:21,0,0,24
BRDA:21,0,1,18
BRF:2
BRH:2
end_of_record
TN:
SF:components/conversations/Item.tsx
FN:26,(anonymous_0)
FN:30,(anonymous_1)
FN:51,(anonymous_2)
FN:63,(anonymous_3)
FNF:4
FNH:4
FNDA:2,(anonymous_0)
FNDA:227,(anonymous_1)
FNDA:3,(anonymous_2)
FNDA:42,(anonymous_3)
DA:26,33
DA:27,2
DA:30,33
DA:31,227
DA:33,227
DA:40,227
DA:43,227
DA:51,227
DA:52,3
DA:53,2
DA:59,227
DA:61,227
DA:63,227
DA:65,42
DA:67,42
DA:68,21
DA:72,21
DA:76,227
LF:18
LH:18
BRDA:46,0,0,227
BRDA:46,0,1,49
BRDA:52,1,0,2
BRDA:52,1,1,1
BRDA:52,2,0,3
BRDA:52,2,1,2
BRDA:59,3,0,227
BRDA:59,3,1,163
BRDA:67,4,0,21
BRDA:67,4,1,21
BRDA:68,5,0,9
BRDA:68,5,1,12
BRDA:78,6,0,227
BRDA:78,6,1,40
BRDA:80,7,0,227
BRDA:80,7,1,159
BRDA:80,7,2,42
BRDA:83,8,0,6
BRDA:83,8,1,36
BRF:19
BRH:19
end_of_record
TN:
SF:components/conversations/index.tsx
FN:93,(anonymous_0)
FN:154,(anonymous_1)
FN:156,(anonymous_2)
FN:164,(anonymous_3)
FN:182,(anonymous_4)
FN:183,(anonymous_5)
FNF:6
FNH:5
FNDA:60,(anonymous_0)
FNDA:44,(anonymous_1)
FNDA:0,(anonymous_2)
FNDA:2,(anonymous_3)
FNDA:69,(anonymous_4)
FNDA:227,(anonymous_5)
DA:93,33
DA:109,60
DA:111,60
DA:118,60
DA:126,60
DA:129,60
DA:131,60
DA:134,60
DA:137,60
DA:139,60
DA:152,60
DA:154,60
DA:155,44
DA:156,0
DA:157,0
DA:158,0
DA:164,60
DA:165,2
DA:167,2
DA:168,2
DA:173,60
DA:183,69
DA:184,227
DA:198,69
DA:199,28
DA:211,41
DA:217,33
DA:218,33
LF:28
LH:25
BRDA:103,0,0,60
BRDA:104,1,0,60
BRDA:155,2,0,0
BRDA:155,2,1,44
BRDA:157,3,0,0
BRDA:157,3,1,0
BRDA:158,4,0,0
BRDA:158,4,1,0
BRDA:167,5,0,2
BRDA:167,5,1,0
BRDA:185,6,0,227
BRDA:185,6,1,28
BRDA:191,7,0,64
BRDA:191,7,1,163
BRDA:198,8,0,28
BRDA:198,8,1,41
BRDA:200,9,0,28
BRDA:200,9,1,8
BRDA:202,10,0,28
BRDA:202,10,1,18
BRDA:217,11,0,33
BRDA:217,11,1,0
BRF:22
BRH:15
end_of_record
TN:
SF:components/conversations/hooks/useGroupable.ts
FN:18,(anonymous_0)
FN:22,(anonymous_1)
FN:39,(anonymous_2)
FN:54,(anonymous_3)
FN:70,(anonymous_4)
FNF:5
FNH:5
FNDA:60,(anonymous_0)
FNDA:52,(anonymous_1)
FNDA:57,(anonymous_2)
FNDA:70,(anonymous_3)
FNDA:28,(anonymous_4)
DA:8,33
DA:18,33
DA:22,60
DA:23,52
DA:24,35
DA:27,17
DA:32,17
DA:33,7
DA:36,17
DA:39,60
DA:41,57
DA:42,40
DA:50,40
DA:54,17
DA:55,70
DA:57,70
DA:58,28
DA:61,70
DA:63,70
DA:67,17
DA:70,28
DA:76,17
LF:22
LH:22
BRDA:20,0,0,6
BRDA:23,1,0,35
BRDA:23,1,1,17
BRDA:32,2,0,7
BRDA:32,2,1,10
BRDA:41,3,0,40
BRDA:41,3,1,17
BRDA:55,4,0,70
BRDA:55,4,1,32
BRDA:57,5,0,28
BRDA:57,5,1,42
BRDA:67,6,0,5
BRDA:67,6,1,12
BRDA:71,7,0,8
BRDA:71,7,1,20
BRF:15
BRH:15
end_of_record
TN:
SF:components/conversations/style/index.ts
FN:11,(anonymous_0)
FN:112,(anonymous_1)
FN:116,(anonymous_2)
FNF:3
FNH:3
FNDA:30,(anonymous_0)
FNDA:30,(anonymous_1)
FNDA:30,(anonymous_2)
DA:11,33
DA:12,30
DA:14,30
DA:112,33
DA:117,30
DA:118,30
LF:6
LH:6
BRF:0
BRH:0
end_of_record
TN:
SF:components/prompts/index.tsx
FN:105,(anonymous_0)
FN:171,(anonymous_1)
FN:187,(anonymous_2)
FNF:3
FNH:3
FNDA:53,(anonymous_0)
FNDA:140,(anonymous_1)
FNDA:1,(anonymous_2)
DA:105,33
DA:119,53
DA:122,53
DA:124,53
DA:127,53
DA:130,53
DA:132,53
DA:144,53
DA:153,53
DA:172,140
DA:174,140
DA:188,1
DA:189,1
DA:236,33
DA:237,33
LF:15
LH:15
BRDA:115,0,0,38
BRDA:116,1,0,44
BRDA:156,2,0,53
BRDA:156,2,1,27
BRDA:172,3,0,140
BRDA:172,3,1,9
BRDA:176,4,0,140
BRDA:176,4,1,0
BRDA:188,5,0,1
BRDA:188,5,1,0
BRDA:188,6,0,1
BRDA:188,6,1,1
BRDA:194,7,0,140
BRDA:194,7,1,116
BRDA:205,8,0,140
BRDA:205,8,1,71
BRDA:208,9,0,140
BRDA:208,9,1,140
BRDA:211,10,0,140
BRDA:211,10,1,9
BRDA:236,11,0,33
BRDA:236,11,1,0
BRF:22
BRH:19
end_of_record
TN:
SF:components/prompts/style/index.ts
FN:11,(anonymous_0)
FN:69,(anonymous_1)
FN:125,(anonymous_2)
FN:163,(anonymous_3)
FN:167,(anonymous_4)
FNF:5
FNH:5
FNDA:25,(anonymous_0)
FNDA:50,(anonymous_1)
FNDA:25,(anonymous_2)
FNDA:25,(anonymous_3)
FNDA:25,(anonymous_4)
DA:11,33
DA:12,25
DA:14,25
DA:69,50
DA:125,33
DA:126,25
DA:128,25
DA:163,33
DA:168,25
DA:169,25
LF:10
LH:10
BRF:0
BRH:0
end_of_record
TN:
SF:components/sender/SenderHeader.tsx
FN:28,(anonymous_0)
FN:31,(anonymous_1)
FN:35,SenderHeader
FN:66,(anonymous_3)
FN:95,(anonymous_4)
FNF:5
FNH:2
FNDA:0,(anonymous_0)
FNDA:0,(anonymous_1)
FNDA:13,SenderHeader
FNDA:27,(anonymous_3)
FNDA:0,(anonymous_4)
DA:11,33
DA:28,33
DA:31,33
DA:47,13
DA:49,13
DA:51,13
DA:53,13
DA:67,27
DA:96,0
LF:9
LH:8
BRDA:43,0,0,13
BRDA:44,1,0,7
BRDA:76,2,0,27
BRDA:76,2,1,0
BRDA:76,2,2,27
BRDA:89,3,0,27
BRDA:89,3,1,27
BRDA:105,4,0,27
BRDA:105,4,1,18
BRF:9
BRH:8
end_of_record
TN:
SF:components/sender/StopLoading.tsx
FN:3,(anonymous_0)
FNF:1
FNH:1
FNDA:5,(anonymous_0)
DA:3,33
DA:4,5
DA:6,5
LF:3
LH:3
BRF:0
BRH:0
end_of_record
TN:
SF:components/sender/index.tsx
FN:88,getComponent
FN:104,(anonymous_1)
FN:143,(anonymous_2)
FN:176,(anonymous_3)
FN:185,(anonymous_4)
FN:204,(anonymous_5)
FN:210,(anonymous_6)
FN:217,(anonymous_7)
FN:221,(anonymous_8)
FN:225,(anonymous_9)
FN:249,(anonymous_10)
FN:261,(anonymous_11)
FN:298,(anonymous_12)
FN:339,(anonymous_13)
FNF:14
FNH:10
FNDA:90,getComponent
FNDA:90,(anonymous_1)
FNDA:6,(anonymous_2)
FNDA:3,(anonymous_3)
FNDA:0,(anonymous_4)
FNDA:4,(anonymous_5)
FNDA:2,(anonymous_6)
FNDA:0,(anonymous_7)
FNDA:0,(anonymous_8)
FNDA:2,(anonymous_9)
FNDA:4,(anonymous_10)
FNDA:1,(anonymous_11)
FNDA:0,(anonymous_12)
FNDA:1,(anonymous_13)
DA:93,90
DA:97,33
DA:104,33
DA:133,90
DA:136,90
DA:137,90
DA:140,90
DA:141,90
DA:143,90
DA:150,90
DA:151,90
DA:154,90
DA:155,90
DA:168,90
DA:169,90
DA:172,90
DA:176,90
DA:177,3
DA:179,3
DA:180,2
DA:185,90
DA:186,0
DA:190,90
DA:192,90
DA:198,90
DA:204,90
DA:205,4
DA:206,3
DA:210,90
DA:211,2
DA:215,90
DA:217,90
DA:218,0
DA:221,90
DA:222,0
DA:225,90
DA:226,2
DA:229,2
DA:231,1
DA:232,1
DA:233,1
DA:235,1
DA:238,1
DA:239,1
DA:240,1
DA:242,1
DA:245,2
DA:249,90
DA:251,4
DA:252,4
DA:253,2
DA:254,2
DA:257,4
DA:261,90
DA:265,1
DA:266,1
DA:269,1
DA:274,90
DA:282,90
DA:283,17
DA:286,73
DA:287,4
DA:290,90
DA:298,0
DA:306,90
DA:309,90
DA:340,1
DA:344,1
DA:392,33
DA:394,33
DA:395,33
DA:398,33
LF:72
LH:68
BRDA:93,0,0,90
BRDA:93,0,1,90
BRDA:107,1,0,90
BRDA:108,2,0,90
BRDA:115,3,0,83
BRDA:131,4,0,84
BRDA:172,5,0,90
BRDA:172,5,1,85
BRDA:179,6,0,2
BRDA:179,6,1,1
BRDA:205,7,0,3
BRDA:205,7,1,1
BRDA:205,8,0,4
BRDA:205,8,1,3
BRDA:205,8,2,3
BRDA:226,9,0,2
BRDA:226,9,1,2
BRDA:229,10,0,1
BRDA:229,10,1,1
BRDA:231,11,0,1
BRDA:231,11,1,0
BRDA:231,12,0,1
BRDA:231,12,1,1
BRDA:238,13,0,1
BRDA:238,13,1,0
BRDA:238,14,0,1
BRDA:238,14,1,1
BRDA:252,15,0,2
BRDA:252,15,1,2
BRDA:252,16,0,4
BRDA:252,16,1,2
BRDA:265,17,0,1
BRDA:265,17,1,0
BRDA:275,18,0,90
BRDA:275,18,1,6
BRDA:277,19,0,5
BRDA:277,19,1,85
BRDA:282,20,0,17
BRDA:282,20,1,73
BRDA:286,21,0,4
BRDA:286,21,1,69
BRDA:286,22,0,73
BRDA:286,22,1,72
BRDA:306,23,0,4
BRDA:306,23,1,86
BRDA:306,24,0,86
BRDA:306,24,1,85
BRDA:312,25,0,90
BRDA:312,25,1,13
BRDA:318,26,0,90
BRDA:318,26,1,12
BRDA:355,27,0,90
BRDA:355,27,1,87
BRDA:368,28,0,90
BRDA:368,28,1,5
BRDA:394,29,0,33
BRDA:394,29,1,0
BRF:57
BRH:53
end_of_record
TN:
SF:components/sender/useSpeech.ts
FN:18,useSpeech
FN:26,(anonymous_1)
FN:41,(anonymous_2)
FN:47,(anonymous_3)
FN:51,(anonymous_4)
FN:58,(anonymous_5)
FN:78,(anonymous_6)
FN:82,(anonymous_7)
FN:86,(anonymous_8)
FN:90,(anonymous_9)
FN:103,(anonymous_10)
FNF:11
FNH:6
FNDA:90,useSpeech
FNDA:83,(anonymous_1)
FNDA:60,(anonymous_2)
FNDA:60,(anonymous_3)
FNDA:0,(anonymous_4)
FNDA:60,(anonymous_5)
FNDA:0,(anonymous_6)
FNDA:0,(anonymous_7)
FNDA:0,(anonymous_8)
FNDA:0,(anonymous_9)
FNDA:1,(anonymous_10)
DA:7,33
DA:8,33
DA:22,90
DA:26,90
DA:27,83
DA:28,3
DA:35,80
DA:39,90
DA:41,90
DA:42,60
DA:43,60
DA:45,60
DA:48,60
DA:51,60
DA:52,0
DA:55,60
DA:58,60
DA:60,60
DA:61,37
DA:68,90
DA:71,90
DA:72,90
DA:76,90
DA:78,90
DA:79,0
DA:80,0
DA:82,0
DA:83,0
DA:86,0
DA:87,0
DA:90,0
DA:91,0
DA:92,0
DA:93,0
DA:96,0
DA:99,0
DA:103,90
DA:105,1
DA:106,1
DA:109,0
DA:111,0
DA:113,0
DA:115,0
DA:117,0
DA:118,0
DA:119,0
DA:120,0
DA:122,0
DA:123,0
DA:129,90
LF:50
LH:27
BRDA:7,0,0,33
BRDA:7,0,1,0
BRDA:7,1,0,33
BRDA:7,1,1,33
BRDA:8,2,0,33
BRDA:8,2,1,33
BRDA:27,3,0,3
BRDA:27,3,1,80
BRDA:42,4,0,60
BRDA:42,4,1,0
BRDA:42,5,0,60
BRDA:42,5,1,60
BRDA:60,6,0,37
BRDA:60,6,1,23
BRDA:68,7,0,90
BRDA:68,7,1,0
BRDA:79,8,0,0
BRDA:79,8,1,0
BRDA:79,9,0,0
BRDA:79,9,1,0
BRDA:91,10,0,0
BRDA:91,10,1,0
BRDA:105,11,0,1
BRDA:105,11,1,0
BRDA:105,12,0,1
BRDA:105,12,1,1
BRDA:111,13,0,0
BRDA:111,13,1,0
BRDA:117,14,0,0
BRDA:117,14,1,0
BRDA:118,15,0,0
BRDA:118,15,1,0
BRF:32
BRH:16
end_of_record
TN:
SF:components/sender/components/ActionButton.tsx
FN:25,ActionButton
FN:36,(anonymous_1)
FNF:2
FNH:2
FNDA:120,ActionButton
FNDA:6,(anonymous_1)
DA:19,33
DA:26,120
DA:27,120
DA:28,120
DA:29,120
DA:31,120
DA:37,6
DA:38,1
DA:40,5
DA:41,5
LF:10
LH:10
BRDA:29,0,0,120
BRDA:29,0,1,110
BRDA:29,0,2,105
BRDA:37,1,0,1
BRDA:37,1,1,5
BRF:5
BRH:5
end_of_record
TN:
SF:components/sender/components/ClearButton.tsx
FN:6,ClearButton
FNF:1
FNH:1
FNDA:9,ClearButton
DA:7,9
LF:1
LH:1
BRF:0
BRH:0
end_of_record
TN:
SF:components/sender/components/LoadingButton.tsx
FN:7,LoadingButton
FNF:1
FNH:1
FNDA:5,LoadingButton
DA:8,5
DA:9,5
DA:11,5
LF:3
LH:3
BRF:0
BRH:0
end_of_record
TN:
SF:components/sender/components/SendButton.tsx
FN:6,SendButton
FNF:1
FNH:1
FNDA:94,SendButton
DA:7,94
LF:1
LH:1
BRF:0
BRH:0
end_of_record
TN:
SF:components/sender/components/SpeechButton/RecordingIcon.tsx
FN:15,RecordingIcon
FN:26,(anonymous_1)
FNF:2
FNH:0
FNDA:0,RecordingIcon
FNDA:0,(anonymous_1)
DA:7,33
DA:8,33
DA:9,33
DA:10,33
DA:11,33
DA:12,33
DA:13,33
DA:16,0
DA:27,0
DA:28,0
DA:29,0
DA:30,0
DA:32,0
LF:13
LH:7
BRF:0
BRH:0
end_of_record
TN:
SF:components/sender/components/SpeechButton/index.tsx
FN:7,SpeechButton
FNF:1
FNH:1
FNDA:12,SpeechButton
DA:8,12
DA:10,12
DA:11,12
DA:12,0
DA:13,12
DA:14,12
DA:16,0
DA:19,12
LF:8
LH:6
BRDA:11,0,0,0
BRDA:11,0,1,12
BRDA:13,1,0,12
BRDA:13,1,1,0
BRF:4
BRH:2
end_of_record
TN:
SF:components/sender/style/header.ts
FN:4,(anonymous_0)
FN:46,(anonymous_1)
FNF:2
FNH:2
FNDA:53,(anonymous_0)
FNDA:106,(anonymous_1)
DA:4,33
DA:5,53
DA:7,53
DA:9,53
DA:46,106
LF:5
LH:5
BRF:0
BRH:0
end_of_record
TN:
SF:components/sender/style/index.ts
FN:13,(anonymous_0)
FN:148,(anonymous_1)
FN:152,(anonymous_2)
FNF:3
FNH:3
FNDA:53,(anonymous_0)
FNDA:53,(anonymous_1)
FNDA:53,(anonymous_2)
DA:13,33
DA:23,53
DA:25,53
DA:148,53
DA:153,53
DA:154,53
DA:157,53
LF:7
LH:7
BRF:0
BRH:0
end_of_record
TN:
SF:components/style/motion.ts
FNF:0
FNH:0
LF:0
LH:0
BRF:0
BRH:0
end_of_record
TN:
SF:components/suggestion/index.tsx
FN:46,Suggestion
FN:79,(anonymous_1)
FN:84,(anonymous_2)
FN:93,(anonymous_3)
FN:99,(anonymous_4)
FN:104,(anonymous_5)
FN:114,(anonymous_6)
FN:128,(anonymous_7)
FNF:8
FNH:8
FNDA:41,Suggestion
FNDA:10,(anonymous_1)
FNDA:6,(anonymous_2)
FNDA:2,(anonymous_3)
FNDA:21,(anonymous_4)
FNDA:82,(anonymous_5)
FNDA:2,(anonymous_6)
FNDA:1,(anonymous_7)
DA:11,33
DA:13,33
DA:58,41
DA:61,41
DA:62,41
DA:63,41
DA:65,41
DA:68,41
DA:71,41
DA:74,41
DA:77,41
DA:79,41
DA:80,10
DA:81,10
DA:84,41
DA:85,6
DA:86,1
DA:88,5
DA:89,5
DA:93,41
DA:94,2
DA:98,41
DA:99,21
DA:104,41
DA:105,82
DA:114,41
DA:115,2
DA:116,2
DA:118,2
DA:122,41
DA:125,41
DA:128,41
DA:129,1
DA:130,1
DA:137,41
DA:140,41
DA:141,41
DA:146,41
DA:181,33
DA:182,33
LF:40
LH:40
BRDA:13,0,0,33
BRDA:13,0,1,33
BRDA:13,0,2,33
BRDA:85,1,0,1
BRDA:85,1,1,5
BRDA:99,2,0,3
BRDA:99,2,1,18
BRDA:107,3,0,82
BRDA:107,3,1,9
BRDA:109,4,0,82
BRDA:109,4,1,4
BRDA:115,5,0,2
BRDA:115,5,1,0
BRDA:129,6,0,1
BRDA:129,6,1,0
BRDA:140,7,0,41
BRDA:151,8,0,2
BRDA:151,8,1,39
BRDA:181,9,0,33
BRDA:181,9,1,0
BRF:20
BRH:17
end_of_record
TN:
SF:components/suggestion/useActive.ts
FN:8,useActive
FN:18,(anonymous_1)
FN:23,(anonymous_2)
FN:35,(anonymous_3)
FN:36,(anonymous_4)
FN:38,(anonymous_5)
FN:44,(anonymous_6)
FN:49,(anonymous_7)
FN:57,(anonymous_8)
FN:63,(anonymous_9)
FN:70,(anonymous_10)
FN:119,(anonymous_11)
FNF:12
FNH:12
FNDA:41,useActive
FNDA:7,(anonymous_1)
FNDA:9,(anonymous_2)
FNDA:1,(anonymous_3)
FNDA:2,(anonymous_4)
FNDA:3,(anonymous_5)
FNDA:2,(anonymous_6)
FNDA:2,(anonymous_7)
FNDA:1,(anonymous_8)
FNDA:2,(anonymous_9)
FNDA:13,(anonymous_10)
FNDA:25,(anonymous_11)
DA:15,41
DA:18,41
DA:19,7
DA:21,7
DA:22,5
DA:23,9
DA:25,5
DA:26,0
DA:29,5
DA:32,7
DA:35,41
DA:36,1
DA:37,2
DA:38,3
DA:40,2
DA:44,41
DA:45,2
DA:47,2
DA:48,2
DA:49,2
DA:51,2
DA:53,2
DA:54,2
DA:57,41
DA:58,1
DA:59,1
DA:63,41
DA:64,2
DA:65,2
DA:66,2
DA:70,41
DA:71,13
DA:72,5
DA:75,8
DA:77,1
DA:78,1
DA:79,1
DA:82,1
DA:83,1
DA:84,1
DA:87,2
DA:88,0
DA:90,2
DA:92,2
DA:93,2
DA:96,1
DA:97,0
DA:99,1
DA:101,1
DA:102,1
DA:106,1
DA:107,1
DA:109,1
DA:110,1
DA:113,1
DA:114,1
DA:115,1
DA:119,41
DA:120,25
DA:121,6
DA:125,41
LF:61
LH:58
BRDA:18,0,0,5
BRDA:25,1,0,0
BRDA:25,1,1,5
BRDA:29,2,0,5
BRDA:29,2,1,1
BRDA:45,3,0,2
BRDA:45,3,1,0
BRDA:58,4,0,1
BRDA:58,4,1,0
BRDA:65,5,0,2
BRDA:65,5,1,0
BRDA:71,6,0,5
BRDA:71,6,1,8
BRDA:75,7,0,1
BRDA:75,7,1,1
BRDA:75,7,2,2
BRDA:75,7,3,1
BRDA:75,7,4,1
BRDA:75,7,5,1
BRDA:87,8,0,0
BRDA:87,8,1,2
BRDA:96,9,0,0
BRDA:96,9,1,1
BRDA:106,10,0,1
BRDA:106,10,1,0
BRDA:120,11,0,6
BRDA:120,11,1,19
BRF:27
BRH:20
end_of_record
TN:
SF:components/suggestion/style/index.ts
FN:10,(anonymous_0)
FN:38,(anonymous_1)
FN:42,(anonymous_2)
FNF:3
FNH:3
FNDA:14,(anonymous_0)
FNDA:14,(anonymous_1)
FNDA:14,(anonymous_2)
DA:10,33
DA:11,14
DA:13,14
DA:38,33
DA:43,14
DA:44,14
LF:6
LH:6
BRF:0
BRH:0
end_of_record
TN:
SF:components/theme/components.ts
FNF:0
FNH:0
LF:0
LH:0
BRF:0
BRH:0
end_of_record
TN:
SF:components/theme/cssinjs-utils.ts
FNF:0
FNH:0
LF:0
LH:0
BRF:0
BRH:0
end_of_record
TN:
SF:components/theme/genStyleUtils.ts
FN:14,(anonymous_0)
FN:21,(anonymous_1)
FN:25,(anonymous_2)
FNF:3
FNH:3
FNDA:1115,(anonymous_0)
FNDA:2234,(anonymous_1)
FNDA:1115,(anonymous_2)
DA:9,37
DA:15,1115
DA:16,1115
DA:22,2234
DA:23,2234
DA:26,1115
DA:27,1115
LF:7
LH:7
BRDA:27,0,0,1115
BRDA:27,0,1,1115
BRF:2
BRH:2
end_of_record
TN:
SF:components/theme/useToken.ts
FN:37,(anonymous_0)
FN:58,(anonymous_1)
FN:79,useInternalToken
FN:113,useToken
FNF:4
FNH:3
FNDA:235,(anonymous_0)
FNDA:1,(anonymous_1)
FNDA:2234,useInternalToken
FNDA:0,useToken
DA:13,37
DA:17,37
DA:37,37
DA:44,235
DA:46,235
DA:49,235
DA:55,235
DA:57,235
DA:58,235
DA:59,1
DA:60,1
DA:61,1
DA:62,0
DA:73,1
DA:77,235
DA:92,2234
DA:94,2234
DA:110,2234
DA:114,0
DA:116,0
LF:20
LH:17
BRDA:57,0,0,235
BRDA:57,0,1,0
BRDA:61,1,0,0
BRDA:61,1,1,1
BRDA:89,2,0,844
BRDA:98,3,0,2234
BRDA:98,3,1,2234
BRDA:101,4,0,2234
BRDA:101,4,1,12
BRDA:110,5,0,0
BRDA:110,5,1,2234
BRF:11
BRH:8
end_of_record
TN:
SF:components/thought-chain/Item.tsx
FN:93,(anonymous_0)
FN:132,(anonymous_1)
FN:209,(anonymous_2)
FNF:3
FNH:3
FNDA:132,(anonymous_0)
FNDA:6,(anonymous_1)
FNDA:63,(anonymous_2)
DA:77,33
DA:93,33
DA:94,132
DA:96,132
DA:111,132
DA:114,132
DA:126,132
DA:129,132
DA:132,132
DA:135,132
DA:138,132
DA:210,63
LF:12
LH:12
BRDA:94,0,0,0
BRDA:109,1,0,0
BRDA:110,2,0,0
BRDA:117,3,0,54
BRDA:144,4,0,93
BRDA:144,4,1,39
BRDA:161,5,0,132
BRDA:161,5,1,84
BRDA:168,6,0,6
BRDA:168,6,1,126
BRDA:172,7,0,132
BRDA:172,7,1,84
BRDA:172,7,2,84
BRDA:174,8,0,6
BRDA:174,8,1,78
BRDA:177,9,0,0
BRDA:177,9,1,6
BRDA:182,10,0,15
BRDA:182,10,1,63
BRDA:188,11,0,132
BRDA:188,11,1,125
BRDA:193,12,0,6
BRDA:193,12,1,119
BRDA:204,13,0,132
BRDA:204,13,1,111
BRDA:207,14,0,132
BRDA:207,14,1,102
BRDA:208,15,0,84
BRDA:208,15,1,18
BRDA:226,16,0,132
BRDA:226,16,1,87
BRF:31
BRH:27
end_of_record
TN:
SF:components/thought-chain/index.tsx
FN:61,(anonymous_0)
FN:136,(anonymous_1)
FNF:2
FNH:2
FNDA:59,(anonymous_0)
FNDA:132,(anonymous_1)
DA:61,33
DA:73,59
DA:75,59
DA:82,59
DA:84,59
DA:86,59
DA:89,59
DA:92,59
DA:99,59
DA:101,59
DA:115,59
DA:137,132
DA:154,33
DA:155,33
LF:14
LH:14
BRDA:68,0,0,59
BRDA:70,1,0,59
BRDA:71,2,0,56
BRDA:138,3,0,132
BRDA:138,3,1,54
BRDA:143,4,0,132
BRDA:143,4,1,36
BRDA:146,5,0,132
BRDA:146,5,1,72
BRDA:154,6,0,33
BRDA:154,6,1,0
BRF:11
BRH:10
end_of_record
TN:
SF:components/thought-chain/hooks/useCollapsible.ts
FN:36,(anonymous_0)
FN:40,(anonymous_1)
FN:43,(anonymous_2)
FN:66,(anonymous_3)
FN:67,(anonymous_4)
FN:70,(anonymous_5)
FN:78,(anonymous_6)
FNF:7
FNH:7
FNDA:59,(anonymous_0)
FNDA:49,(anonymous_1)
FNDA:3,(anonymous_2)
FNDA:6,(anonymous_3)
FNDA:12,(anonymous_4)
FNDA:6,(anonymous_5)
FNDA:45,(anonymous_6)
DA:36,33
DA:38,59
DA:40,59
DA:41,49
DA:46,49
DA:47,27
DA:50,22
DA:51,13
DA:54,22
DA:58,59
DA:66,59
DA:67,6
DA:68,12
DA:69,12
DA:70,6
DA:72,12
DA:73,12
DA:78,59
DA:79,45
DA:81,18
DA:89,59
LF:21
LH:21
BRDA:38,0,0,59
BRDA:38,0,1,48
BRDA:46,1,0,27
BRDA:46,1,1,22
BRDA:50,2,0,13
BRDA:50,2,1,9
BRDA:61,3,0,44
BRDA:61,3,1,15
BRDA:68,4,0,4
BRDA:68,4,1,8
BRDA:69,5,0,6
BRDA:69,5,1,6
BRDA:79,6,0,27
BRDA:79,6,1,18
BRDA:92,7,0,30
BRDA:92,7,1,29
BRF:16
BRH:16
end_of_record
TN:
SF:components/thought-chain/style/index.ts
FN:54,(anonymous_0)
FN:66,(anonymous_1)
FN:69,(anonymous_2)
FN:91,(anonymous_3)
FN:148,(anonymous_4)
FN:217,(anonymous_5)
FN:258,(anonymous_6)
FN:278,(anonymous_7)
FNF:8
FNH:8
FNDA:31,(anonymous_0)
FNDA:93,(anonymous_1)
FNDA:279,(anonymous_2)
FNDA:93,(anonymous_3)
FNDA:93,(anonymous_4)
FNDA:93,(anonymous_5)
FNDA:31,(anonymous_6)
FNDA:31,(anonymous_7)
DA:54,33
DA:55,31
DA:56,31
DA:58,31
DA:64,31
DA:66,31
DA:67,93
DA:69,93
DA:70,279
DA:72,279
DA:79,279
DA:87,93
DA:91,33
DA:92,93
DA:93,93
DA:95,93
DA:104,93
DA:148,33
DA:149,93
DA:150,93
DA:152,93
DA:217,33
DA:221,93
DA:223,93
DA:241,93
DA:258,33
DA:259,31
DA:261,31
DA:279,31
DA:297,31
LF:30
LH:30
BRDA:72,0,0,93
BRDA:72,0,1,186
BRDA:219,1,0,31
BRF:3
BRH:3
end_of_record
TN:
SF:components/use-x-agent/index.ts
FN:42,(anonymous_0)
FN:46,(anonymous_1)
FN:50,(anonymous_2)
FN:61,(anonymous_3)
FN:68,(anonymous_4)
FN:73,(anonymous_5)
FN:79,(anonymous_6)
FN:90,(anonymous_7)
FN:95,useXAgent
FN:103,(anonymous_9)
FNF:10
FNH:10
FNDA:43,(anonymous_0)
FNDA:10,(anonymous_1)
FNDA:16,(anonymous_2)
FNDA:3,(anonymous_3)
FNDA:8,(anonymous_4)
FNDA:8,(anonymous_5)
FNDA:4,(anonymous_6)
FNDA:7,(anonymous_7)
FNDA:83,useXAgent
FNDA:43,(anonymous_9)
DA:34,35
DA:40,43
DA:43,43
DA:47,10
DA:50,43
DA:51,16
DA:52,16
DA:54,16
DA:55,16
DA:56,16
DA:58,16
DA:62,3
DA:63,2
DA:69,8
DA:70,7
DA:74,8
DA:75,6
DA:76,6
DA:80,4
DA:81,4
DA:82,4
DA:91,7
DA:100,83
DA:102,83
DA:104,43
LF:25
LH:25
BRDA:62,0,0,2
BRDA:62,0,1,1
BRDA:69,1,0,7
BRDA:69,1,1,1
BRDA:74,2,0,6
BRDA:74,2,1,2
BRDA:80,3,0,4
BRDA:80,3,1,0
BRDA:107,4,0,43
BRDA:107,4,1,5
BRF:10
BRH:9
end_of_record
TN:
SF:components/use-x-chat/index.ts
FN:73,toArray
FN:77,useXChat
FN:97,(anonymous_2)
FN:98,(anonymous_3)
FN:105,(anonymous_4)
FN:118,(anonymous_5)
FN:121,(anonymous_6)
FN:125,(anonymous_7)
FN:143,(anonymous_8)
FN:145,(anonymous_9)
FN:146,(anonymous_10)
FN:149,(anonymous_11)
FN:151,(anonymous_12)
FN:171,(anonymous_13)
FN:190,(anonymous_14)
FN:213,(anonymous_15)
FN:214,(anonymous_16)
FN:219,(anonymous_17)
FN:220,(anonymous_18)
FN:226,(anonymous_19)
FN:227,(anonymous_20)
FN:255,(anonymous_21)
FN:258,(anonymous_22)
FN:261,(anonymous_23)
FN:275,(anonymous_24)
FN:276,(anonymous_25)
FN:281,(anonymous_26)
FN:282,(anonymous_27)
FN:286,(anonymous_28)
FNF:29
FNH:29
FNDA:69,toArray
FNDA:74,useXChat
FNDA:74,(anonymous_2)
FNDA:5,(anonymous_3)
FNDA:22,(anonymous_4)
FNDA:74,(anonymous_5)
FNDA:69,(anonymous_6)
FNDA:71,(anonymous_7)
FNDA:15,(anonymous_8)
FNDA:17,(anonymous_9)
FNDA:15,(anonymous_10)
FNDA:14,(anonymous_11)
FNDA:8,(anonymous_12)
FNDA:14,(anonymous_13)
FNDA:13,(anonymous_14)
FNDA:8,(anonymous_15)
FNDA:11,(anonymous_16)
FNDA:5,(anonymous_17)
FNDA:5,(anonymous_18)
FNDA:3,(anonymous_19)
FNDA:6,(anonymous_20)
FNDA:4,(anonymous_21)
FNDA:4,(anonymous_22)
FNDA:3,(anonymous_23)
FNDA:2,(anonymous_24)
FNDA:2,(anonymous_25)
FNDA:1,(anonymous_26)
FNDA:2,(anonymous_27)
FNDA:1,(anonymous_28)
DA:74,69
DA:92,74
DA:95,74
DA:97,74
DA:98,74
DA:105,74
DA:106,22
DA:112,22
DA:114,22
DA:118,74
DA:119,74
DA:121,74
DA:122,69
DA:123,69
DA:125,69
DA:126,71
DA:127,71
DA:128,4
DA:131,71
DA:139,74
DA:143,74
DA:144,15
DA:145,17
DA:146,15
DA:149,74
DA:151,74
DA:152,8
DA:153,8
DA:154,2
DA:159,6
DA:160,3
DA:163,3
DA:164,2
DA:165,2
DA:168,1
DA:171,74
DA:172,14
DA:173,1
DA:177,13
DA:179,13
DA:181,13
DA:183,1
DA:184,1
DA:185,1
DA:187,12
DA:190,13
DA:191,13
DA:192,13
DA:194,2
DA:196,1
DA:200,1
DA:202,2
DA:203,2
DA:205,2
DA:208,13
DA:212,13
DA:213,13
DA:214,11
DA:215,8
DA:217,5
DA:218,5
DA:219,5
DA:220,5
DA:221,5
DA:223,5
DA:226,3
DA:227,3
DA:228,6
DA:229,3
DA:235,3
DA:241,3
DA:246,8
DA:248,13
DA:256,4
DA:259,4
DA:262,3
DA:265,2
DA:267,1
DA:272,1
DA:275,2
DA:276,2
DA:281,1
DA:282,2
DA:287,1
DA:294,74
LF:85
LH:85
BRDA:74,0,0,3
BRDA:74,0,1,66
BRDA:98,1,0,74
BRDA:98,1,1,69
BRDA:122,2,0,3
BRDA:122,2,1,66
BRDA:127,3,0,4
BRDA:127,3,1,67
BRDA:145,4,0,17
BRDA:145,4,1,15
BRDA:153,5,0,2
BRDA:153,5,1,6
BRDA:159,6,0,3
BRDA:159,6,1,3
BRDA:163,7,0,2
BRDA:163,7,1,1
BRDA:164,8,0,2
BRDA:164,8,1,0
BRDA:165,9,0,1
BRDA:165,9,1,1
BRDA:172,10,0,1
BRDA:172,10,1,13
BRDA:181,11,0,1
BRDA:181,11,1,12
BRDA:181,12,0,13
BRDA:181,12,1,13
BRDA:181,12,2,1
BRDA:192,13,0,2
BRDA:192,13,1,11
BRDA:194,14,0,1
BRDA:194,14,1,1
BRDA:215,15,0,5
BRDA:215,15,1,3
BRDA:228,16,0,3
BRDA:228,16,1,3
BRDA:262,17,0,2
BRDA:262,17,1,1
BRDA:265,18,0,1
BRDA:265,18,1,1
BRDA:276,19,0,2
BRDA:276,19,1,2
BRDA:282,20,0,2
BRDA:282,20,1,2
BRF:43
BRH:42
end_of_record
TN:
SF:components/use-x-chat/useSyncState.ts
FN:6,useSyncState
FN:13,(anonymous_1)
FN:17,(anonymous_2)
FN:20,(anonymous_3)
FNF:4
FNH:4
FNDA:96,useSyncState
FNDA:29,(anonymous_1)
FNDA:58,(anonymous_2)
FNDA:24,(anonymous_3)
DA:7,96
DA:9,96
DA:13,96
DA:14,29
DA:17,58
DA:20,96
DA:22,96
LF:7
LH:7
BRDA:10,0,0,76
BRDA:10,0,1,20
BRDA:15,1,0,26
BRDA:15,1,1,3
BRF:4
BRH:4
end_of_record
TN:
SF:components/version/index.ts
FNF:0
FNH:0
LF:0
LH:0
BRF:0
BRH:0
end_of_record
TN:
SF:components/version/version.ts
FNF:0
FNH:0
LF:0
LH:0
BRF:0
BRH:0
end_of_record
TN:
SF:components/welcome/index.tsx
FN:30,Welcome
FN:60,(anonymous_1)
FN:79,(anonymous_2)
FN:99,(anonymous_3)
FNF:4
FNH:4
FNDA:20,Welcome
FNDA:18,(anonymous_1)
FNDA:18,(anonymous_2)
FNDA:18,(anonymous_3)
DA:47,20
DA:50,20
DA:51,20
DA:54,20
DA:57,20
DA:60,20
DA:61,18
DA:62,6
DA:65,12
DA:66,12
DA:67,12
DA:69,12
DA:79,20
DA:80,18
DA:81,6
DA:84,12
DA:99,20
DA:100,18
DA:101,15
DA:104,3
DA:119,20
DA:169,33
DA:171,33
DA:172,33
LF:24
LH:24
BRDA:36,0,0,17
BRDA:39,1,0,20
BRDA:40,2,0,20
BRDA:61,3,0,6
BRDA:61,3,1,12
BRDA:66,4,0,12
BRDA:66,4,1,0
BRDA:66,5,0,12
BRDA:66,5,1,12
BRDA:80,6,0,6
BRDA:80,6,1,12
BRDA:100,7,0,15
BRDA:100,7,1,3
BRDA:142,8,0,3
BRDA:142,8,1,17
BRDA:152,9,0,20
BRDA:152,9,1,12
BRDA:171,10,0,33
BRDA:171,10,1,0
BRF:19
BRH:17
end_of_record
TN:
SF:components/welcome/style/index.ts
FN:10,(anonymous_0)
FN:51,(anonymous_1)
FN:75,(anonymous_2)
FN:79,(anonymous_3)
FNF:4
FNH:4
FNDA:11,(anonymous_0)
FNDA:11,(anonymous_1)
FNDA:11,(anonymous_2)
FNDA:11,(anonymous_3)
DA:10,33
DA:11,11
DA:13,11
DA:14,11
DA:16,11
DA:51,33
DA:52,11
DA:54,11
DA:75,33
DA:80,11
DA:81,11
LF:11
LH:11
BRF:0
BRH:0
end_of_record
TN:
SF:components/x-provider/context.ts
FNF:0
FNH:0
DA:41,37
LF:1
LH:1
BRF:0
BRH:0
end_of_record
TN:
SF:components/x-provider/index.tsx
FN:10,(anonymous_0)
FN:24,(anonymous_1)
FNF:2
FNH:2
FNDA:245,(anonymous_0)
FNDA:243,(anonymous_1)
DA:10,37
DA:22,245
DA:24,245
DA:25,243
DA:39,245
DA:58,37
DA:59,37
LF:7
LH:7
BRDA:58,0,0,37
BRDA:58,0,1,0
BRF:2
BRH:1
end_of_record
TN:
SF:components/x-provider/hooks/use-x-provider-context.ts
FN:6,useXProviderContext
FNF:1
FNH:1
FNDA:3353,useXProviderContext
DA:4,37
DA:7,3353
DA:11,3353
LF:3
LH:3
BRF:0
BRH:0
end_of_record
TN:
SF:components/x-request/index.ts
FN:107,(anonymous_0)
FN:121,(anonymous_1)
FN:128,(anonymous_2)
FN:183,(anonymous_3)
FN:201,(anonymous_4)
FN:216,(anonymous_5)
FNF:6
FNH:6
FNDA:18,(anonymous_0)
FNDA:19,(anonymous_1)
FNDA:6,(anonymous_2)
FNDA:2,(anonymous_3)
FNDA:1,(anonymous_4)
FNDA:1,(anonymous_5)
DA:108,18
DA:110,18
DA:111,18
DA:112,18
DA:118,18
DA:122,19
DA:123,1
DA:125,18
DA:128,18
DA:133,6
DA:134,6
DA:144,6
DA:146,6
DA:147,6
DA:152,5
DA:153,2
DA:154,1
DA:157,3
DA:159,3
DA:161,3
DA:164,1
DA:165,1
DA:169,1
DA:170,1
DA:173,1
DA:176,3
DA:178,3
DA:179,3
DA:183,18
DA:188,2
DA:190,2
DA:194,2
DA:195,2
DA:198,1
DA:201,18
DA:205,1
DA:206,1
DA:209,1
DA:210,1
DA:211,1
DA:213,1
DA:216,18
DA:220,1
DA:222,1
DA:223,1
DA:227,36
LF:46
LH:46
BRDA:114,0,0,18
BRDA:114,0,1,13
BRDA:122,1,0,1
BRDA:122,1,1,18
BRDA:122,2,0,19
BRDA:122,2,1,18
BRDA:152,3,0,2
BRDA:152,3,1,3
BRDA:157,4,0,3
BRDA:157,4,1,0
BRDA:161,5,0,1
BRDA:161,5,1,1
BRDA:161,5,2,1
BRDA:176,6,0,3
BRDA:176,6,1,0
BRF:15
BRH:13
end_of_record
TN:
SF:components/x-request/x-fetch.ts
FN:23,(anonymous_0)
FNF:1
FNH:1
FNDA:7,(anonymous_0)
DA:23,36
DA:24,7
DA:26,7
DA:27,1
DA:31,6
DA:34,6
DA:35,1
DA:37,1
DA:41,6
DA:44,6
DA:45,2
DA:47,2
DA:48,1
DA:51,1
DA:55,5
DA:56,1
DA:59,4
DA:60,1
DA:64,3
LF:19
LH:19
BRDA:23,0,0,4
BRDA:24,1,0,6
BRDA:24,2,0,5
BRDA:26,3,0,1
BRDA:26,3,1,6
BRDA:34,4,0,1
BRDA:34,4,1,5
BRDA:44,5,0,2
BRDA:44,5,1,4
BRDA:47,6,0,1
BRDA:47,6,1,1
BRDA:55,7,0,1
BRDA:55,7,1,4
BRDA:59,8,0,1
BRDA:59,8,1,3
BRF:15
BRH:15
end_of_record
TN:
SF:components/x-stream/index.ts
FN:19,(anonymous_0)
FN:33,splitStream
FN:38,(anonymous_2)
FN:45,(anonymous_3)
FN:55,(anonymous_4)
FN:90,splitPart
FN:92,(anonymous_6)
FN:96,(anonymous_7)
FN:146,XStream
FN:174,(anonymous_9)
FNF:10
FNH:10
FNDA:23,(anonymous_0)
FNDA:5,splitStream
FNDA:7,(anonymous_2)
FNDA:8,(anonymous_3)
FNDA:5,(anonymous_4)
FNDA:5,splitPart
FNDA:8,(anonymous_6)
FNDA:11,(anonymous_7)
FNDA:9,XStream
FNDA:7,(anonymous_9)
DA:4,37
DA:9,37
DA:14,37
DA:19,37
DA:35,5
DA:37,5
DA:39,7
DA:42,7
DA:45,7
DA:47,8
DA:48,8
DA:53,7
DA:57,5
DA:58,2
DA:91,5
DA:94,8
DA:96,8
DA:97,11
DA:99,11
DA:100,1
DA:106,10
DA:109,10
DA:112,9
DA:114,9
DA:117,7
DA:120,6
DA:147,9
DA:149,9
DA:150,1
DA:154,8
DA:156,8
DA:174,8
DA:175,7
DA:177,7
DA:178,18
DA:180,16
DA:182,11
DA:185,10
DA:189,8
LF:39
LH:39
BRDA:19,0,0,23
BRDA:19,0,1,0
BRDA:47,1,0,8
BRDA:47,1,1,0
BRDA:57,2,0,2
BRDA:57,2,1,3
BRDA:99,3,0,1
BRDA:99,3,1,10
BRDA:109,4,0,1
BRDA:109,4,1,9
BRDA:117,5,0,1
BRDA:117,5,1,6
BRDA:149,6,0,1
BRDA:149,6,1,8
BRDA:157,7,0,3
BRDA:157,7,1,5
BRDA:180,8,0,5
BRDA:180,8,1,11
BRDA:182,9,0,1
BRDA:182,9,1,10
BRF:20
BRH:18
end_of_record
